<?xml version="1.0" encoding="UTF-8"?>
<testsuite name="Proceso de agendamiento de servicios" tests="1" skipped="0" failures="0" errors="0" timestamp="2023-10-03T23:12:02" hostname="LTBG60836" time="49.894">
  <properties/>
  <testcase name="Crear una orden de servicio desde el call center" classname="Proceso de agendamiento de servicios" time="49.894"/>
  <system-out><![CDATA[]]></system-out>
  <system-err><![CDATA[[Test worker] WARN net.thucydides.core.steps.BaseStepListener - stepStarted: net.thucydides.core.steps.ExecutedStepDescription@3b9d6699
[Test worker] WARN net.thucydides.core.steps.BaseStepListener - stepStarted: net.thucydides.core.steps.ExecutedStepDescription@314c8b4a
[Test worker] WARN net.thucydides.core.steps.BaseStepListener - stepStarted: net.thucydides.core.steps.ExecutedStepDescription@78b41097
[Test worker] WARN net.thucydides.core.steps.BaseStepListener - stepStarted: net.thucydides.core.steps.ExecutedStepDescription@4682eba5
oct 03, 2023 6:12:03 PM org.openqa.selenium.remote.DesiredCapabilities chrome
INFORMACIÓN: Using `new ChromeOptions()` is preferred to `DesiredCapabilities.chrome()`
[Test worker] INFO net.serenitybdd.core.webdriver.driverproviders.ProvideNewDriver - Instantiating driver
[Test worker] INFO net.serenitybdd.core.webdriver.driverproviders.ProvideNewDriver - Driver capabilities: Capabilities {acceptInsecureCerts: false, acceptSslCerts: true, browserName: chrome, chrome.switches: --disable-extensions,--star..., goog:chromeOptions: {args: [--disable-extensions, --start-maximized, --test-type, --user-agent=New User Agent], extensions: [], prefs: {pdfjs.disabled: true, profile_default_content_settings.popups: 0}}, handlesAlerts: true, loggingPrefs: org.openqa.selenium.logging..., platform: ANY, version: }
Starting ChromeDriver 116.0.5845.96 (1a391816688002153ef791ffe60d9e899a71a037-refs/branch-heads/5845@{#1382}) on port 21675
Only local connections are allowed.
Please see https://chromedriver.chromium.org/security-considerations for suggestions on keeping ChromeDriver safe.
ChromeDriver was started successfully.
[1696374727.451][WARNING]: This version of ChromeDriver has not been tested with Chrome version 117.
oct 03, 2023 6:12:08 PM org.openqa.selenium.remote.ProtocolHandshake createSession
INFORMACIÓN: Detected dialect: W3C
[Test worker] WARN net.thucydides.core.steps.BaseStepListener - stepFinished: current outcome:Crear una orden de servicio desde el call center:Example: {TipoID=Cedula de ciudadanía, Identificacion=1012835816, CodigoCliente=CC-123, Nombre=Juan Perez, Email=juan@example.com, Celular=1234567890, CodigoServicio=SERV-001, ClaseServicio=Clase A, TipoServicio=Tipo A, Prioridad=Alta, HoraInicio=09:00, HoraFin=13:00, Zonas=Zona 1, Observacion=Servicio de prueba, Serial=1234567, Productos=Producto X, Falla=Falla Y, Ubicacion=Cl. 118 #19-52, Complemento=Usaquén, Bogotá} [Dado que en el call center se desea crear una orden de servicio con los siguientes datos
| Tipo Identificacion | Identificacion | Codigo cliente | Nombre | Correo electronico | Celular | Ubicacion | Complemento |
| Cedula de ciudadanía | 1012835816 | CC-123 | Juan Perez | juan@example.com | 1234567890 | Cl. 118 #19-52 | Usaquén, Bogotá | [Automatizador ts crear servicio [Automatizador is abrir pagina [Automatizador opens the Object abrir pagina]]]]
[Test worker] WARN net.thucydides.core.steps.BaseStepListener - stepFinished: current outcome:Crear una orden de servicio desde el call center:Example: {TipoID=Cedula de ciudadanía, Identificacion=1012835816, CodigoCliente=CC-123, Nombre=Juan Perez, Email=juan@example.com, Celular=1234567890, CodigoServicio=SERV-001, ClaseServicio=Clase A, TipoServicio=Tipo A, Prioridad=Alta, HoraInicio=09:00, HoraFin=13:00, Zonas=Zona 1, Observacion=Servicio de prueba, Serial=1234567, Productos=Producto X, Falla=Falla Y, Ubicacion=Cl. 118 #19-52, Complemento=Usaquén, Bogotá} [Dado que en el call center se desea crear una orden de servicio con los siguientes datos
| Tipo Identificacion | Identificacion | Codigo cliente | Nombre | Correo electronico | Celular | Ubicacion | Complemento |
| Cedula de ciudadanía | 1012835816 | CC-123 | Juan Perez | juan@example.com | 1234567890 | Cl. 118 #19-52 | Usaquén, Bogotá | [Automatizador ts crear servicio [Automatizador is abrir pagina [Automatizador opens the Object abrir pagina]]]]
[Test worker] WARN net.thucydides.core.steps.BaseStepListener - stepStarted: net.thucydides.core.steps.ExecutedStepDescription@5f05c8d6
[Test worker] WARN net.thucydides.core.steps.BaseStepListener - stepStarted: net.thucydides.core.steps.ExecutedStepDescription@da28d03
[Test worker] WARN net.thucydides.core.steps.BaseStepListener - stepFinished: current outcome:Crear una orden de servicio desde el call center:Example: {TipoID=Cedula de ciudadanía, Identificacion=1012835816, CodigoCliente=CC-123, Nombre=Juan Perez, Email=juan@example.com, Celular=1234567890, CodigoServicio=SERV-001, ClaseServicio=Clase A, TipoServicio=Tipo A, Prioridad=Alta, HoraInicio=09:00, HoraFin=13:00, Zonas=Zona 1, Observacion=Servicio de prueba, Serial=1234567, Productos=Producto X, Falla=Falla Y, Ubicacion=Cl. 118 #19-52, Complemento=Usaquén, Bogotá} [Dado que en el call center se desea crear una orden de servicio con los siguientes datos
| Tipo Identificacion | Identificacion | Codigo cliente | Nombre | Correo electronico | Celular | Ubicacion | Complemento |
| Cedula de ciudadanía | 1012835816 | CC-123 | Juan Perez | juan@example.com | 1234567890 | Cl. 118 #19-52 | Usaquén, Bogotá | [Automatizador ts crear servicio [Automatizador is abrir pagina [Automatizador opens the Object abrir pagina], Automatizador is login [Automatizador enters 'Automatizador' into Ingrese su usuario]]]]
[Test worker] WARN net.thucydides.core.steps.BaseStepListener - stepStarted: net.thucydides.core.steps.ExecutedStepDescription@73613ae5
[Test worker] WARN net.thucydides.core.steps.BaseStepListener - stepFinished: current outcome:Crear una orden de servicio desde el call center:Example: {TipoID=Cedula de ciudadanía, Identificacion=1012835816, CodigoCliente=CC-123, Nombre=Juan Perez, Email=juan@example.com, Celular=1234567890, CodigoServicio=SERV-001, ClaseServicio=Clase A, TipoServicio=Tipo A, Prioridad=Alta, HoraInicio=09:00, HoraFin=13:00, Zonas=Zona 1, Observacion=Servicio de prueba, Serial=1234567, Productos=Producto X, Falla=Falla Y, Ubicacion=Cl. 118 #19-52, Complemento=Usaquén, Bogotá} [Dado que en el call center se desea crear una orden de servicio con los siguientes datos
| Tipo Identificacion | Identificacion | Codigo cliente | Nombre | Correo electronico | Celular | Ubicacion | Complemento |
| Cedula de ciudadanía | 1012835816 | CC-123 | Juan Perez | juan@example.com | 1234567890 | Cl. 118 #19-52 | Usaquén, Bogotá | [Automatizador ts crear servicio [Automatizador is abrir pagina [Automatizador opens the Object abrir pagina], Automatizador is login [Automatizador enters 'Automatizador' into Ingrese su usuario, Automatizador enters 'Demo123*' into Ingrese su contrasenia]]]]
[Test worker] WARN net.thucydides.core.steps.BaseStepListener - stepStarted: net.thucydides.core.steps.ExecutedStepDescription@30db5536
[Test worker] WARN net.thucydides.core.steps.BaseStepListener - stepFinished: current outcome:Crear una orden de servicio desde el call center:Example: {TipoID=Cedula de ciudadanía, Identificacion=1012835816, CodigoCliente=CC-123, Nombre=Juan Perez, Email=juan@example.com, Celular=1234567890, CodigoServicio=SERV-001, ClaseServicio=Clase A, TipoServicio=Tipo A, Prioridad=Alta, HoraInicio=09:00, HoraFin=13:00, Zonas=Zona 1, Observacion=Servicio de prueba, Serial=1234567, Productos=Producto X, Falla=Falla Y, Ubicacion=Cl. 118 #19-52, Complemento=Usaquén, Bogotá} [Dado que en el call center se desea crear una orden de servicio con los siguientes datos
| Tipo Identificacion | Identificacion | Codigo cliente | Nombre | Correo electronico | Celular | Ubicacion | Complemento |
| Cedula de ciudadanía | 1012835816 | CC-123 | Juan Perez | juan@example.com | 1234567890 | Cl. 118 #19-52 | Usaquén, Bogotá | [Automatizador ts crear servicio [Automatizador is abrir pagina [Automatizador opens the Object abrir pagina], Automatizador is login [Automatizador enters 'Automatizador' into Ingrese su usuario, Automatizador enters 'Demo123*' into Ingrese su contrasenia, Automatizador clicks on Iniciar Sesión]]]]
[Test worker] WARN net.thucydides.core.steps.BaseStepListener - stepStarted: net.thucydides.core.steps.ExecutedStepDescription@7e87ef9e
[Test worker] WARN net.thucydides.core.steps.BaseStepListener - stepFinished: current outcome:Crear una orden de servicio desde el call center:Example: {TipoID=Cedula de ciudadanía, Identificacion=1012835816, CodigoCliente=CC-123, Nombre=Juan Perez, Email=juan@example.com, Celular=1234567890, CodigoServicio=SERV-001, ClaseServicio=Clase A, TipoServicio=Tipo A, Prioridad=Alta, HoraInicio=09:00, HoraFin=13:00, Zonas=Zona 1, Observacion=Servicio de prueba, Serial=1234567, Productos=Producto X, Falla=Falla Y, Ubicacion=Cl. 118 #19-52, Complemento=Usaquén, Bogotá} [Dado que en el call center se desea crear una orden de servicio con los siguientes datos
| Tipo Identificacion | Identificacion | Codigo cliente | Nombre | Correo electronico | Celular | Ubicacion | Complemento |
| Cedula de ciudadanía | 1012835816 | CC-123 | Juan Perez | juan@example.com | 1234567890 | Cl. 118 #19-52 | Usaquén, Bogotá | [Automatizador ts crear servicio [Automatizador is abrir pagina [Automatizador opens the Object abrir pagina], Automatizador is login [Automatizador enters 'Automatizador' into Ingrese su usuario, Automatizador enters 'Demo123*' into Ingrese su contrasenia, Automatizador clicks on Iniciar Sesión, Then qs login should be a value equal to '1.5.7']]]]
[Test worker] WARN net.thucydides.core.steps.BaseStepListener - stepFinished: current outcome:Crear una orden de servicio desde el call center:Example: {TipoID=Cedula de ciudadanía, Identificacion=1012835816, CodigoCliente=CC-123, Nombre=Juan Perez, Email=juan@example.com, Celular=1234567890, CodigoServicio=SERV-001, ClaseServicio=Clase A, TipoServicio=Tipo A, Prioridad=Alta, HoraInicio=09:00, HoraFin=13:00, Zonas=Zona 1, Observacion=Servicio de prueba, Serial=1234567, Productos=Producto X, Falla=Falla Y, Ubicacion=Cl. 118 #19-52, Complemento=Usaquén, Bogotá} [Dado que en el call center se desea crear una orden de servicio con los siguientes datos
| Tipo Identificacion | Identificacion | Codigo cliente | Nombre | Correo electronico | Celular | Ubicacion | Complemento |
| Cedula de ciudadanía | 1012835816 | CC-123 | Juan Perez | juan@example.com | 1234567890 | Cl. 118 #19-52 | Usaquén, Bogotá | [Automatizador ts crear servicio [Automatizador is abrir pagina [Automatizador opens the Object abrir pagina], Automatizador is login [Automatizador enters 'Automatizador' into Ingrese su usuario, Automatizador enters 'Demo123*' into Ingrese su contrasenia, Automatizador clicks on Iniciar Sesión, Then qs login should be a value equal to '1.5.7']]]]
[Test worker] WARN net.thucydides.core.steps.BaseStepListener - stepStarted: net.thucydides.core.steps.ExecutedStepDescription@5ad6cc21
[Test worker] WARN net.thucydides.core.steps.BaseStepListener - stepFinished: current outcome:Crear una orden de servicio desde el call center:Example: {TipoID=Cedula de ciudadanía, Identificacion=1012835816, CodigoCliente=CC-123, Nombre=Juan Perez, Email=juan@example.com, Celular=1234567890, CodigoServicio=SERV-001, ClaseServicio=Clase A, TipoServicio=Tipo A, Prioridad=Alta, HoraInicio=09:00, HoraFin=13:00, Zonas=Zona 1, Observacion=Servicio de prueba, Serial=1234567, Productos=Producto X, Falla=Falla Y, Ubicacion=Cl. 118 #19-52, Complemento=Usaquén, Bogotá} [Dado que en el call center se desea crear una orden de servicio con los siguientes datos
| Tipo Identificacion | Identificacion | Codigo cliente | Nombre | Correo electronico | Celular | Ubicacion | Complemento |
| Cedula de ciudadanía | 1012835816 | CC-123 | Juan Perez | juan@example.com | 1234567890 | Cl. 118 #19-52 | Usaquén, Bogotá | [Automatizador ts crear servicio [Automatizador is abrir pagina [Automatizador opens the Object abrir pagina], Automatizador is login [Automatizador enters 'Automatizador' into Ingrese su usuario, Automatizador enters 'Demo123*' into Ingrese su contrasenia, Automatizador clicks on Iniciar Sesión, Then qs login should be a value equal to '1.5.7'], Automatizador clicks on Modulo principal de Smartwork]]]
[Test worker] WARN net.thucydides.core.steps.BaseStepListener - stepStarted: net.thucydides.core.steps.ExecutedStepDescription@626d2016
[Test worker] WARN net.thucydides.core.steps.BaseStepListener - stepFinished: current outcome:Crear una orden de servicio desde el call center:Example: {TipoID=Cedula de ciudadanía, Identificacion=1012835816, CodigoCliente=CC-123, Nombre=Juan Perez, Email=juan@example.com, Celular=1234567890, CodigoServicio=SERV-001, ClaseServicio=Clase A, TipoServicio=Tipo A, Prioridad=Alta, HoraInicio=09:00, HoraFin=13:00, Zonas=Zona 1, Observacion=Servicio de prueba, Serial=1234567, Productos=Producto X, Falla=Falla Y, Ubicacion=Cl. 118 #19-52, Complemento=Usaquén, Bogotá} [Dado que en el call center se desea crear una orden de servicio con los siguientes datos
| Tipo Identificacion | Identificacion | Codigo cliente | Nombre | Correo electronico | Celular | Ubicacion | Complemento |
| Cedula de ciudadanía | 1012835816 | CC-123 | Juan Perez | juan@example.com | 1234567890 | Cl. 118 #19-52 | Usaquén, Bogotá | [Automatizador ts crear servicio [Automatizador is abrir pagina [Automatizador opens the Object abrir pagina], Automatizador is login [Automatizador enters 'Automatizador' into Ingrese su usuario, Automatizador enters 'Demo123*' into Ingrese su contrasenia, Automatizador clicks on Iniciar Sesión, Then qs login should be a value equal to '1.5.7'], Automatizador clicks on Modulo principal de Smartwork, Automatizador clicks on Sub-Modulo principal de Gestión de servicios]]]
[Test worker] WARN net.thucydides.core.steps.BaseStepListener - stepStarted: net.thucydides.core.steps.ExecutedStepDescription@1f782c05
[Test worker] WARN net.thucydides.core.steps.BaseStepListener - stepFinished: current outcome:Crear una orden de servicio desde el call center:Example: {TipoID=Cedula de ciudadanía, Identificacion=1012835816, CodigoCliente=CC-123, Nombre=Juan Perez, Email=juan@example.com, Celular=1234567890, CodigoServicio=SERV-001, ClaseServicio=Clase A, TipoServicio=Tipo A, Prioridad=Alta, HoraInicio=09:00, HoraFin=13:00, Zonas=Zona 1, Observacion=Servicio de prueba, Serial=1234567, Productos=Producto X, Falla=Falla Y, Ubicacion=Cl. 118 #19-52, Complemento=Usaquén, Bogotá} [Dado que en el call center se desea crear una orden de servicio con los siguientes datos
| Tipo Identificacion | Identificacion | Codigo cliente | Nombre | Correo electronico | Celular | Ubicacion | Complemento |
| Cedula de ciudadanía | 1012835816 | CC-123 | Juan Perez | juan@example.com | 1234567890 | Cl. 118 #19-52 | Usaquén, Bogotá | [Automatizador ts crear servicio [Automatizador is abrir pagina [Automatizador opens the Object abrir pagina], Automatizador is login [Automatizador enters 'Automatizador' into Ingrese su usuario, Automatizador enters 'Demo123*' into Ingrese su contrasenia, Automatizador clicks on Iniciar Sesión, Then qs login should be a value equal to '1.5.7'], Automatizador clicks on Modulo principal de Smartwork, Automatizador clicks on Sub-Modulo principal de Gestión de servicios, Automatizador clicks on Botón +  de crear el servicio]]]
[Test worker] WARN net.thucydides.core.steps.BaseStepListener - stepStarted: net.thucydides.core.steps.ExecutedStepDescription@1283ca23
[Test worker] WARN net.thucydides.core.steps.BaseStepListener - stepFinished: current outcome:Crear una orden de servicio desde el call center:Example: {TipoID=Cedula de ciudadanía, Identificacion=1012835816, CodigoCliente=CC-123, Nombre=Juan Perez, Email=juan@example.com, Celular=1234567890, CodigoServicio=SERV-001, ClaseServicio=Clase A, TipoServicio=Tipo A, Prioridad=Alta, HoraInicio=09:00, HoraFin=13:00, Zonas=Zona 1, Observacion=Servicio de prueba, Serial=1234567, Productos=Producto X, Falla=Falla Y, Ubicacion=Cl. 118 #19-52, Complemento=Usaquén, Bogotá} [Dado que en el call center se desea crear una orden de servicio con los siguientes datos
| Tipo Identificacion | Identificacion | Codigo cliente | Nombre | Correo electronico | Celular | Ubicacion | Complemento |
| Cedula de ciudadanía | 1012835816 | CC-123 | Juan Perez | juan@example.com | 1234567890 | Cl. 118 #19-52 | Usaquén, Bogotá | [Automatizador ts crear servicio [Automatizador is abrir pagina [Automatizador opens the Object abrir pagina], Automatizador is login [Automatizador enters 'Automatizador' into Ingrese su usuario, Automatizador enters 'Demo123*' into Ingrese su contrasenia, Automatizador clicks on Iniciar Sesión, Then qs login should be a value equal to '1.5.7'], Automatizador clicks on Modulo principal de Smartwork, Automatizador clicks on Sub-Modulo principal de Gestión de servicios, Automatizador clicks on Botón +  de crear el servicio, Automatizador clicks on Campo Tipo de Identificación]]]
[Test worker] WARN net.thucydides.core.steps.BaseStepListener - stepStarted: net.thucydides.core.steps.ExecutedStepDescription@624b523
[Test worker] WARN net.thucydides.core.steps.BaseStepListener - stepFinished: current outcome:Crear una orden de servicio desde el call center:Example: {TipoID=Cedula de ciudadanía, Identificacion=1012835816, CodigoCliente=CC-123, Nombre=Juan Perez, Email=juan@example.com, Celular=1234567890, CodigoServicio=SERV-001, ClaseServicio=Clase A, TipoServicio=Tipo A, Prioridad=Alta, HoraInicio=09:00, HoraFin=13:00, Zonas=Zona 1, Observacion=Servicio de prueba, Serial=1234567, Productos=Producto X, Falla=Falla Y, Ubicacion=Cl. 118 #19-52, Complemento=Usaquén, Bogotá} [Dado que en el call center se desea crear una orden de servicio con los siguientes datos
| Tipo Identificacion | Identificacion | Codigo cliente | Nombre | Correo electronico | Celular | Ubicacion | Complemento |
| Cedula de ciudadanía | 1012835816 | CC-123 | Juan Perez | juan@example.com | 1234567890 | Cl. 118 #19-52 | Usaquén, Bogotá | [Automatizador ts crear servicio [Automatizador is abrir pagina [Automatizador opens the Object abrir pagina], Automatizador is login [Automatizador enters 'Automatizador' into Ingrese su usuario, Automatizador enters 'Demo123*' into Ingrese su contrasenia, Automatizador clicks on Iniciar Sesión, Then qs login should be a value equal to '1.5.7'], Automatizador clicks on Modulo principal de Smartwork, Automatizador clicks on Sub-Modulo principal de Gestión de servicios, Automatizador clicks on Botón +  de crear el servicio, Automatizador clicks on Campo Tipo de Identificación, Automatizador clicks on Lista cedula de ciudadania]]]
[Test worker] WARN net.thucydides.core.steps.BaseStepListener - stepStarted: net.thucydides.core.steps.ExecutedStepDescription@1416ff46
[Test worker] WARN net.thucydides.core.steps.BaseStepListener - stepFinished: current outcome:Crear una orden de servicio desde el call center:Example: {TipoID=Cedula de ciudadanía, Identificacion=1012835816, CodigoCliente=CC-123, Nombre=Juan Perez, Email=juan@example.com, Celular=1234567890, CodigoServicio=SERV-001, ClaseServicio=Clase A, TipoServicio=Tipo A, Prioridad=Alta, HoraInicio=09:00, HoraFin=13:00, Zonas=Zona 1, Observacion=Servicio de prueba, Serial=1234567, Productos=Producto X, Falla=Falla Y, Ubicacion=Cl. 118 #19-52, Complemento=Usaquén, Bogotá} [Dado que en el call center se desea crear una orden de servicio con los siguientes datos
| Tipo Identificacion | Identificacion | Codigo cliente | Nombre | Correo electronico | Celular | Ubicacion | Complemento |
| Cedula de ciudadanía | 1012835816 | CC-123 | Juan Perez | juan@example.com | 1234567890 | Cl. 118 #19-52 | Usaquén, Bogotá | [Automatizador ts crear servicio [Automatizador is abrir pagina [Automatizador opens the Object abrir pagina], Automatizador is login [Automatizador enters 'Automatizador' into Ingrese su usuario, Automatizador enters 'Demo123*' into Ingrese su contrasenia, Automatizador clicks on Iniciar Sesión, Then qs login should be a value equal to '1.5.7'], Automatizador clicks on Modulo principal de Smartwork, Automatizador clicks on Sub-Modulo principal de Gestión de servicios, Automatizador clicks on Botón +  de crear el servicio, Automatizador clicks on Campo Tipo de Identificación, Automatizador clicks on Lista cedula de ciudadania, Automatizador enters '1012835816' into Campo Identificación]]]
[Test worker] WARN net.thucydides.core.steps.BaseStepListener - stepStarted: net.thucydides.core.steps.ExecutedStepDescription@2be818da
[Test worker] WARN net.thucydides.core.steps.BaseStepListener - stepFinished: current outcome:Crear una orden de servicio desde el call center:Example: {TipoID=Cedula de ciudadanía, Identificacion=1012835816, CodigoCliente=CC-123, Nombre=Juan Perez, Email=juan@example.com, Celular=1234567890, CodigoServicio=SERV-001, ClaseServicio=Clase A, TipoServicio=Tipo A, Prioridad=Alta, HoraInicio=09:00, HoraFin=13:00, Zonas=Zona 1, Observacion=Servicio de prueba, Serial=1234567, Productos=Producto X, Falla=Falla Y, Ubicacion=Cl. 118 #19-52, Complemento=Usaquén, Bogotá} [Dado que en el call center se desea crear una orden de servicio con los siguientes datos
| Tipo Identificacion | Identificacion | Codigo cliente | Nombre | Correo electronico | Celular | Ubicacion | Complemento |
| Cedula de ciudadanía | 1012835816 | CC-123 | Juan Perez | juan@example.com | 1234567890 | Cl. 118 #19-52 | Usaquén, Bogotá | [Automatizador ts crear servicio [Automatizador is abrir pagina [Automatizador opens the Object abrir pagina], Automatizador is login [Automatizador enters 'Automatizador' into Ingrese su usuario, Automatizador enters 'Demo123*' into Ingrese su contrasenia, Automatizador clicks on Iniciar Sesión, Then qs login should be a value equal to '1.5.7'], Automatizador clicks on Modulo principal de Smartwork, Automatizador clicks on Sub-Modulo principal de Gestión de servicios, Automatizador clicks on Botón +  de crear el servicio, Automatizador clicks on Campo Tipo de Identificación, Automatizador clicks on Lista cedula de ciudadania, Automatizador enters '1012835816' into Campo Identificación, Automatizador clicks on Campo de buscar el cliente]]]
[Test worker] WARN net.thucydides.core.steps.BaseStepListener - stepStarted: net.thucydides.core.steps.ExecutedStepDescription@58dad04a
[Test worker] WARN net.thucydides.core.steps.BaseStepListener - stepFinished: current outcome:Crear una orden de servicio desde el call center:Example: {TipoID=Cedula de ciudadanía, Identificacion=1012835816, CodigoCliente=CC-123, Nombre=Juan Perez, Email=juan@example.com, Celular=1234567890, CodigoServicio=SERV-001, ClaseServicio=Clase A, TipoServicio=Tipo A, Prioridad=Alta, HoraInicio=09:00, HoraFin=13:00, Zonas=Zona 1, Observacion=Servicio de prueba, Serial=1234567, Productos=Producto X, Falla=Falla Y, Ubicacion=Cl. 118 #19-52, Complemento=Usaquén, Bogotá} [Dado que en el call center se desea crear una orden de servicio con los siguientes datos
| Tipo Identificacion | Identificacion | Codigo cliente | Nombre | Correo electronico | Celular | Ubicacion | Complemento |
| Cedula de ciudadanía | 1012835816 | CC-123 | Juan Perez | juan@example.com | 1234567890 | Cl. 118 #19-52 | Usaquén, Bogotá | [Automatizador ts crear servicio [Automatizador is abrir pagina [Automatizador opens the Object abrir pagina], Automatizador is login [Automatizador enters 'Automatizador' into Ingrese su usuario, Automatizador enters 'Demo123*' into Ingrese su contrasenia, Automatizador clicks on Iniciar Sesión, Then qs login should be a value equal to '1.5.7'], Automatizador clicks on Modulo principal de Smartwork, Automatizador clicks on Sub-Modulo principal de Gestión de servicios, Automatizador clicks on Botón +  de crear el servicio, Automatizador clicks on Campo Tipo de Identificación, Automatizador clicks on Lista cedula de ciudadania, Automatizador enters '1012835816' into Campo Identificación, Automatizador clicks on Campo de buscar el cliente, Automatizador clicks on Alerta para continuar con la creación del cliente]]]
[Test worker] WARN net.thucydides.core.steps.BaseStepListener - stepStarted: net.thucydides.core.steps.ExecutedStepDescription@7aaad0
[Test worker] WARN net.thucydides.core.steps.BaseStepListener - stepFinished: current outcome:Crear una orden de servicio desde el call center:Example: {TipoID=Cedula de ciudadanía, Identificacion=1012835816, CodigoCliente=CC-123, Nombre=Juan Perez, Email=juan@example.com, Celular=1234567890, CodigoServicio=SERV-001, ClaseServicio=Clase A, TipoServicio=Tipo A, Prioridad=Alta, HoraInicio=09:00, HoraFin=13:00, Zonas=Zona 1, Observacion=Servicio de prueba, Serial=1234567, Productos=Producto X, Falla=Falla Y, Ubicacion=Cl. 118 #19-52, Complemento=Usaquén, Bogotá} [Dado que en el call center se desea crear una orden de servicio con los siguientes datos
| Tipo Identificacion | Identificacion | Codigo cliente | Nombre | Correo electronico | Celular | Ubicacion | Complemento |
| Cedula de ciudadanía | 1012835816 | CC-123 | Juan Perez | juan@example.com | 1234567890 | Cl. 118 #19-52 | Usaquén, Bogotá | [Automatizador ts crear servicio [Automatizador is abrir pagina [Automatizador opens the Object abrir pagina], Automatizador is login [Automatizador enters 'Automatizador' into Ingrese su usuario, Automatizador enters 'Demo123*' into Ingrese su contrasenia, Automatizador clicks on Iniciar Sesión, Then qs login should be a value equal to '1.5.7'], Automatizador clicks on Modulo principal de Smartwork, Automatizador clicks on Sub-Modulo principal de Gestión de servicios, Automatizador clicks on Botón +  de crear el servicio, Automatizador clicks on Campo Tipo de Identificación, Automatizador clicks on Lista cedula de ciudadania, Automatizador enters '1012835816' into Campo Identificación, Automatizador clicks on Campo de buscar el cliente, Automatizador clicks on Alerta para continuar con la creación del cliente, Automatizador enters 'CC-123' into Campo Código de Cliente]]]
[Test worker] WARN net.thucydides.core.steps.BaseStepListener - stepStarted: net.thucydides.core.steps.ExecutedStepDescription@677ce519
[Test worker] WARN net.thucydides.core.steps.BaseStepListener - stepFinished: current outcome:Crear una orden de servicio desde el call center:Example: {TipoID=Cedula de ciudadanía, Identificacion=1012835816, CodigoCliente=CC-123, Nombre=Juan Perez, Email=juan@example.com, Celular=1234567890, CodigoServicio=SERV-001, ClaseServicio=Clase A, TipoServicio=Tipo A, Prioridad=Alta, HoraInicio=09:00, HoraFin=13:00, Zonas=Zona 1, Observacion=Servicio de prueba, Serial=1234567, Productos=Producto X, Falla=Falla Y, Ubicacion=Cl. 118 #19-52, Complemento=Usaquén, Bogotá} [Dado que en el call center se desea crear una orden de servicio con los siguientes datos
| Tipo Identificacion | Identificacion | Codigo cliente | Nombre | Correo electronico | Celular | Ubicacion | Complemento |
| Cedula de ciudadanía | 1012835816 | CC-123 | Juan Perez | juan@example.com | 1234567890 | Cl. 118 #19-52 | Usaquén, Bogotá | [Automatizador ts crear servicio [Automatizador is abrir pagina [Automatizador opens the Object abrir pagina], Automatizador is login [Automatizador enters 'Automatizador' into Ingrese su usuario, Automatizador enters 'Demo123*' into Ingrese su contrasenia, Automatizador clicks on Iniciar Sesión, Then qs login should be a value equal to '1.5.7'], Automatizador clicks on Modulo principal de Smartwork, Automatizador clicks on Sub-Modulo principal de Gestión de servicios, Automatizador clicks on Botón +  de crear el servicio, Automatizador clicks on Campo Tipo de Identificación, Automatizador clicks on Lista cedula de ciudadania, Automatizador enters '1012835816' into Campo Identificación, Automatizador clicks on Campo de buscar el cliente, Automatizador clicks on Alerta para continuar con la creación del cliente, Automatizador enters 'CC-123' into Campo Código de Cliente, Automatizador enters 'Juan Perez' into Campo Nombre]]]
[Test worker] WARN net.thucydides.core.steps.BaseStepListener - stepStarted: net.thucydides.core.steps.ExecutedStepDescription@9cfc77
[Test worker] WARN net.thucydides.core.steps.BaseStepListener - stepFinished: current outcome:Crear una orden de servicio desde el call center:Example: {TipoID=Cedula de ciudadanía, Identificacion=1012835816, CodigoCliente=CC-123, Nombre=Juan Perez, Email=juan@example.com, Celular=1234567890, CodigoServicio=SERV-001, ClaseServicio=Clase A, TipoServicio=Tipo A, Prioridad=Alta, HoraInicio=09:00, HoraFin=13:00, Zonas=Zona 1, Observacion=Servicio de prueba, Serial=1234567, Productos=Producto X, Falla=Falla Y, Ubicacion=Cl. 118 #19-52, Complemento=Usaquén, Bogotá} [Dado que en el call center se desea crear una orden de servicio con los siguientes datos
| Tipo Identificacion | Identificacion | Codigo cliente | Nombre | Correo electronico | Celular | Ubicacion | Complemento |
| Cedula de ciudadanía | 1012835816 | CC-123 | Juan Perez | juan@example.com | 1234567890 | Cl. 118 #19-52 | Usaquén, Bogotá | [Automatizador ts crear servicio [Automatizador is abrir pagina [Automatizador opens the Object abrir pagina], Automatizador is login [Automatizador enters 'Automatizador' into Ingrese su usuario, Automatizador enters 'Demo123*' into Ingrese su contrasenia, Automatizador clicks on Iniciar Sesión, Then qs login should be a value equal to '1.5.7'], Automatizador clicks on Modulo principal de Smartwork, Automatizador clicks on Sub-Modulo principal de Gestión de servicios, Automatizador clicks on Botón +  de crear el servicio, Automatizador clicks on Campo Tipo de Identificación, Automatizador clicks on Lista cedula de ciudadania, Automatizador enters '1012835816' into Campo Identificación, Automatizador clicks on Campo de buscar el cliente, Automatizador clicks on Alerta para continuar con la creación del cliente, Automatizador enters 'CC-123' into Campo Código de Cliente, Automatizador enters 'Juan Perez' into Campo Nombre, Automatizador enters 'juan@example.com' into Campo Correo Electrónico]]]
[Test worker] WARN net.thucydides.core.steps.BaseStepListener - stepStarted: net.thucydides.core.steps.ExecutedStepDescription@62d40e31
[Test worker] WARN net.thucydides.core.steps.BaseStepListener - stepFinished: current outcome:Crear una orden de servicio desde el call center:Example: {TipoID=Cedula de ciudadanía, Identificacion=1012835816, CodigoCliente=CC-123, Nombre=Juan Perez, Email=juan@example.com, Celular=1234567890, CodigoServicio=SERV-001, ClaseServicio=Clase A, TipoServicio=Tipo A, Prioridad=Alta, HoraInicio=09:00, HoraFin=13:00, Zonas=Zona 1, Observacion=Servicio de prueba, Serial=1234567, Productos=Producto X, Falla=Falla Y, Ubicacion=Cl. 118 #19-52, Complemento=Usaquén, Bogotá} [Dado que en el call center se desea crear una orden de servicio con los siguientes datos
| Tipo Identificacion | Identificacion | Codigo cliente | Nombre | Correo electronico | Celular | Ubicacion | Complemento |
| Cedula de ciudadanía | 1012835816 | CC-123 | Juan Perez | juan@example.com | 1234567890 | Cl. 118 #19-52 | Usaquén, Bogotá | [Automatizador ts crear servicio [Automatizador is abrir pagina [Automatizador opens the Object abrir pagina], Automatizador is login [Automatizador enters 'Automatizador' into Ingrese su usuario, Automatizador enters 'Demo123*' into Ingrese su contrasenia, Automatizador clicks on Iniciar Sesión, Then qs login should be a value equal to '1.5.7'], Automatizador clicks on Modulo principal de Smartwork, Automatizador clicks on Sub-Modulo principal de Gestión de servicios, Automatizador clicks on Botón +  de crear el servicio, Automatizador clicks on Campo Tipo de Identificación, Automatizador clicks on Lista cedula de ciudadania, Automatizador enters '1012835816' into Campo Identificación, Automatizador clicks on Campo de buscar el cliente, Automatizador clicks on Alerta para continuar con la creación del cliente, Automatizador enters 'CC-123' into Campo Código de Cliente, Automatizador enters 'Juan Perez' into Campo Nombre, Automatizador enters 'juan@example.com' into Campo Correo Electrónico, Automatizador enters '1234567890' into Campo Celular]]]
[Test worker] WARN net.thucydides.core.steps.BaseStepListener - stepStarted: net.thucydides.core.steps.ExecutedStepDescription@2cfe272f
[Test worker] WARN net.thucydides.core.steps.BaseStepListener - stepFinished: current outcome:Crear una orden de servicio desde el call center:Example: {TipoID=Cedula de ciudadanía, Identificacion=1012835816, CodigoCliente=CC-123, Nombre=Juan Perez, Email=juan@example.com, Celular=1234567890, CodigoServicio=SERV-001, ClaseServicio=Clase A, TipoServicio=Tipo A, Prioridad=Alta, HoraInicio=09:00, HoraFin=13:00, Zonas=Zona 1, Observacion=Servicio de prueba, Serial=1234567, Productos=Producto X, Falla=Falla Y, Ubicacion=Cl. 118 #19-52, Complemento=Usaquén, Bogotá} [Dado que en el call center se desea crear una orden de servicio con los siguientes datos
| Tipo Identificacion | Identificacion | Codigo cliente | Nombre | Correo electronico | Celular | Ubicacion | Complemento |
| Cedula de ciudadanía | 1012835816 | CC-123 | Juan Perez | juan@example.com | 1234567890 | Cl. 118 #19-52 | Usaquén, Bogotá | [Automatizador ts crear servicio [Automatizador is abrir pagina [Automatizador opens the Object abrir pagina], Automatizador is login [Automatizador enters 'Automatizador' into Ingrese su usuario, Automatizador enters 'Demo123*' into Ingrese su contrasenia, Automatizador clicks on Iniciar Sesión, Then qs login should be a value equal to '1.5.7'], Automatizador clicks on Modulo principal de Smartwork, Automatizador clicks on Sub-Modulo principal de Gestión de servicios, Automatizador clicks on Botón +  de crear el servicio, Automatizador clicks on Campo Tipo de Identificación, Automatizador clicks on Lista cedula de ciudadania, Automatizador enters '1012835816' into Campo Identificación, Automatizador clicks on Campo de buscar el cliente, Automatizador clicks on Alerta para continuar con la creación del cliente, Automatizador enters 'CC-123' into Campo Código de Cliente, Automatizador enters 'Juan Perez' into Campo Nombre, Automatizador enters 'juan@example.com' into Campo Correo Electrónico, Automatizador enters '1234567890' into Campo Celular, Automatizador clicks on Campo Check Notificacion Correo]]]
[Test worker] WARN net.thucydides.core.steps.BaseStepListener - stepStarted: net.thucydides.core.steps.ExecutedStepDescription@61b65d54
[Test worker] WARN net.thucydides.core.steps.BaseStepListener - stepFinished: current outcome:Crear una orden de servicio desde el call center:Example: {TipoID=Cedula de ciudadanía, Identificacion=1012835816, CodigoCliente=CC-123, Nombre=Juan Perez, Email=juan@example.com, Celular=1234567890, CodigoServicio=SERV-001, ClaseServicio=Clase A, TipoServicio=Tipo A, Prioridad=Alta, HoraInicio=09:00, HoraFin=13:00, Zonas=Zona 1, Observacion=Servicio de prueba, Serial=1234567, Productos=Producto X, Falla=Falla Y, Ubicacion=Cl. 118 #19-52, Complemento=Usaquén, Bogotá} [Dado que en el call center se desea crear una orden de servicio con los siguientes datos
| Tipo Identificacion | Identificacion | Codigo cliente | Nombre | Correo electronico | Celular | Ubicacion | Complemento |
| Cedula de ciudadanía | 1012835816 | CC-123 | Juan Perez | juan@example.com | 1234567890 | Cl. 118 #19-52 | Usaquén, Bogotá | [Automatizador ts crear servicio [Automatizador is abrir pagina [Automatizador opens the Object abrir pagina], Automatizador is login [Automatizador enters 'Automatizador' into Ingrese su usuario, Automatizador enters 'Demo123*' into Ingrese su contrasenia, Automatizador clicks on Iniciar Sesión, Then qs login should be a value equal to '1.5.7'], Automatizador clicks on Modulo principal de Smartwork, Automatizador clicks on Sub-Modulo principal de Gestión de servicios, Automatizador clicks on Botón +  de crear el servicio, Automatizador clicks on Campo Tipo de Identificación, Automatizador clicks on Lista cedula de ciudadania, Automatizador enters '1012835816' into Campo Identificación, Automatizador clicks on Campo de buscar el cliente, Automatizador clicks on Alerta para continuar con la creación del cliente, Automatizador enters 'CC-123' into Campo Código de Cliente, Automatizador enters 'Juan Perez' into Campo Nombre, Automatizador enters 'juan@example.com' into Campo Correo Electrónico, Automatizador enters '1234567890' into Campo Celular, Automatizador clicks on Campo Check Notificacion Correo, Automatizador clicks on Campo Check Notificacion Mensaje]]]
[Test worker] WARN net.thucydides.core.steps.BaseStepListener - stepStarted: net.thucydides.core.steps.ExecutedStepDescription@35bd8bc9
[Test worker] WARN net.thucydides.core.steps.BaseStepListener - stepFinished: current outcome:Crear una orden de servicio desde el call center:Example: {TipoID=Cedula de ciudadanía, Identificacion=1012835816, CodigoCliente=CC-123, Nombre=Juan Perez, Email=juan@example.com, Celular=1234567890, CodigoServicio=SERV-001, ClaseServicio=Clase A, TipoServicio=Tipo A, Prioridad=Alta, HoraInicio=09:00, HoraFin=13:00, Zonas=Zona 1, Observacion=Servicio de prueba, Serial=1234567, Productos=Producto X, Falla=Falla Y, Ubicacion=Cl. 118 #19-52, Complemento=Usaquén, Bogotá} [Dado que en el call center se desea crear una orden de servicio con los siguientes datos
| Tipo Identificacion | Identificacion | Codigo cliente | Nombre | Correo electronico | Celular | Ubicacion | Complemento |
| Cedula de ciudadanía | 1012835816 | CC-123 | Juan Perez | juan@example.com | 1234567890 | Cl. 118 #19-52 | Usaquén, Bogotá | [Automatizador ts crear servicio [Automatizador is abrir pagina [Automatizador opens the Object abrir pagina], Automatizador is login [Automatizador enters 'Automatizador' into Ingrese su usuario, Automatizador enters 'Demo123*' into Ingrese su contrasenia, Automatizador clicks on Iniciar Sesión, Then qs login should be a value equal to '1.5.7'], Automatizador clicks on Modulo principal de Smartwork, Automatizador clicks on Sub-Modulo principal de Gestión de servicios, Automatizador clicks on Botón +  de crear el servicio, Automatizador clicks on Campo Tipo de Identificación, Automatizador clicks on Lista cedula de ciudadania, Automatizador enters '1012835816' into Campo Identificación, Automatizador clicks on Campo de buscar el cliente, Automatizador clicks on Alerta para continuar con la creación del cliente, Automatizador enters 'CC-123' into Campo Código de Cliente, Automatizador enters 'Juan Perez' into Campo Nombre, Automatizador enters 'juan@example.com' into Campo Correo Electrónico, Automatizador enters '1234567890' into Campo Celular, Automatizador clicks on Campo Check Notificacion Correo, Automatizador clicks on Campo Check Notificacion Mensaje, Automatizador clicks on Guardar datos del cliente]]]
[Test worker] WARN net.thucydides.core.steps.BaseStepListener - stepStarted: net.thucydides.core.steps.ExecutedStepDescription@32507479
[Test worker] WARN net.thucydides.core.steps.BaseStepListener - stepFinished: current outcome:Crear una orden de servicio desde el call center:Example: {TipoID=Cedula de ciudadanía, Identificacion=1012835816, CodigoCliente=CC-123, Nombre=Juan Perez, Email=juan@example.com, Celular=1234567890, CodigoServicio=SERV-001, ClaseServicio=Clase A, TipoServicio=Tipo A, Prioridad=Alta, HoraInicio=09:00, HoraFin=13:00, Zonas=Zona 1, Observacion=Servicio de prueba, Serial=1234567, Productos=Producto X, Falla=Falla Y, Ubicacion=Cl. 118 #19-52, Complemento=Usaquén, Bogotá} [Dado que en el call center se desea crear una orden de servicio con los siguientes datos
| Tipo Identificacion | Identificacion | Codigo cliente | Nombre | Correo electronico | Celular | Ubicacion | Complemento |
| Cedula de ciudadanía | 1012835816 | CC-123 | Juan Perez | juan@example.com | 1234567890 | Cl. 118 #19-52 | Usaquén, Bogotá | [Automatizador ts crear servicio [Automatizador is abrir pagina [Automatizador opens the Object abrir pagina], Automatizador is login [Automatizador enters 'Automatizador' into Ingrese su usuario, Automatizador enters 'Demo123*' into Ingrese su contrasenia, Automatizador clicks on Iniciar Sesión, Then qs login should be a value equal to '1.5.7'], Automatizador clicks on Modulo principal de Smartwork, Automatizador clicks on Sub-Modulo principal de Gestión de servicios, Automatizador clicks on Botón +  de crear el servicio, Automatizador clicks on Campo Tipo de Identificación, Automatizador clicks on Lista cedula de ciudadania, Automatizador enters '1012835816' into Campo Identificación, Automatizador clicks on Campo de buscar el cliente, Automatizador clicks on Alerta para continuar con la creación del cliente, Automatizador enters 'CC-123' into Campo Código de Cliente, Automatizador enters 'Juan Perez' into Campo Nombre, Automatizador enters 'juan@example.com' into Campo Correo Electrónico, Automatizador enters '1234567890' into Campo Celular, Automatizador clicks on Campo Check Notificacion Correo, Automatizador clicks on Campo Check Notificacion Mensaje, Automatizador clicks on Guardar datos del cliente, Automatizador clicks on Alerta para continuar con la creación del cliente]]]
[Test worker] WARN net.thucydides.core.steps.BaseStepListener - stepStarted: net.thucydides.core.steps.ExecutedStepDescription@a0c5be
[Test worker] WARN net.thucydides.core.steps.BaseStepListener - stepFinished: current outcome:Crear una orden de servicio desde el call center:Example: {TipoID=Cedula de ciudadanía, Identificacion=1012835816, CodigoCliente=CC-123, Nombre=Juan Perez, Email=juan@example.com, Celular=1234567890, CodigoServicio=SERV-001, ClaseServicio=Clase A, TipoServicio=Tipo A, Prioridad=Alta, HoraInicio=09:00, HoraFin=13:00, Zonas=Zona 1, Observacion=Servicio de prueba, Serial=1234567, Productos=Producto X, Falla=Falla Y, Ubicacion=Cl. 118 #19-52, Complemento=Usaquén, Bogotá} [Dado que en el call center se desea crear una orden de servicio con los siguientes datos
| Tipo Identificacion | Identificacion | Codigo cliente | Nombre | Correo electronico | Celular | Ubicacion | Complemento |
| Cedula de ciudadanía | 1012835816 | CC-123 | Juan Perez | juan@example.com | 1234567890 | Cl. 118 #19-52 | Usaquén, Bogotá | [Automatizador ts crear servicio [Automatizador is abrir pagina [Automatizador opens the Object abrir pagina], Automatizador is login [Automatizador enters 'Automatizador' into Ingrese su usuario, Automatizador enters 'Demo123*' into Ingrese su contrasenia, Automatizador clicks on Iniciar Sesión, Then qs login should be a value equal to '1.5.7'], Automatizador clicks on Modulo principal de Smartwork, Automatizador clicks on Sub-Modulo principal de Gestión de servicios, Automatizador clicks on Botón +  de crear el servicio, Automatizador clicks on Campo Tipo de Identificación, Automatizador clicks on Lista cedula de ciudadania, Automatizador enters '1012835816' into Campo Identificación, Automatizador clicks on Campo de buscar el cliente, Automatizador clicks on Alerta para continuar con la creación del cliente, Automatizador enters 'CC-123' into Campo Código de Cliente, Automatizador enters 'Juan Perez' into Campo Nombre, Automatizador enters 'juan@example.com' into Campo Correo Electrónico, Automatizador enters '1234567890' into Campo Celular, Automatizador clicks on Campo Check Notificacion Correo, Automatizador clicks on Campo Check Notificacion Mensaje, Automatizador clicks on Guardar datos del cliente, Automatizador clicks on Alerta para continuar con la creación del cliente, Automatizador clicks on Boto + de agregar ubicaciones]]]
[Test worker] WARN net.thucydides.core.steps.BaseStepListener - stepStarted: net.thucydides.core.steps.ExecutedStepDescription@36224f93
[Test worker] WARN net.thucydides.core.steps.BaseStepListener - stepFinished: current outcome:Crear una orden de servicio desde el call center:Example: {TipoID=Cedula de ciudadanía, Identificacion=1012835816, CodigoCliente=CC-123, Nombre=Juan Perez, Email=juan@example.com, Celular=1234567890, CodigoServicio=SERV-001, ClaseServicio=Clase A, TipoServicio=Tipo A, Prioridad=Alta, HoraInicio=09:00, HoraFin=13:00, Zonas=Zona 1, Observacion=Servicio de prueba, Serial=1234567, Productos=Producto X, Falla=Falla Y, Ubicacion=Cl. 118 #19-52, Complemento=Usaquén, Bogotá} [Dado que en el call center se desea crear una orden de servicio con los siguientes datos
| Tipo Identificacion | Identificacion | Codigo cliente | Nombre | Correo electronico | Celular | Ubicacion | Complemento |
| Cedula de ciudadanía | 1012835816 | CC-123 | Juan Perez | juan@example.com | 1234567890 | Cl. 118 #19-52 | Usaquén, Bogotá | [Automatizador ts crear servicio [Automatizador is abrir pagina [Automatizador opens the Object abrir pagina], Automatizador is login [Automatizador enters 'Automatizador' into Ingrese su usuario, Automatizador enters 'Demo123*' into Ingrese su contrasenia, Automatizador clicks on Iniciar Sesión, Then qs login should be a value equal to '1.5.7'], Automatizador clicks on Modulo principal de Smartwork, Automatizador clicks on Sub-Modulo principal de Gestión de servicios, Automatizador clicks on Botón +  de crear el servicio, Automatizador clicks on Campo Tipo de Identificación, Automatizador clicks on Lista cedula de ciudadania, Automatizador enters '1012835816' into Campo Identificación, Automatizador clicks on Campo de buscar el cliente, Automatizador clicks on Alerta para continuar con la creación del cliente, Automatizador enters 'CC-123' into Campo Código de Cliente, Automatizador enters 'Juan Perez' into Campo Nombre, Automatizador enters 'juan@example.com' into Campo Correo Electrónico, Automatizador enters '1234567890' into Campo Celular, Automatizador clicks on Campo Check Notificacion Correo, Automatizador clicks on Campo Check Notificacion Mensaje, Automatizador clicks on Guardar datos del cliente, Automatizador clicks on Alerta para continuar con la creación del cliente, Automatizador clicks on Boto + de agregar ubicaciones, Automatizador clicks on COnfirmar los mismo datos del usuario registrado]]]
[Test worker] WARN net.thucydides.core.steps.BaseStepListener - stepStarted: net.thucydides.core.steps.ExecutedStepDescription@de77146
[Test worker] WARN net.thucydides.core.steps.BaseStepListener - stepFinished: current outcome:Crear una orden de servicio desde el call center:Example: {TipoID=Cedula de ciudadanía, Identificacion=1012835816, CodigoCliente=CC-123, Nombre=Juan Perez, Email=juan@example.com, Celular=1234567890, CodigoServicio=SERV-001, ClaseServicio=Clase A, TipoServicio=Tipo A, Prioridad=Alta, HoraInicio=09:00, HoraFin=13:00, Zonas=Zona 1, Observacion=Servicio de prueba, Serial=1234567, Productos=Producto X, Falla=Falla Y, Ubicacion=Cl. 118 #19-52, Complemento=Usaquén, Bogotá} [Dado que en el call center se desea crear una orden de servicio con los siguientes datos
| Tipo Identificacion | Identificacion | Codigo cliente | Nombre | Correo electronico | Celular | Ubicacion | Complemento |
| Cedula de ciudadanía | 1012835816 | CC-123 | Juan Perez | juan@example.com | 1234567890 | Cl. 118 #19-52 | Usaquén, Bogotá | [Automatizador ts crear servicio [Automatizador is abrir pagina [Automatizador opens the Object abrir pagina], Automatizador is login [Automatizador enters 'Automatizador' into Ingrese su usuario, Automatizador enters 'Demo123*' into Ingrese su contrasenia, Automatizador clicks on Iniciar Sesión, Then qs login should be a value equal to '1.5.7'], Automatizador clicks on Modulo principal de Smartwork, Automatizador clicks on Sub-Modulo principal de Gestión de servicios, Automatizador clicks on Botón +  de crear el servicio, Automatizador clicks on Campo Tipo de Identificación, Automatizador clicks on Lista cedula de ciudadania, Automatizador enters '1012835816' into Campo Identificación, Automatizador clicks on Campo de buscar el cliente, Automatizador clicks on Alerta para continuar con la creación del cliente, Automatizador enters 'CC-123' into Campo Código de Cliente, Automatizador enters 'Juan Perez' into Campo Nombre, Automatizador enters 'juan@example.com' into Campo Correo Electrónico, Automatizador enters '1234567890' into Campo Celular, Automatizador clicks on Campo Check Notificacion Correo, Automatizador clicks on Campo Check Notificacion Mensaje, Automatizador clicks on Guardar datos del cliente, Automatizador clicks on Alerta para continuar con la creación del cliente, Automatizador clicks on Boto + de agregar ubicaciones, Automatizador clicks on COnfirmar los mismo datos del usuario registrado, Automatizador enters 'Cl. 118 #19-52' into btón de Ubicación del cliente]]]
[Test worker] WARN net.thucydides.core.steps.BaseStepListener - stepStarted: net.thucydides.core.steps.ExecutedStepDescription@3caee3a8
[Test worker] WARN net.thucydides.core.steps.BaseStepListener - stepFinished: current outcome:Crear una orden de servicio desde el call center:Example: {TipoID=Cedula de ciudadanía, Identificacion=1012835816, CodigoCliente=CC-123, Nombre=Juan Perez, Email=juan@example.com, Celular=1234567890, CodigoServicio=SERV-001, ClaseServicio=Clase A, TipoServicio=Tipo A, Prioridad=Alta, HoraInicio=09:00, HoraFin=13:00, Zonas=Zona 1, Observacion=Servicio de prueba, Serial=1234567, Productos=Producto X, Falla=Falla Y, Ubicacion=Cl. 118 #19-52, Complemento=Usaquén, Bogotá} [Dado que en el call center se desea crear una orden de servicio con los siguientes datos
| Tipo Identificacion | Identificacion | Codigo cliente | Nombre | Correo electronico | Celular | Ubicacion | Complemento |
| Cedula de ciudadanía | 1012835816 | CC-123 | Juan Perez | juan@example.com | 1234567890 | Cl. 118 #19-52 | Usaquén, Bogotá | [Automatizador ts crear servicio [Automatizador is abrir pagina [Automatizador opens the Object abrir pagina], Automatizador is login [Automatizador enters 'Automatizador' into Ingrese su usuario, Automatizador enters 'Demo123*' into Ingrese su contrasenia, Automatizador clicks on Iniciar Sesión, Then qs login should be a value equal to '1.5.7'], Automatizador clicks on Modulo principal de Smartwork, Automatizador clicks on Sub-Modulo principal de Gestión de servicios, Automatizador clicks on Botón +  de crear el servicio, Automatizador clicks on Campo Tipo de Identificación, Automatizador clicks on Lista cedula de ciudadania, Automatizador enters '1012835816' into Campo Identificación, Automatizador clicks on Campo de buscar el cliente, Automatizador clicks on Alerta para continuar con la creación del cliente, Automatizador enters 'CC-123' into Campo Código de Cliente, Automatizador enters 'Juan Perez' into Campo Nombre, Automatizador enters 'juan@example.com' into Campo Correo Electrónico, Automatizador enters '1234567890' into Campo Celular, Automatizador clicks on Campo Check Notificacion Correo, Automatizador clicks on Campo Check Notificacion Mensaje, Automatizador clicks on Guardar datos del cliente, Automatizador clicks on Alerta para continuar con la creación del cliente, Automatizador clicks on Boto + de agregar ubicaciones, Automatizador clicks on COnfirmar los mismo datos del usuario registrado, Automatizador enters 'Cl. 118 #19-52' into btón de Ubicación del cliente, Automatizador enters 'Usaquén, Bogotá' into btón de complemento del cliente]]]
[Test worker] WARN net.thucydides.core.steps.BaseStepListener - stepStarted: net.thucydides.core.steps.ExecutedStepDescription@4f3356c0
[Test worker] WARN net.thucydides.core.steps.BaseStepListener - stepFinished: current outcome:Crear una orden de servicio desde el call center:Example: {TipoID=Cedula de ciudadanía, Identificacion=1012835816, CodigoCliente=CC-123, Nombre=Juan Perez, Email=juan@example.com, Celular=1234567890, CodigoServicio=SERV-001, ClaseServicio=Clase A, TipoServicio=Tipo A, Prioridad=Alta, HoraInicio=09:00, HoraFin=13:00, Zonas=Zona 1, Observacion=Servicio de prueba, Serial=1234567, Productos=Producto X, Falla=Falla Y, Ubicacion=Cl. 118 #19-52, Complemento=Usaquén, Bogotá} [Dado que en el call center se desea crear una orden de servicio con los siguientes datos
| Tipo Identificacion | Identificacion | Codigo cliente | Nombre | Correo electronico | Celular | Ubicacion | Complemento |
| Cedula de ciudadanía | 1012835816 | CC-123 | Juan Perez | juan@example.com | 1234567890 | Cl. 118 #19-52 | Usaquén, Bogotá | [Automatizador ts crear servicio [Automatizador is abrir pagina [Automatizador opens the Object abrir pagina], Automatizador is login [Automatizador enters 'Automatizador' into Ingrese su usuario, Automatizador enters 'Demo123*' into Ingrese su contrasenia, Automatizador clicks on Iniciar Sesión, Then qs login should be a value equal to '1.5.7'], Automatizador clicks on Modulo principal de Smartwork, Automatizador clicks on Sub-Modulo principal de Gestión de servicios, Automatizador clicks on Botón +  de crear el servicio, Automatizador clicks on Campo Tipo de Identificación, Automatizador clicks on Lista cedula de ciudadania, Automatizador enters '1012835816' into Campo Identificación, Automatizador clicks on Campo de buscar el cliente, Automatizador clicks on Alerta para continuar con la creación del cliente, Automatizador enters 'CC-123' into Campo Código de Cliente, Automatizador enters 'Juan Perez' into Campo Nombre, Automatizador enters 'juan@example.com' into Campo Correo Electrónico, Automatizador enters '1234567890' into Campo Celular, Automatizador clicks on Campo Check Notificacion Correo, Automatizador clicks on Campo Check Notificacion Mensaje, Automatizador clicks on Guardar datos del cliente, Automatizador clicks on Alerta para continuar con la creación del cliente, Automatizador clicks on Boto + de agregar ubicaciones, Automatizador clicks on COnfirmar los mismo datos del usuario registrado, Automatizador enters 'Cl. 118 #19-52' into btón de Ubicación del cliente, Automatizador enters 'Usaquén, Bogotá' into btón de complemento del cliente, Automatizador clicks on btón de Guardar direccion del cliente]]]
[Test worker] WARN net.thucydides.core.steps.BaseStepListener - stepStarted: net.thucydides.core.steps.ExecutedStepDescription@4fd74223
[Test worker] WARN net.thucydides.core.steps.BaseStepListener - stepFinished: current outcome:Crear una orden de servicio desde el call center:Example: {TipoID=Cedula de ciudadanía, Identificacion=1012835816, CodigoCliente=CC-123, Nombre=Juan Perez, Email=juan@example.com, Celular=1234567890, CodigoServicio=SERV-001, ClaseServicio=Clase A, TipoServicio=Tipo A, Prioridad=Alta, HoraInicio=09:00, HoraFin=13:00, Zonas=Zona 1, Observacion=Servicio de prueba, Serial=1234567, Productos=Producto X, Falla=Falla Y, Ubicacion=Cl. 118 #19-52, Complemento=Usaquén, Bogotá} [Dado que en el call center se desea crear una orden de servicio con los siguientes datos
| Tipo Identificacion | Identificacion | Codigo cliente | Nombre | Correo electronico | Celular | Ubicacion | Complemento |
| Cedula de ciudadanía | 1012835816 | CC-123 | Juan Perez | juan@example.com | 1234567890 | Cl. 118 #19-52 | Usaquén, Bogotá | [Automatizador ts crear servicio [Automatizador is abrir pagina [Automatizador opens the Object abrir pagina], Automatizador is login [Automatizador enters 'Automatizador' into Ingrese su usuario, Automatizador enters 'Demo123*' into Ingrese su contrasenia, Automatizador clicks on Iniciar Sesión, Then qs login should be a value equal to '1.5.7'], Automatizador clicks on Modulo principal de Smartwork, Automatizador clicks on Sub-Modulo principal de Gestión de servicios, Automatizador clicks on Botón +  de crear el servicio, Automatizador clicks on Campo Tipo de Identificación, Automatizador clicks on Lista cedula de ciudadania, Automatizador enters '1012835816' into Campo Identificación, Automatizador clicks on Campo de buscar el cliente, Automatizador clicks on Alerta para continuar con la creación del cliente, Automatizador enters 'CC-123' into Campo Código de Cliente, Automatizador enters 'Juan Perez' into Campo Nombre, Automatizador enters 'juan@example.com' into Campo Correo Electrónico, Automatizador enters '1234567890' into Campo Celular, Automatizador clicks on Campo Check Notificacion Correo, Automatizador clicks on Campo Check Notificacion Mensaje, Automatizador clicks on Guardar datos del cliente, Automatizador clicks on Alerta para continuar con la creación del cliente, Automatizador clicks on Boto + de agregar ubicaciones, Automatizador clicks on COnfirmar los mismo datos del usuario registrado, Automatizador enters 'Cl. 118 #19-52' into btón de Ubicación del cliente, Automatizador enters 'Usaquén, Bogotá' into btón de complemento del cliente, Automatizador clicks on btón de Guardar direccion del cliente, Automatizador clicks on btón de Continuar con la  direccion del cliente]]]
[Test worker] WARN net.thucydides.core.steps.BaseStepListener - stepStarted: net.thucydides.core.steps.ExecutedStepDescription@194012a2
[Test worker] WARN net.thucydides.core.steps.BaseStepListener - stepFinished: current outcome:Crear una orden de servicio desde el call center:Example: {TipoID=Cedula de ciudadanía, Identificacion=1012835816, CodigoCliente=CC-123, Nombre=Juan Perez, Email=juan@example.com, Celular=1234567890, CodigoServicio=SERV-001, ClaseServicio=Clase A, TipoServicio=Tipo A, Prioridad=Alta, HoraInicio=09:00, HoraFin=13:00, Zonas=Zona 1, Observacion=Servicio de prueba, Serial=1234567, Productos=Producto X, Falla=Falla Y, Ubicacion=Cl. 118 #19-52, Complemento=Usaquén, Bogotá} [Dado que en el call center se desea crear una orden de servicio con los siguientes datos
| Tipo Identificacion | Identificacion | Codigo cliente | Nombre | Correo electronico | Celular | Ubicacion | Complemento |
| Cedula de ciudadanía | 1012835816 | CC-123 | Juan Perez | juan@example.com | 1234567890 | Cl. 118 #19-52 | Usaquén, Bogotá | [Automatizador ts crear servicio [Automatizador is abrir pagina [Automatizador opens the Object abrir pagina], Automatizador is login [Automatizador enters 'Automatizador' into Ingrese su usuario, Automatizador enters 'Demo123*' into Ingrese su contrasenia, Automatizador clicks on Iniciar Sesión, Then qs login should be a value equal to '1.5.7'], Automatizador clicks on Modulo principal de Smartwork, Automatizador clicks on Sub-Modulo principal de Gestión de servicios, Automatizador clicks on Botón +  de crear el servicio, Automatizador clicks on Campo Tipo de Identificación, Automatizador clicks on Lista cedula de ciudadania, Automatizador enters '1012835816' into Campo Identificación, Automatizador clicks on Campo de buscar el cliente, Automatizador clicks on Alerta para continuar con la creación del cliente, Automatizador enters 'CC-123' into Campo Código de Cliente, Automatizador enters 'Juan Perez' into Campo Nombre, Automatizador enters 'juan@example.com' into Campo Correo Electrónico, Automatizador enters '1234567890' into Campo Celular, Automatizador clicks on Campo Check Notificacion Correo, Automatizador clicks on Campo Check Notificacion Mensaje, Automatizador clicks on Guardar datos del cliente, Automatizador clicks on Alerta para continuar con la creación del cliente, Automatizador clicks on Boto + de agregar ubicaciones, Automatizador clicks on COnfirmar los mismo datos del usuario registrado, Automatizador enters 'Cl. 118 #19-52' into btón de Ubicación del cliente, Automatizador enters 'Usaquén, Bogotá' into btón de complemento del cliente, Automatizador clicks on btón de Guardar direccion del cliente, Automatizador clicks on btón de Continuar con la  direccion del cliente, Automatizador clicks on btón de Volver al formulario del servicio con la  direccion del cliente]]]
[Test worker] WARN net.thucydides.core.steps.BaseStepListener - stepFinished: current outcome:Crear una orden de servicio desde el call center:Example: {TipoID=Cedula de ciudadanía, Identificacion=1012835816, CodigoCliente=CC-123, Nombre=Juan Perez, Email=juan@example.com, Celular=1234567890, CodigoServicio=SERV-001, ClaseServicio=Clase A, TipoServicio=Tipo A, Prioridad=Alta, HoraInicio=09:00, HoraFin=13:00, Zonas=Zona 1, Observacion=Servicio de prueba, Serial=1234567, Productos=Producto X, Falla=Falla Y, Ubicacion=Cl. 118 #19-52, Complemento=Usaquén, Bogotá} [Dado que en el call center se desea crear una orden de servicio con los siguientes datos
| Tipo Identificacion | Identificacion | Codigo cliente | Nombre | Correo electronico | Celular | Ubicacion | Complemento |
| Cedula de ciudadanía | 1012835816 | CC-123 | Juan Perez | juan@example.com | 1234567890 | Cl. 118 #19-52 | Usaquén, Bogotá | [Automatizador ts crear servicio [Automatizador is abrir pagina [Automatizador opens the Object abrir pagina], Automatizador is login [Automatizador enters 'Automatizador' into Ingrese su usuario, Automatizador enters 'Demo123*' into Ingrese su contrasenia, Automatizador clicks on Iniciar Sesión, Then qs login should be a value equal to '1.5.7'], Automatizador clicks on Modulo principal de Smartwork, Automatizador clicks on Sub-Modulo principal de Gestión de servicios, Automatizador clicks on Botón +  de crear el servicio, Automatizador clicks on Campo Tipo de Identificación, Automatizador clicks on Lista cedula de ciudadania, Automatizador enters '1012835816' into Campo Identificación, Automatizador clicks on Campo de buscar el cliente, Automatizador clicks on Alerta para continuar con la creación del cliente, Automatizador enters 'CC-123' into Campo Código de Cliente, Automatizador enters 'Juan Perez' into Campo Nombre, Automatizador enters 'juan@example.com' into Campo Correo Electrónico, Automatizador enters '1234567890' into Campo Celular, Automatizador clicks on Campo Check Notificacion Correo, Automatizador clicks on Campo Check Notificacion Mensaje, Automatizador clicks on Guardar datos del cliente, Automatizador clicks on Alerta para continuar con la creación del cliente, Automatizador clicks on Boto + de agregar ubicaciones, Automatizador clicks on COnfirmar los mismo datos del usuario registrado, Automatizador enters 'Cl. 118 #19-52' into btón de Ubicación del cliente, Automatizador enters 'Usaquén, Bogotá' into btón de complemento del cliente, Automatizador clicks on btón de Guardar direccion del cliente, Automatizador clicks on btón de Continuar con la  direccion del cliente, Automatizador clicks on btón de Volver al formulario del servicio con la  direccion del cliente]]]
[Test worker] WARN net.thucydides.core.steps.BaseStepListener - stepFinished: current outcome:Crear una orden de servicio desde el call center:Example: {TipoID=Cedula de ciudadanía, Identificacion=1012835816, CodigoCliente=CC-123, Nombre=Juan Perez, Email=juan@example.com, Celular=1234567890, CodigoServicio=SERV-001, ClaseServicio=Clase A, TipoServicio=Tipo A, Prioridad=Alta, HoraInicio=09:00, HoraFin=13:00, Zonas=Zona 1, Observacion=Servicio de prueba, Serial=1234567, Productos=Producto X, Falla=Falla Y, Ubicacion=Cl. 118 #19-52, Complemento=Usaquén, Bogotá} [Dado que en el call center se desea crear una orden de servicio con los siguientes datos
| Tipo Identificacion | Identificacion | Codigo cliente | Nombre | Correo electronico | Celular | Ubicacion | Complemento |
| Cedula de ciudadanía | 1012835816 | CC-123 | Juan Perez | juan@example.com | 1234567890 | Cl. 118 #19-52 | Usaquén, Bogotá | [Automatizador ts crear servicio [Automatizador is abrir pagina [Automatizador opens the Object abrir pagina], Automatizador is login [Automatizador enters 'Automatizador' into Ingrese su usuario, Automatizador enters 'Demo123*' into Ingrese su contrasenia, Automatizador clicks on Iniciar Sesión, Then qs login should be a value equal to '1.5.7'], Automatizador clicks on Modulo principal de Smartwork, Automatizador clicks on Sub-Modulo principal de Gestión de servicios, Automatizador clicks on Botón +  de crear el servicio, Automatizador clicks on Campo Tipo de Identificación, Automatizador clicks on Lista cedula de ciudadania, Automatizador enters '1012835816' into Campo Identificación, Automatizador clicks on Campo de buscar el cliente, Automatizador clicks on Alerta para continuar con la creación del cliente, Automatizador enters 'CC-123' into Campo Código de Cliente, Automatizador enters 'Juan Perez' into Campo Nombre, Automatizador enters 'juan@example.com' into Campo Correo Electrónico, Automatizador enters '1234567890' into Campo Celular, Automatizador clicks on Campo Check Notificacion Correo, Automatizador clicks on Campo Check Notificacion Mensaje, Automatizador clicks on Guardar datos del cliente, Automatizador clicks on Alerta para continuar con la creación del cliente, Automatizador clicks on Boto + de agregar ubicaciones, Automatizador clicks on COnfirmar los mismo datos del usuario registrado, Automatizador enters 'Cl. 118 #19-52' into btón de Ubicación del cliente, Automatizador enters 'Usaquén, Bogotá' into btón de complemento del cliente, Automatizador clicks on btón de Guardar direccion del cliente, Automatizador clicks on btón de Continuar con la  direccion del cliente, Automatizador clicks on btón de Volver al formulario del servicio con la  direccion del cliente]]]
[Test worker] WARN net.thucydides.core.steps.BaseStepListener - stepStarted: net.thucydides.core.steps.ExecutedStepDescription@7eb27768
[Test worker] WARN net.thucydides.core.steps.BaseStepListener - stepStarted: net.thucydides.core.steps.ExecutedStepDescription@67c6f4d8
[Test worker] WARN net.thucydides.core.steps.BaseStepListener - stepFinished: current outcome:Crear una orden de servicio desde el call center:Example: {TipoID=Cedula de ciudadanía, Identificacion=1012835816, CodigoCliente=CC-123, Nombre=Juan Perez, Email=juan@example.com, Celular=1234567890, CodigoServicio=SERV-001, ClaseServicio=Clase A, TipoServicio=Tipo A, Prioridad=Alta, HoraInicio=09:00, HoraFin=13:00, Zonas=Zona 1, Observacion=Servicio de prueba, Serial=1234567, Productos=Producto X, Falla=Falla Y, Ubicacion=Cl. 118 #19-52, Complemento=Usaquén, Bogotá} [Dado que en el call center se desea crear una orden de servicio con los siguientes datos
| Tipo Identificacion | Identificacion | Codigo cliente | Nombre | Correo electronico | Celular | Ubicacion | Complemento |
| Cedula de ciudadanía | 1012835816 | CC-123 | Juan Perez | juan@example.com | 1234567890 | Cl. 118 #19-52 | Usaquén, Bogotá | [Automatizador ts crear servicio [Automatizador is abrir pagina [Automatizador opens the Object abrir pagina], Automatizador is login [Automatizador enters 'Automatizador' into Ingrese su usuario, Automatizador enters 'Demo123*' into Ingrese su contrasenia, Automatizador clicks on Iniciar Sesión, Then qs login should be a value equal to '1.5.7'], Automatizador clicks on Modulo principal de Smartwork, Automatizador clicks on Sub-Modulo principal de Gestión de servicios, Automatizador clicks on Botón +  de crear el servicio, Automatizador clicks on Campo Tipo de Identificación, Automatizador clicks on Lista cedula de ciudadania, Automatizador enters '1012835816' into Campo Identificación, Automatizador clicks on Campo de buscar el cliente, Automatizador clicks on Alerta para continuar con la creación del cliente, Automatizador enters 'CC-123' into Campo Código de Cliente, Automatizador enters 'Juan Perez' into Campo Nombre, Automatizador enters 'juan@example.com' into Campo Correo Electrónico, Automatizador enters '1234567890' into Campo Celular, Automatizador clicks on Campo Check Notificacion Correo, Automatizador clicks on Campo Check Notificacion Mensaje, Automatizador clicks on Guardar datos del cliente, Automatizador clicks on Alerta para continuar con la creación del cliente, Automatizador clicks on Boto + de agregar ubicaciones, Automatizador clicks on COnfirmar los mismo datos del usuario registrado, Automatizador enters 'Cl. 118 #19-52' into btón de Ubicación del cliente, Automatizador enters 'Usaquén, Bogotá' into btón de complemento del cliente, Automatizador clicks on btón de Guardar direccion del cliente, Automatizador clicks on btón de Continuar con la  direccion del cliente, Automatizador clicks on btón de Volver al formulario del servicio con la  direccion del cliente]], Y se ingresan los siguientes datos del servicio
| Codigo del servicio | Clase servicio | Tipo Servicio | Prioridad | Hora inicio | Hora fin | Zonas | Observacion |
| SERV-001 | Clase A | Tipo A | Alta | 09:00 | 13:00 | Zona 1 | Servicio de prueba | [Automatizador enters 'SERV-001' into Código Servicio]]
[Test worker] WARN net.thucydides.core.steps.BaseStepListener - stepFinished: current outcome:Crear una orden de servicio desde el call center:Example: {TipoID=Cedula de ciudadanía, Identificacion=1012835816, CodigoCliente=CC-123, Nombre=Juan Perez, Email=juan@example.com, Celular=1234567890, CodigoServicio=SERV-001, ClaseServicio=Clase A, TipoServicio=Tipo A, Prioridad=Alta, HoraInicio=09:00, HoraFin=13:00, Zonas=Zona 1, Observacion=Servicio de prueba, Serial=1234567, Productos=Producto X, Falla=Falla Y, Ubicacion=Cl. 118 #19-52, Complemento=Usaquén, Bogotá} [Dado que en el call center se desea crear una orden de servicio con los siguientes datos
| Tipo Identificacion | Identificacion | Codigo cliente | Nombre | Correo electronico | Celular | Ubicacion | Complemento |
| Cedula de ciudadanía | 1012835816 | CC-123 | Juan Perez | juan@example.com | 1234567890 | Cl. 118 #19-52 | Usaquén, Bogotá | [Automatizador ts crear servicio [Automatizador is abrir pagina [Automatizador opens the Object abrir pagina], Automatizador is login [Automatizador enters 'Automatizador' into Ingrese su usuario, Automatizador enters 'Demo123*' into Ingrese su contrasenia, Automatizador clicks on Iniciar Sesión, Then qs login should be a value equal to '1.5.7'], Automatizador clicks on Modulo principal de Smartwork, Automatizador clicks on Sub-Modulo principal de Gestión de servicios, Automatizador clicks on Botón +  de crear el servicio, Automatizador clicks on Campo Tipo de Identificación, Automatizador clicks on Lista cedula de ciudadania, Automatizador enters '1012835816' into Campo Identificación, Automatizador clicks on Campo de buscar el cliente, Automatizador clicks on Alerta para continuar con la creación del cliente, Automatizador enters 'CC-123' into Campo Código de Cliente, Automatizador enters 'Juan Perez' into Campo Nombre, Automatizador enters 'juan@example.com' into Campo Correo Electrónico, Automatizador enters '1234567890' into Campo Celular, Automatizador clicks on Campo Check Notificacion Correo, Automatizador clicks on Campo Check Notificacion Mensaje, Automatizador clicks on Guardar datos del cliente, Automatizador clicks on Alerta para continuar con la creación del cliente, Automatizador clicks on Boto + de agregar ubicaciones, Automatizador clicks on COnfirmar los mismo datos del usuario registrado, Automatizador enters 'Cl. 118 #19-52' into btón de Ubicación del cliente, Automatizador enters 'Usaquén, Bogotá' into btón de complemento del cliente, Automatizador clicks on btón de Guardar direccion del cliente, Automatizador clicks on btón de Continuar con la  direccion del cliente, Automatizador clicks on btón de Volver al formulario del servicio con la  direccion del cliente]], Y se ingresan los siguientes datos del servicio
| Codigo del servicio | Clase servicio | Tipo Servicio | Prioridad | Hora inicio | Hora fin | Zonas | Observacion |
| SERV-001 | Clase A | Tipo A | Alta | 09:00 | 13:00 | Zona 1 | Servicio de prueba | [Automatizador enters 'SERV-001' into Código Servicio]]
[Test worker] WARN net.thucydides.core.steps.BaseStepListener - stepStarted: net.thucydides.core.steps.ExecutedStepDescription@7761e342
[Test worker] WARN net.thucydides.core.steps.BaseStepListener - stepFinished: current outcome:Crear una orden de servicio desde el call center:Example: {TipoID=Cedula de ciudadanía, Identificacion=1012835816, CodigoCliente=CC-123, Nombre=Juan Perez, Email=juan@example.com, Celular=1234567890, CodigoServicio=SERV-001, ClaseServicio=Clase A, TipoServicio=Tipo A, Prioridad=Alta, HoraInicio=09:00, HoraFin=13:00, Zonas=Zona 1, Observacion=Servicio de prueba, Serial=1234567, Productos=Producto X, Falla=Falla Y, Ubicacion=Cl. 118 #19-52, Complemento=Usaquén, Bogotá} [Dado que en el call center se desea crear una orden de servicio con los siguientes datos
| Tipo Identificacion | Identificacion | Codigo cliente | Nombre | Correo electronico | Celular | Ubicacion | Complemento |
| Cedula de ciudadanía | 1012835816 | CC-123 | Juan Perez | juan@example.com | 1234567890 | Cl. 118 #19-52 | Usaquén, Bogotá | [Automatizador ts crear servicio [Automatizador is abrir pagina [Automatizador opens the Object abrir pagina], Automatizador is login [Automatizador enters 'Automatizador' into Ingrese su usuario, Automatizador enters 'Demo123*' into Ingrese su contrasenia, Automatizador clicks on Iniciar Sesión, Then qs login should be a value equal to '1.5.7'], Automatizador clicks on Modulo principal de Smartwork, Automatizador clicks on Sub-Modulo principal de Gestión de servicios, Automatizador clicks on Botón +  de crear el servicio, Automatizador clicks on Campo Tipo de Identificación, Automatizador clicks on Lista cedula de ciudadania, Automatizador enters '1012835816' into Campo Identificación, Automatizador clicks on Campo de buscar el cliente, Automatizador clicks on Alerta para continuar con la creación del cliente, Automatizador enters 'CC-123' into Campo Código de Cliente, Automatizador enters 'Juan Perez' into Campo Nombre, Automatizador enters 'juan@example.com' into Campo Correo Electrónico, Automatizador enters '1234567890' into Campo Celular, Automatizador clicks on Campo Check Notificacion Correo, Automatizador clicks on Campo Check Notificacion Mensaje, Automatizador clicks on Guardar datos del cliente, Automatizador clicks on Alerta para continuar con la creación del cliente, Automatizador clicks on Boto + de agregar ubicaciones, Automatizador clicks on COnfirmar los mismo datos del usuario registrado, Automatizador enters 'Cl. 118 #19-52' into btón de Ubicación del cliente, Automatizador enters 'Usaquén, Bogotá' into btón de complemento del cliente, Automatizador clicks on btón de Guardar direccion del cliente, Automatizador clicks on btón de Continuar con la  direccion del cliente, Automatizador clicks on btón de Volver al formulario del servicio con la  direccion del cliente]], Y se ingresan los siguientes datos del servicio
| Codigo del servicio | Clase servicio | Tipo Servicio | Prioridad | Hora inicio | Hora fin | Zonas | Observacion |
| SERV-001 | Clase A | Tipo A | Alta | 09:00 | 13:00 | Zona 1 | Servicio de prueba | [Automatizador enters 'SERV-001' into Código Servicio], Y se ingresan los siguientes datos del producto
| Serial | Productos | Falla |
| 1234567 | Producto X | Falla Y |]
[Test worker] WARN net.thucydides.core.steps.BaseStepListener - stepStarted: net.thucydides.core.steps.ExecutedStepDescription@76a9a009
[Test worker] WARN net.thucydides.core.steps.BaseStepListener - stepFinished: current outcome:Crear una orden de servicio desde el call center:Example: {TipoID=Cedula de ciudadanía, Identificacion=1012835816, CodigoCliente=CC-123, Nombre=Juan Perez, Email=juan@example.com, Celular=1234567890, CodigoServicio=SERV-001, ClaseServicio=Clase A, TipoServicio=Tipo A, Prioridad=Alta, HoraInicio=09:00, HoraFin=13:00, Zonas=Zona 1, Observacion=Servicio de prueba, Serial=1234567, Productos=Producto X, Falla=Falla Y, Ubicacion=Cl. 118 #19-52, Complemento=Usaquén, Bogotá} [Dado que en el call center se desea crear una orden de servicio con los siguientes datos
| Tipo Identificacion | Identificacion | Codigo cliente | Nombre | Correo electronico | Celular | Ubicacion | Complemento |
| Cedula de ciudadanía | 1012835816 | CC-123 | Juan Perez | juan@example.com | 1234567890 | Cl. 118 #19-52 | Usaquén, Bogotá | [Automatizador ts crear servicio [Automatizador is abrir pagina [Automatizador opens the Object abrir pagina], Automatizador is login [Automatizador enters 'Automatizador' into Ingrese su usuario, Automatizador enters 'Demo123*' into Ingrese su contrasenia, Automatizador clicks on Iniciar Sesión, Then qs login should be a value equal to '1.5.7'], Automatizador clicks on Modulo principal de Smartwork, Automatizador clicks on Sub-Modulo principal de Gestión de servicios, Automatizador clicks on Botón +  de crear el servicio, Automatizador clicks on Campo Tipo de Identificación, Automatizador clicks on Lista cedula de ciudadania, Automatizador enters '1012835816' into Campo Identificación, Automatizador clicks on Campo de buscar el cliente, Automatizador clicks on Alerta para continuar con la creación del cliente, Automatizador enters 'CC-123' into Campo Código de Cliente, Automatizador enters 'Juan Perez' into Campo Nombre, Automatizador enters 'juan@example.com' into Campo Correo Electrónico, Automatizador enters '1234567890' into Campo Celular, Automatizador clicks on Campo Check Notificacion Correo, Automatizador clicks on Campo Check Notificacion Mensaje, Automatizador clicks on Guardar datos del cliente, Automatizador clicks on Alerta para continuar con la creación del cliente, Automatizador clicks on Boto + de agregar ubicaciones, Automatizador clicks on COnfirmar los mismo datos del usuario registrado, Automatizador enters 'Cl. 118 #19-52' into btón de Ubicación del cliente, Automatizador enters 'Usaquén, Bogotá' into btón de complemento del cliente, Automatizador clicks on btón de Guardar direccion del cliente, Automatizador clicks on btón de Continuar con la  direccion del cliente, Automatizador clicks on btón de Volver al formulario del servicio con la  direccion del cliente]], Y se ingresan los siguientes datos del servicio
| Codigo del servicio | Clase servicio | Tipo Servicio | Prioridad | Hora inicio | Hora fin | Zonas | Observacion |
| SERV-001 | Clase A | Tipo A | Alta | 09:00 | 13:00 | Zona 1 | Servicio de prueba | [Automatizador enters 'SERV-001' into Código Servicio], Y se ingresan los siguientes datos del producto
| Serial | Productos | Falla |
| 1234567 | Producto X | Falla Y |, Cuando se crea la orden de servicio]
[Test worker] WARN net.thucydides.core.steps.BaseStepListener - stepStarted: net.thucydides.core.steps.ExecutedStepDescription@3ca3648
[Test worker] WARN net.thucydides.core.steps.BaseStepListener - stepFinished: current outcome:Crear una orden de servicio desde el call center:Example: {TipoID=Cedula de ciudadanía, Identificacion=1012835816, CodigoCliente=CC-123, Nombre=Juan Perez, Email=juan@example.com, Celular=1234567890, CodigoServicio=SERV-001, ClaseServicio=Clase A, TipoServicio=Tipo A, Prioridad=Alta, HoraInicio=09:00, HoraFin=13:00, Zonas=Zona 1, Observacion=Servicio de prueba, Serial=1234567, Productos=Producto X, Falla=Falla Y, Ubicacion=Cl. 118 #19-52, Complemento=Usaquén, Bogotá} [Dado que en el call center se desea crear una orden de servicio con los siguientes datos
| Tipo Identificacion | Identificacion | Codigo cliente | Nombre | Correo electronico | Celular | Ubicacion | Complemento |
| Cedula de ciudadanía | 1012835816 | CC-123 | Juan Perez | juan@example.com | 1234567890 | Cl. 118 #19-52 | Usaquén, Bogotá | [Automatizador ts crear servicio [Automatizador is abrir pagina [Automatizador opens the Object abrir pagina], Automatizador is login [Automatizador enters 'Automatizador' into Ingrese su usuario, Automatizador enters 'Demo123*' into Ingrese su contrasenia, Automatizador clicks on Iniciar Sesión, Then qs login should be a value equal to '1.5.7'], Automatizador clicks on Modulo principal de Smartwork, Automatizador clicks on Sub-Modulo principal de Gestión de servicios, Automatizador clicks on Botón +  de crear el servicio, Automatizador clicks on Campo Tipo de Identificación, Automatizador clicks on Lista cedula de ciudadania, Automatizador enters '1012835816' into Campo Identificación, Automatizador clicks on Campo de buscar el cliente, Automatizador clicks on Alerta para continuar con la creación del cliente, Automatizador enters 'CC-123' into Campo Código de Cliente, Automatizador enters 'Juan Perez' into Campo Nombre, Automatizador enters 'juan@example.com' into Campo Correo Electrónico, Automatizador enters '1234567890' into Campo Celular, Automatizador clicks on Campo Check Notificacion Correo, Automatizador clicks on Campo Check Notificacion Mensaje, Automatizador clicks on Guardar datos del cliente, Automatizador clicks on Alerta para continuar con la creación del cliente, Automatizador clicks on Boto + de agregar ubicaciones, Automatizador clicks on COnfirmar los mismo datos del usuario registrado, Automatizador enters 'Cl. 118 #19-52' into btón de Ubicación del cliente, Automatizador enters 'Usaquén, Bogotá' into btón de complemento del cliente, Automatizador clicks on btón de Guardar direccion del cliente, Automatizador clicks on btón de Continuar con la  direccion del cliente, Automatizador clicks on btón de Volver al formulario del servicio con la  direccion del cliente]], Y se ingresan los siguientes datos del servicio
| Codigo del servicio | Clase servicio | Tipo Servicio | Prioridad | Hora inicio | Hora fin | Zonas | Observacion |
| SERV-001 | Clase A | Tipo A | Alta | 09:00 | 13:00 | Zona 1 | Servicio de prueba | [Automatizador enters 'SERV-001' into Código Servicio], Y se ingresan los siguientes datos del producto
| Serial | Productos | Falla |
| 1234567 | Producto X | Falla Y |, Cuando se crea la orden de servicio, Entonces se verifica que la orden de servicio se ha creado correctamente]
[Test worker] WARN net.thucydides.core.steps.BaseStepListener - stepFinished: current outcome:Crear una orden de servicio desde el call center:Example: {TipoID=Cedula de ciudadanía, Identificacion=1012835816, CodigoCliente=CC-123, Nombre=Juan Perez, Email=juan@example.com, Celular=1234567890, CodigoServicio=SERV-001, ClaseServicio=Clase A, TipoServicio=Tipo A, Prioridad=Alta, HoraInicio=09:00, HoraFin=13:00, Zonas=Zona 1, Observacion=Servicio de prueba, Serial=1234567, Productos=Producto X, Falla=Falla Y, Ubicacion=Cl. 118 #19-52, Complemento=Usaquén, Bogotá} [Dado que en el call center se desea crear una orden de servicio con los siguientes datos
| Tipo Identificacion | Identificacion | Codigo cliente | Nombre | Correo electronico | Celular | Ubicacion | Complemento |
| Cedula de ciudadanía | 1012835816 | CC-123 | Juan Perez | juan@example.com | 1234567890 | Cl. 118 #19-52 | Usaquén, Bogotá | [Automatizador ts crear servicio [Automatizador is abrir pagina [Automatizador opens the Object abrir pagina], Automatizador is login [Automatizador enters 'Automatizador' into Ingrese su usuario, Automatizador enters 'Demo123*' into Ingrese su contrasenia, Automatizador clicks on Iniciar Sesión, Then qs login should be a value equal to '1.5.7'], Automatizador clicks on Modulo principal de Smartwork, Automatizador clicks on Sub-Modulo principal de Gestión de servicios, Automatizador clicks on Botón +  de crear el servicio, Automatizador clicks on Campo Tipo de Identificación, Automatizador clicks on Lista cedula de ciudadania, Automatizador enters '1012835816' into Campo Identificación, Automatizador clicks on Campo de buscar el cliente, Automatizador clicks on Alerta para continuar con la creación del cliente, Automatizador enters 'CC-123' into Campo Código de Cliente, Automatizador enters 'Juan Perez' into Campo Nombre, Automatizador enters 'juan@example.com' into Campo Correo Electrónico, Automatizador enters '1234567890' into Campo Celular, Automatizador clicks on Campo Check Notificacion Correo, Automatizador clicks on Campo Check Notificacion Mensaje, Automatizador clicks on Guardar datos del cliente, Automatizador clicks on Alerta para continuar con la creación del cliente, Automatizador clicks on Boto + de agregar ubicaciones, Automatizador clicks on COnfirmar los mismo datos del usuario registrado, Automatizador enters 'Cl. 118 #19-52' into btón de Ubicación del cliente, Automatizador enters 'Usaquén, Bogotá' into btón de complemento del cliente, Automatizador clicks on btón de Guardar direccion del cliente, Automatizador clicks on btón de Continuar con la  direccion del cliente, Automatizador clicks on btón de Volver al formulario del servicio con la  direccion del cliente]], Y se ingresan los siguientes datos del servicio
| Codigo del servicio | Clase servicio | Tipo Servicio | Prioridad | Hora inicio | Hora fin | Zonas | Observacion |
| SERV-001 | Clase A | Tipo A | Alta | 09:00 | 13:00 | Zona 1 | Servicio de prueba | [Automatizador enters 'SERV-001' into Código Servicio], Y se ingresan los siguientes datos del producto
| Serial | Productos | Falla |
| 1234567 | Producto X | Falla Y |, Cuando se crea la orden de servicio, Entonces se verifica que la orden de servicio se ha creado correctamente]
[Test worker] WARN net.thucydides.core.steps.BaseStepListener - testFinished: Crear una orden de servicio desde el call center:Example: {TipoID=Cedula de ciudadanía, Identificacion=1012835816, CodigoCliente=CC-123, Nombre=Juan Perez, Email=juan@example.com, Celular=1234567890, CodigoServicio=SERV-001, ClaseServicio=Clase A, TipoServicio=Tipo A, Prioridad=Alta, HoraInicio=09:00, HoraFin=13:00, Zonas=Zona 1, Observacion=Servicio de prueba, Serial=1234567, Productos=Producto X, Falla=Falla Y, Ubicacion=Cl. 118 #19-52, Complemento=Usaquén, Bogotá} [Dado que en el call center se desea crear una orden de servicio con los siguientes datos
| Tipo Identificacion | Identificacion | Codigo cliente | Nombre | Correo electronico | Celular | Ubicacion | Complemento |
| Cedula de ciudadanía | 1012835816 | CC-123 | Juan Perez | juan@example.com | 1234567890 | Cl. 118 #19-52 | Usaquén, Bogotá | [Automatizador ts crear servicio [Automatizador is abrir pagina [Automatizador opens the Object abrir pagina], Automatizador is login [Automatizador enters 'Automatizador' into Ingrese su usuario, Automatizador enters 'Demo123*' into Ingrese su contrasenia, Automatizador clicks on Iniciar Sesión, Then qs login should be a value equal to '1.5.7'], Automatizador clicks on Modulo principal de Smartwork, Automatizador clicks on Sub-Modulo principal de Gestión de servicios, Automatizador clicks on Botón +  de crear el servicio, Automatizador clicks on Campo Tipo de Identificación, Automatizador clicks on Lista cedula de ciudadania, Automatizador enters '1012835816' into Campo Identificación, Automatizador clicks on Campo de buscar el cliente, Automatizador clicks on Alerta para continuar con la creación del cliente, Automatizador enters 'CC-123' into Campo Código de Cliente, Automatizador enters 'Juan Perez' into Campo Nombre, Automatizador enters 'juan@example.com' into Campo Correo Electrónico, Automatizador enters '1234567890' into Campo Celular, Automatizador clicks on Campo Check Notificacion Correo, Automatizador clicks on Campo Check Notificacion Mensaje, Automatizador clicks on Guardar datos del cliente, Automatizador clicks on Alerta para continuar con la creación del cliente, Automatizador clicks on Boto + de agregar ubicaciones, Automatizador clicks on COnfirmar los mismo datos del usuario registrado, Automatizador enters 'Cl. 118 #19-52' into btón de Ubicación del cliente, Automatizador enters 'Usaquén, Bogotá' into btón de complemento del cliente, Automatizador clicks on btón de Guardar direccion del cliente, Automatizador clicks on btón de Continuar con la  direccion del cliente, Automatizador clicks on btón de Volver al formulario del servicio con la  direccion del cliente]], Y se ingresan los siguientes datos del servicio
| Codigo del servicio | Clase servicio | Tipo Servicio | Prioridad | Hora inicio | Hora fin | Zonas | Observacion |
| SERV-001 | Clase A | Tipo A | Alta | 09:00 | 13:00 | Zona 1 | Servicio de prueba | [Automatizador enters 'SERV-001' into Código Servicio], Y se ingresan los siguientes datos del producto
| Serial | Productos | Falla |
| 1234567 | Producto X | Falla Y |, Cuando se crea la orden de servicio, Entonces se verifica que la orden de servicio se ha creado correctamente]
[Test worker] WARN net.thucydides.core.steps.BaseStepListener - TestOutcomes: [Crear una orden de servicio desde el call center:Example: {TipoID=Cedula de ciudadanía, Identificacion=1012835816, CodigoCliente=CC-123, Nombre=Juan Perez, Email=juan@example.com, Celular=1234567890, CodigoServicio=SERV-001, ClaseServicio=Clase A, TipoServicio=Tipo A, Prioridad=Alta, HoraInicio=09:00, HoraFin=13:00, Zonas=Zona 1, Observacion=Servicio de prueba, Serial=1234567, Productos=Producto X, Falla=Falla Y, Ubicacion=Cl. 118 #19-52, Complemento=Usaquén, Bogotá} [Dado que en el call center se desea crear una orden de servicio con los siguientes datos
| Tipo Identificacion | Identificacion | Codigo cliente | Nombre | Correo electronico | Celular | Ubicacion | Complemento |
| Cedula de ciudadanía | 1012835816 | CC-123 | Juan Perez | juan@example.com | 1234567890 | Cl. 118 #19-52 | Usaquén, Bogotá | [Automatizador ts crear servicio [Automatizador is abrir pagina [Automatizador opens the Object abrir pagina], Automatizador is login [Automatizador enters 'Automatizador' into Ingrese su usuario, Automatizador enters 'Demo123*' into Ingrese su contrasenia, Automatizador clicks on Iniciar Sesión, Then qs login should be a value equal to '1.5.7'], Automatizador clicks on Modulo principal de Smartwork, Automatizador clicks on Sub-Modulo principal de Gestión de servicios, Automatizador clicks on Botón +  de crear el servicio, Automatizador clicks on Campo Tipo de Identificación, Automatizador clicks on Lista cedula de ciudadania, Automatizador enters '1012835816' into Campo Identificación, Automatizador clicks on Campo de buscar el cliente, Automatizador clicks on Alerta para continuar con la creación del cliente, Automatizador enters 'CC-123' into Campo Código de Cliente, Automatizador enters 'Juan Perez' into Campo Nombre, Automatizador enters 'juan@example.com' into Campo Correo Electrónico, Automatizador enters '1234567890' into Campo Celular, Automatizador clicks on Campo Check Notificacion Correo, Automatizador clicks on Campo Check Notificacion Mensaje, Automatizador clicks on Guardar datos del cliente, Automatizador clicks on Alerta para continuar con la creación del cliente, Automatizador clicks on Boto + de agregar ubicaciones, Automatizador clicks on COnfirmar los mismo datos del usuario registrado, Automatizador enters 'Cl. 118 #19-52' into btón de Ubicación del cliente, Automatizador enters 'Usaquén, Bogotá' into btón de complemento del cliente, Automatizador clicks on btón de Guardar direccion del cliente, Automatizador clicks on btón de Continuar con la  direccion del cliente, Automatizador clicks on btón de Volver al formulario del servicio con la  direccion del cliente]], Y se ingresan los siguientes datos del servicio
| Codigo del servicio | Clase servicio | Tipo Servicio | Prioridad | Hora inicio | Hora fin | Zonas | Observacion |
| SERV-001 | Clase A | Tipo A | Alta | 09:00 | 13:00 | Zona 1 | Servicio de prueba | [Automatizador enters 'SERV-001' into Código Servicio], Y se ingresan los siguientes datos del producto
| Serial | Productos | Falla |
| 1234567 | Producto X | Falla Y |, Cuando se crea la orden de servicio, Entonces se verifica que la orden de servicio se ha creado correctamente]]
[Test worker] WARN net.thucydides.core.steps.BaseStepListener - Final testOutcomes: [Crear una orden de servicio desde el call center:Example: {TipoID=Cedula de ciudadanía, Identificacion=1012835816, CodigoCliente=CC-123, Nombre=Juan Perez, Email=juan@example.com, Celular=1234567890, CodigoServicio=SERV-001, ClaseServicio=Clase A, TipoServicio=Tipo A, Prioridad=Alta, HoraInicio=09:00, HoraFin=13:00, Zonas=Zona 1, Observacion=Servicio de prueba, Serial=1234567, Productos=Producto X, Falla=Falla Y, Ubicacion=Cl. 118 #19-52, Complemento=Usaquén, Bogotá} [Dado que en el call center se desea crear una orden de servicio con los siguientes datos
| Tipo Identificacion | Identificacion | Codigo cliente | Nombre | Correo electronico | Celular | Ubicacion | Complemento |
| Cedula de ciudadanía | 1012835816 | CC-123 | Juan Perez | juan@example.com | 1234567890 | Cl. 118 #19-52 | Usaquén, Bogotá | [Automatizador ts crear servicio [Automatizador is abrir pagina [Automatizador opens the Object abrir pagina], Automatizador is login [Automatizador enters 'Automatizador' into Ingrese su usuario, Automatizador enters 'Demo123*' into Ingrese su contrasenia, Automatizador clicks on Iniciar Sesión, Then qs login should be a value equal to '1.5.7'], Automatizador clicks on Modulo principal de Smartwork, Automatizador clicks on Sub-Modulo principal de Gestión de servicios, Automatizador clicks on Botón +  de crear el servicio, Automatizador clicks on Campo Tipo de Identificación, Automatizador clicks on Lista cedula de ciudadania, Automatizador enters '1012835816' into Campo Identificación, Automatizador clicks on Campo de buscar el cliente, Automatizador clicks on Alerta para continuar con la creación del cliente, Automatizador enters 'CC-123' into Campo Código de Cliente, Automatizador enters 'Juan Perez' into Campo Nombre, Automatizador enters 'juan@example.com' into Campo Correo Electrónico, Automatizador enters '1234567890' into Campo Celular, Automatizador clicks on Campo Check Notificacion Correo, Automatizador clicks on Campo Check Notificacion Mensaje, Automatizador clicks on Guardar datos del cliente, Automatizador clicks on Alerta para continuar con la creación del cliente, Automatizador clicks on Boto + de agregar ubicaciones, Automatizador clicks on COnfirmar los mismo datos del usuario registrado, Automatizador enters 'Cl. 118 #19-52' into btón de Ubicación del cliente, Automatizador enters 'Usaquén, Bogotá' into btón de complemento del cliente, Automatizador clicks on btón de Guardar direccion del cliente, Automatizador clicks on btón de Continuar con la  direccion del cliente, Automatizador clicks on btón de Volver al formulario del servicio con la  direccion del cliente]], Y se ingresan los siguientes datos del servicio
| Codigo del servicio | Clase servicio | Tipo Servicio | Prioridad | Hora inicio | Hora fin | Zonas | Observacion |
| SERV-001 | Clase A | Tipo A | Alta | 09:00 | 13:00 | Zona 1 | Servicio de prueba | [Automatizador enters 'SERV-001' into Código Servicio], Y se ingresan los siguientes datos del producto
| Serial | Productos | Falla |
| 1234567 | Producto X | Falla Y |, Cuando se crea la orden de servicio, Entonces se verifica que la orden de servicio se ha creado correctamente]]
[Test worker] INFO net.thucydides.core.steps.ConsoleLoggingListener - 
        __    _____ _____ ____ _____   ____   _    ____  ____  _____ ____  
  _     \ \  |_   _| ____/ ___|_   _| |  _ \ / \  / ___|/ ___|| ____|  _ \ 
 (_)_____| |   | | |  _| \___ \ | |   | |_) / _ \ \___ \\___ \|  _| | | | |
  _|_____| |   | | | |___ ___) || |   |  __/ ___ \ ___) |___) | |___| |_| |
 (_)     | |   |_| |_____|____/ |_|   |_| /_/   \_\____/|____/|_____|____/ 
        /_/                                                                

TEST PASSED: Crear una orden de servicio desde el call center
----------------------------------------------------------------------------
]]></system-err>
</testsuite>
