<?xml version="1.0" encoding="UTF-8"?>
<testsuite name="Proceso de agendamiento de servicios" tests="1" skipped="0" failures="0" errors="0" timestamp="2023-11-27T19:15:48" hostname="LTBG60836" time="75.163">
  <properties/>
  <testcase name="Crear una orden de servicio desde el call center" classname="Proceso de agendamiento de servicios" time="75.163"/>
  <system-out><![CDATA[El numero random generado es: 14021966
limpiado del navegador con éxito.
    ?[32mDado ?[0m?[32mque en el call center se desea crear una orden de servicio con los siguientes datos?[0m ?[90m# StepCrearServicio.queEnElCallCenterSeDeseaCrearUnaOrdenDeServicioConLosSiguientesDatos(DataTable)?[0m
    ?[32mY ?[0m?[32mse ingresan los siguientes datos del servicio?[0m                                          ?[90m# StepCrearServicio.seIngresanLosSiguientesDatosDelServicio(DataTable)?[0m
Numero de Orden Obtenida : 2120
    ?[32mY ?[0m?[32mse ingresan los siguientes datos del producto?[0m                                          ?[90m# StepCrearServicio.seIngresanLosSiguientesDatosDelProducto(DataTable)?[0m
    ?[32mCuando ?[0m?[32mse crea la orden de servicio?[0m                                                      ?[90m# StepCrearServicio.seCreaLaOrdenDeServicio()?[0m
    ?[32mEntonces ?[0m?[32mse verifica que la orden de servicio se ha creado correctamente?[0m                 ?[90m# StepCrearServicio.seVerificaQueLaOrdenDeServicioSeHaCreadoCorrectamente()?[0m
]]></system-out>
  <system-err><![CDATA[[Test worker] WARN net.thucydides.core.steps.BaseStepListener - stepStarted: net.thucydides.core.steps.ExecutedStepDescription@408b35bf
[Test worker] WARN net.thucydides.core.steps.BaseStepListener - stepStarted: net.thucydides.core.steps.ExecutedStepDescription@7318daf8
[Test worker] WARN net.thucydides.core.steps.BaseStepListener - stepStarted: net.thucydides.core.steps.ExecutedStepDescription@35342d2f
[Test worker] WARN net.thucydides.core.steps.BaseStepListener - stepStarted: net.thucydides.core.steps.ExecutedStepDescription@6ff415ad
nov 27, 2023 2:15:49 PM org.openqa.selenium.remote.DesiredCapabilities chrome
INFORMACIÓN: Using `new ChromeOptions()` is preferred to `DesiredCapabilities.chrome()`
[Test worker] INFO net.serenitybdd.core.webdriver.driverproviders.ProvideNewDriver - Instantiating driver
[Test worker] INFO net.serenitybdd.core.webdriver.driverproviders.ProvideNewDriver - Driver capabilities: Capabilities {acceptInsecureCerts: false, acceptSslCerts: true, browserName: chrome, chrome.switches: --disable-extensions,--star..., goog:chromeOptions: {args: [--disable-extensions, --start-maximized, --test-type, --user-agent=New User Agent], extensions: [], prefs: {pdfjs.disabled: true, profile_default_content_settings.popups: 0}}, handlesAlerts: true, loggingPrefs: org.openqa.selenium.logging..., platform: ANY, version: }
Starting ChromeDriver 119.0.6045.105 (38c72552c5e15ba9b3117c0967a0fd105072d7c6-refs/branch-heads/6045@{#1103}) on port 45989
Only local connections are allowed.
Please see https://chromedriver.chromium.org/security-considerations for suggestions on keeping ChromeDriver safe.
ChromeDriver was started successfully.
nov 27, 2023 2:15:53 PM org.openqa.selenium.remote.ProtocolHandshake createSession
INFORMACIÓN: Detected dialect: W3C
[Test worker] WARN net.thucydides.core.steps.BaseStepListener - stepFinished: current outcome:Crear una orden de servicio desde el call center:Example: {TipoID=NIT, Identificacion=X, CodigoCliente=CC-123, Nombre=R. Automotion 3, Email=jhon.quinones@infotrack.com.co, Celular=1234567890, CodigoServicio=01, ClaseServicio=Domicilio, TipoServicio=Mantenimiento, Prioridad=Alta, HoraInicio=07:00 AM, HoraFin=05:00 PM, Zonas=X, Observacion=Servicio de prueba, Serial=4800356789212, Productos=Campana Extractora, Falla=BOTA AGUA, Ubicacion=Cl. 118 #19-52, Complemento=Complemento, Ciudad=bogota, Departamento=Bogota, Dv=7} [Dado que en el call center se desea crear una orden de servicio con los siguientes datos
| Tipo Identificacion | Identificacion | Dv | Codigo cliente | Nombre | Correo electronico | Celular | Ubicacion | Complemento | Ciudad | Departamento |
| NIT | X | 7 | CC-123 | R. Automotion 3 | jhon.quinones@infotrack.com.co | 1234567890 | Cl. 118 #19-52 | Complemento | bogota | Bogota | [Automatizador ts crear servicio01 [Automatizador is abrir pagina [Automatizador opens the Object abrir pagina]]]]
[Test worker] WARN net.thucydides.core.steps.BaseStepListener - stepFinished: current outcome:Crear una orden de servicio desde el call center:Example: {TipoID=NIT, Identificacion=X, CodigoCliente=CC-123, Nombre=R. Automotion 3, Email=jhon.quinones@infotrack.com.co, Celular=1234567890, CodigoServicio=01, ClaseServicio=Domicilio, TipoServicio=Mantenimiento, Prioridad=Alta, HoraInicio=07:00 AM, HoraFin=05:00 PM, Zonas=X, Observacion=Servicio de prueba, Serial=4800356789212, Productos=Campana Extractora, Falla=BOTA AGUA, Ubicacion=Cl. 118 #19-52, Complemento=Complemento, Ciudad=bogota, Departamento=Bogota, Dv=7} [Dado que en el call center se desea crear una orden de servicio con los siguientes datos
| Tipo Identificacion | Identificacion | Dv | Codigo cliente | Nombre | Correo electronico | Celular | Ubicacion | Complemento | Ciudad | Departamento |
| NIT | X | 7 | CC-123 | R. Automotion 3 | jhon.quinones@infotrack.com.co | 1234567890 | Cl. 118 #19-52 | Complemento | bogota | Bogota | [Automatizador ts crear servicio01 [Automatizador is abrir pagina [Automatizador opens the Object abrir pagina]]]]
[Test worker] WARN net.thucydides.core.steps.BaseStepListener - stepStarted: net.thucydides.core.steps.ExecutedStepDescription@1280682
[Test worker] WARN net.thucydides.core.steps.BaseStepListener - stepStarted: net.thucydides.core.steps.ExecutedStepDescription@4640195a
[Test worker] WARN net.thucydides.core.steps.BaseStepListener - stepFinished: current outcome:Crear una orden de servicio desde el call center:Example: {TipoID=NIT, Identificacion=X, CodigoCliente=CC-123, Nombre=R. Automotion 3, Email=jhon.quinones@infotrack.com.co, Celular=1234567890, CodigoServicio=01, ClaseServicio=Domicilio, TipoServicio=Mantenimiento, Prioridad=Alta, HoraInicio=07:00 AM, HoraFin=05:00 PM, Zonas=X, Observacion=Servicio de prueba, Serial=4800356789212, Productos=Campana Extractora, Falla=BOTA AGUA, Ubicacion=Cl. 118 #19-52, Complemento=Complemento, Ciudad=bogota, Departamento=Bogota, Dv=7} [Dado que en el call center se desea crear una orden de servicio con los siguientes datos
| Tipo Identificacion | Identificacion | Dv | Codigo cliente | Nombre | Correo electronico | Celular | Ubicacion | Complemento | Ciudad | Departamento |
| NIT | X | 7 | CC-123 | R. Automotion 3 | jhon.quinones@infotrack.com.co | 1234567890 | Cl. 118 #19-52 | Complemento | bogota | Bogota | [Automatizador ts crear servicio01 [Automatizador is abrir pagina [Automatizador opens the Object abrir pagina], Automatizador is login [Automatizador enters 'Automatizador' into Ingrese su usuario]]]]
[Test worker] WARN net.thucydides.core.steps.BaseStepListener - stepStarted: net.thucydides.core.steps.ExecutedStepDescription@500051c5
[Test worker] WARN net.thucydides.core.steps.BaseStepListener - stepFinished: current outcome:Crear una orden de servicio desde el call center:Example: {TipoID=NIT, Identificacion=X, CodigoCliente=CC-123, Nombre=R. Automotion 3, Email=jhon.quinones@infotrack.com.co, Celular=1234567890, CodigoServicio=01, ClaseServicio=Domicilio, TipoServicio=Mantenimiento, Prioridad=Alta, HoraInicio=07:00 AM, HoraFin=05:00 PM, Zonas=X, Observacion=Servicio de prueba, Serial=4800356789212, Productos=Campana Extractora, Falla=BOTA AGUA, Ubicacion=Cl. 118 #19-52, Complemento=Complemento, Ciudad=bogota, Departamento=Bogota, Dv=7} [Dado que en el call center se desea crear una orden de servicio con los siguientes datos
| Tipo Identificacion | Identificacion | Dv | Codigo cliente | Nombre | Correo electronico | Celular | Ubicacion | Complemento | Ciudad | Departamento |
| NIT | X | 7 | CC-123 | R. Automotion 3 | jhon.quinones@infotrack.com.co | 1234567890 | Cl. 118 #19-52 | Complemento | bogota | Bogota | [Automatizador ts crear servicio01 [Automatizador is abrir pagina [Automatizador opens the Object abrir pagina], Automatizador is login [Automatizador enters 'Automatizador' into Ingrese su usuario, Automatizador enters 'Demo123*' into Ingrese su contrasenia]]]]
[Test worker] WARN net.thucydides.core.steps.BaseStepListener - stepStarted: net.thucydides.core.steps.ExecutedStepDescription@606a1bc4
[Test worker] WARN net.thucydides.core.steps.BaseStepListener - stepFinished: current outcome:Crear una orden de servicio desde el call center:Example: {TipoID=NIT, Identificacion=X, CodigoCliente=CC-123, Nombre=R. Automotion 3, Email=jhon.quinones@infotrack.com.co, Celular=1234567890, CodigoServicio=01, ClaseServicio=Domicilio, TipoServicio=Mantenimiento, Prioridad=Alta, HoraInicio=07:00 AM, HoraFin=05:00 PM, Zonas=X, Observacion=Servicio de prueba, Serial=4800356789212, Productos=Campana Extractora, Falla=BOTA AGUA, Ubicacion=Cl. 118 #19-52, Complemento=Complemento, Ciudad=bogota, Departamento=Bogota, Dv=7} [Dado que en el call center se desea crear una orden de servicio con los siguientes datos
| Tipo Identificacion | Identificacion | Dv | Codigo cliente | Nombre | Correo electronico | Celular | Ubicacion | Complemento | Ciudad | Departamento |
| NIT | X | 7 | CC-123 | R. Automotion 3 | jhon.quinones@infotrack.com.co | 1234567890 | Cl. 118 #19-52 | Complemento | bogota | Bogota | [Automatizador ts crear servicio01 [Automatizador is abrir pagina [Automatizador opens the Object abrir pagina], Automatizador is login [Automatizador enters 'Automatizador' into Ingrese su usuario, Automatizador enters 'Demo123*' into Ingrese su contrasenia, Automatizador clicks on Iniciar Sesión]]]]
[Test worker] WARN net.thucydides.core.steps.BaseStepListener - stepStarted: net.thucydides.core.steps.ExecutedStepDescription@37a9b687
[Test worker] WARN net.thucydides.core.steps.BaseStepListener - stepFinished: current outcome:Crear una orden de servicio desde el call center:Example: {TipoID=NIT, Identificacion=X, CodigoCliente=CC-123, Nombre=R. Automotion 3, Email=jhon.quinones@infotrack.com.co, Celular=1234567890, CodigoServicio=01, ClaseServicio=Domicilio, TipoServicio=Mantenimiento, Prioridad=Alta, HoraInicio=07:00 AM, HoraFin=05:00 PM, Zonas=X, Observacion=Servicio de prueba, Serial=4800356789212, Productos=Campana Extractora, Falla=BOTA AGUA, Ubicacion=Cl. 118 #19-52, Complemento=Complemento, Ciudad=bogota, Departamento=Bogota, Dv=7} [Dado que en el call center se desea crear una orden de servicio con los siguientes datos
| Tipo Identificacion | Identificacion | Dv | Codigo cliente | Nombre | Correo electronico | Celular | Ubicacion | Complemento | Ciudad | Departamento |
| NIT | X | 7 | CC-123 | R. Automotion 3 | jhon.quinones@infotrack.com.co | 1234567890 | Cl. 118 #19-52 | Complemento | bogota | Bogota | [Automatizador ts crear servicio01 [Automatizador is abrir pagina [Automatizador opens the Object abrir pagina], Automatizador is login [Automatizador enters 'Automatizador' into Ingrese su usuario, Automatizador enters 'Demo123*' into Ingrese su contrasenia, Automatizador clicks on Iniciar Sesión, Then qs login should be a value equal to '1.6.3']]]]
[Test worker] WARN net.thucydides.core.steps.BaseStepListener - stepFinished: current outcome:Crear una orden de servicio desde el call center:Example: {TipoID=NIT, Identificacion=X, CodigoCliente=CC-123, Nombre=R. Automotion 3, Email=jhon.quinones@infotrack.com.co, Celular=1234567890, CodigoServicio=01, ClaseServicio=Domicilio, TipoServicio=Mantenimiento, Prioridad=Alta, HoraInicio=07:00 AM, HoraFin=05:00 PM, Zonas=X, Observacion=Servicio de prueba, Serial=4800356789212, Productos=Campana Extractora, Falla=BOTA AGUA, Ubicacion=Cl. 118 #19-52, Complemento=Complemento, Ciudad=bogota, Departamento=Bogota, Dv=7} [Dado que en el call center se desea crear una orden de servicio con los siguientes datos
| Tipo Identificacion | Identificacion | Dv | Codigo cliente | Nombre | Correo electronico | Celular | Ubicacion | Complemento | Ciudad | Departamento |
| NIT | X | 7 | CC-123 | R. Automotion 3 | jhon.quinones@infotrack.com.co | 1234567890 | Cl. 118 #19-52 | Complemento | bogota | Bogota | [Automatizador ts crear servicio01 [Automatizador is abrir pagina [Automatizador opens the Object abrir pagina], Automatizador is login [Automatizador enters 'Automatizador' into Ingrese su usuario, Automatizador enters 'Demo123*' into Ingrese su contrasenia, Automatizador clicks on Iniciar Sesión, Then qs login should be a value equal to '1.6.3']]]]
[Test worker] WARN net.thucydides.core.steps.BaseStepListener - stepStarted: net.thucydides.core.steps.ExecutedStepDescription@7bee8621
[Test worker] WARN net.thucydides.core.steps.BaseStepListener - stepFinished: current outcome:Crear una orden de servicio desde el call center:Example: {TipoID=NIT, Identificacion=X, CodigoCliente=CC-123, Nombre=R. Automotion 3, Email=jhon.quinones@infotrack.com.co, Celular=1234567890, CodigoServicio=01, ClaseServicio=Domicilio, TipoServicio=Mantenimiento, Prioridad=Alta, HoraInicio=07:00 AM, HoraFin=05:00 PM, Zonas=X, Observacion=Servicio de prueba, Serial=4800356789212, Productos=Campana Extractora, Falla=BOTA AGUA, Ubicacion=Cl. 118 #19-52, Complemento=Complemento, Ciudad=bogota, Departamento=Bogota, Dv=7} [Dado que en el call center se desea crear una orden de servicio con los siguientes datos
| Tipo Identificacion | Identificacion | Dv | Codigo cliente | Nombre | Correo electronico | Celular | Ubicacion | Complemento | Ciudad | Departamento |
| NIT | X | 7 | CC-123 | R. Automotion 3 | jhon.quinones@infotrack.com.co | 1234567890 | Cl. 118 #19-52 | Complemento | bogota | Bogota | [Automatizador ts crear servicio01 [Automatizador is abrir pagina [Automatizador opens the Object abrir pagina], Automatizador is login [Automatizador enters 'Automatizador' into Ingrese su usuario, Automatizador enters 'Demo123*' into Ingrese su contrasenia, Automatizador clicks on Iniciar Sesión, Then qs login should be a value equal to '1.6.3'], Automatizador clicks on Modulo principal de Smartwork]]]
[Test worker] WARN net.thucydides.core.steps.BaseStepListener - stepStarted: net.thucydides.core.steps.ExecutedStepDescription@4ea56bdb
[Test worker] WARN net.thucydides.core.steps.BaseStepListener - stepFinished: current outcome:Crear una orden de servicio desde el call center:Example: {TipoID=NIT, Identificacion=X, CodigoCliente=CC-123, Nombre=R. Automotion 3, Email=jhon.quinones@infotrack.com.co, Celular=1234567890, CodigoServicio=01, ClaseServicio=Domicilio, TipoServicio=Mantenimiento, Prioridad=Alta, HoraInicio=07:00 AM, HoraFin=05:00 PM, Zonas=X, Observacion=Servicio de prueba, Serial=4800356789212, Productos=Campana Extractora, Falla=BOTA AGUA, Ubicacion=Cl. 118 #19-52, Complemento=Complemento, Ciudad=bogota, Departamento=Bogota, Dv=7} [Dado que en el call center se desea crear una orden de servicio con los siguientes datos
| Tipo Identificacion | Identificacion | Dv | Codigo cliente | Nombre | Correo electronico | Celular | Ubicacion | Complemento | Ciudad | Departamento |
| NIT | X | 7 | CC-123 | R. Automotion 3 | jhon.quinones@infotrack.com.co | 1234567890 | Cl. 118 #19-52 | Complemento | bogota | Bogota | [Automatizador ts crear servicio01 [Automatizador is abrir pagina [Automatizador opens the Object abrir pagina], Automatizador is login [Automatizador enters 'Automatizador' into Ingrese su usuario, Automatizador enters 'Demo123*' into Ingrese su contrasenia, Automatizador clicks on Iniciar Sesión, Then qs login should be a value equal to '1.6.3'], Automatizador clicks on Modulo principal de Smartwork, Automatizador clicks on Sub-Modulo principal de Gestión de servicios]]]
[Test worker] WARN net.thucydides.core.steps.BaseStepListener - stepStarted: net.thucydides.core.steps.ExecutedStepDescription@c1e14f
[Test worker] WARN net.thucydides.core.steps.BaseStepListener - stepFinished: current outcome:Crear una orden de servicio desde el call center:Example: {TipoID=NIT, Identificacion=X, CodigoCliente=CC-123, Nombre=R. Automotion 3, Email=jhon.quinones@infotrack.com.co, Celular=1234567890, CodigoServicio=01, ClaseServicio=Domicilio, TipoServicio=Mantenimiento, Prioridad=Alta, HoraInicio=07:00 AM, HoraFin=05:00 PM, Zonas=X, Observacion=Servicio de prueba, Serial=4800356789212, Productos=Campana Extractora, Falla=BOTA AGUA, Ubicacion=Cl. 118 #19-52, Complemento=Complemento, Ciudad=bogota, Departamento=Bogota, Dv=7} [Dado que en el call center se desea crear una orden de servicio con los siguientes datos
| Tipo Identificacion | Identificacion | Dv | Codigo cliente | Nombre | Correo electronico | Celular | Ubicacion | Complemento | Ciudad | Departamento |
| NIT | X | 7 | CC-123 | R. Automotion 3 | jhon.quinones@infotrack.com.co | 1234567890 | Cl. 118 #19-52 | Complemento | bogota | Bogota | [Automatizador ts crear servicio01 [Automatizador is abrir pagina [Automatizador opens the Object abrir pagina], Automatizador is login [Automatizador enters 'Automatizador' into Ingrese su usuario, Automatizador enters 'Demo123*' into Ingrese su contrasenia, Automatizador clicks on Iniciar Sesión, Then qs login should be a value equal to '1.6.3'], Automatizador clicks on Modulo principal de Smartwork, Automatizador clicks on Sub-Modulo principal de Gestión de servicios, Automatizador clicks on Botón +  de crear el servicio]]]
[Test worker] WARN net.thucydides.core.steps.BaseStepListener - stepStarted: net.thucydides.core.steps.ExecutedStepDescription@70b2fa10
[Test worker] WARN net.thucydides.core.steps.BaseStepListener - stepFinished: current outcome:Crear una orden de servicio desde el call center:Example: {TipoID=NIT, Identificacion=X, CodigoCliente=CC-123, Nombre=R. Automotion 3, Email=jhon.quinones@infotrack.com.co, Celular=1234567890, CodigoServicio=01, ClaseServicio=Domicilio, TipoServicio=Mantenimiento, Prioridad=Alta, HoraInicio=07:00 AM, HoraFin=05:00 PM, Zonas=X, Observacion=Servicio de prueba, Serial=4800356789212, Productos=Campana Extractora, Falla=BOTA AGUA, Ubicacion=Cl. 118 #19-52, Complemento=Complemento, Ciudad=bogota, Departamento=Bogota, Dv=7} [Dado que en el call center se desea crear una orden de servicio con los siguientes datos
| Tipo Identificacion | Identificacion | Dv | Codigo cliente | Nombre | Correo electronico | Celular | Ubicacion | Complemento | Ciudad | Departamento |
| NIT | X | 7 | CC-123 | R. Automotion 3 | jhon.quinones@infotrack.com.co | 1234567890 | Cl. 118 #19-52 | Complemento | bogota | Bogota | [Automatizador ts crear servicio01 [Automatizador is abrir pagina [Automatizador opens the Object abrir pagina], Automatizador is login [Automatizador enters 'Automatizador' into Ingrese su usuario, Automatizador enters 'Demo123*' into Ingrese su contrasenia, Automatizador clicks on Iniciar Sesión, Then qs login should be a value equal to '1.6.3'], Automatizador clicks on Modulo principal de Smartwork, Automatizador clicks on Sub-Modulo principal de Gestión de servicios, Automatizador clicks on Botón +  de crear el servicio, Automatizador clicks on Campo Tipo de Identificación]]]
[Test worker] WARN net.thucydides.core.steps.BaseStepListener - stepStarted: net.thucydides.core.steps.ExecutedStepDescription@1f10fec6
[Test worker] WARN net.thucydides.core.steps.BaseStepListener - stepFinished: current outcome:Crear una orden de servicio desde el call center:Example: {TipoID=NIT, Identificacion=X, CodigoCliente=CC-123, Nombre=R. Automotion 3, Email=jhon.quinones@infotrack.com.co, Celular=1234567890, CodigoServicio=01, ClaseServicio=Domicilio, TipoServicio=Mantenimiento, Prioridad=Alta, HoraInicio=07:00 AM, HoraFin=05:00 PM, Zonas=X, Observacion=Servicio de prueba, Serial=4800356789212, Productos=Campana Extractora, Falla=BOTA AGUA, Ubicacion=Cl. 118 #19-52, Complemento=Complemento, Ciudad=bogota, Departamento=Bogota, Dv=7} [Dado que en el call center se desea crear una orden de servicio con los siguientes datos
| Tipo Identificacion | Identificacion | Dv | Codigo cliente | Nombre | Correo electronico | Celular | Ubicacion | Complemento | Ciudad | Departamento |
| NIT | X | 7 | CC-123 | R. Automotion 3 | jhon.quinones@infotrack.com.co | 1234567890 | Cl. 118 #19-52 | Complemento | bogota | Bogota | [Automatizador ts crear servicio01 [Automatizador is abrir pagina [Automatizador opens the Object abrir pagina], Automatizador is login [Automatizador enters 'Automatizador' into Ingrese su usuario, Automatizador enters 'Demo123*' into Ingrese su contrasenia, Automatizador clicks on Iniciar Sesión, Then qs login should be a value equal to '1.6.3'], Automatizador clicks on Modulo principal de Smartwork, Automatizador clicks on Sub-Modulo principal de Gestión de servicios, Automatizador clicks on Botón +  de crear el servicio, Automatizador clicks on Campo Tipo de Identificación, Automatizador clicks on Lista NIT]]]
[Test worker] WARN net.thucydides.core.steps.BaseStepListener - stepStarted: net.thucydides.core.steps.ExecutedStepDescription@6e8fdd19
[Test worker] WARN net.thucydides.core.steps.BaseStepListener - stepFinished: current outcome:Crear una orden de servicio desde el call center:Example: {TipoID=NIT, Identificacion=X, CodigoCliente=CC-123, Nombre=R. Automotion 3, Email=jhon.quinones@infotrack.com.co, Celular=1234567890, CodigoServicio=01, ClaseServicio=Domicilio, TipoServicio=Mantenimiento, Prioridad=Alta, HoraInicio=07:00 AM, HoraFin=05:00 PM, Zonas=X, Observacion=Servicio de prueba, Serial=4800356789212, Productos=Campana Extractora, Falla=BOTA AGUA, Ubicacion=Cl. 118 #19-52, Complemento=Complemento, Ciudad=bogota, Departamento=Bogota, Dv=7} [Dado que en el call center se desea crear una orden de servicio con los siguientes datos
| Tipo Identificacion | Identificacion | Dv | Codigo cliente | Nombre | Correo electronico | Celular | Ubicacion | Complemento | Ciudad | Departamento |
| NIT | X | 7 | CC-123 | R. Automotion 3 | jhon.quinones@infotrack.com.co | 1234567890 | Cl. 118 #19-52 | Complemento | bogota | Bogota | [Automatizador ts crear servicio01 [Automatizador is abrir pagina [Automatizador opens the Object abrir pagina], Automatizador is login [Automatizador enters 'Automatizador' into Ingrese su usuario, Automatizador enters 'Demo123*' into Ingrese su contrasenia, Automatizador clicks on Iniciar Sesión, Then qs login should be a value equal to '1.6.3'], Automatizador clicks on Modulo principal de Smartwork, Automatizador clicks on Sub-Modulo principal de Gestión de servicios, Automatizador clicks on Botón +  de crear el servicio, Automatizador clicks on Campo Tipo de Identificación, Automatizador clicks on Lista NIT, Automatizador enters '7' into Digito de verificación]]]
[Test worker] WARN net.thucydides.core.steps.BaseStepListener - stepStarted: net.thucydides.core.steps.ExecutedStepDescription@fb5aeed
[Test worker] WARN net.thucydides.core.steps.BaseStepListener - stepFinished: current outcome:Crear una orden de servicio desde el call center:Example: {TipoID=NIT, Identificacion=X, CodigoCliente=CC-123, Nombre=R. Automotion 3, Email=jhon.quinones@infotrack.com.co, Celular=1234567890, CodigoServicio=01, ClaseServicio=Domicilio, TipoServicio=Mantenimiento, Prioridad=Alta, HoraInicio=07:00 AM, HoraFin=05:00 PM, Zonas=X, Observacion=Servicio de prueba, Serial=4800356789212, Productos=Campana Extractora, Falla=BOTA AGUA, Ubicacion=Cl. 118 #19-52, Complemento=Complemento, Ciudad=bogota, Departamento=Bogota, Dv=7} [Dado que en el call center se desea crear una orden de servicio con los siguientes datos
| Tipo Identificacion | Identificacion | Dv | Codigo cliente | Nombre | Correo electronico | Celular | Ubicacion | Complemento | Ciudad | Departamento |
| NIT | X | 7 | CC-123 | R. Automotion 3 | jhon.quinones@infotrack.com.co | 1234567890 | Cl. 118 #19-52 | Complemento | bogota | Bogota | [Automatizador ts crear servicio01 [Automatizador is abrir pagina [Automatizador opens the Object abrir pagina], Automatizador is login [Automatizador enters 'Automatizador' into Ingrese su usuario, Automatizador enters 'Demo123*' into Ingrese su contrasenia, Automatizador clicks on Iniciar Sesión, Then qs login should be a value equal to '1.6.3'], Automatizador clicks on Modulo principal de Smartwork, Automatizador clicks on Sub-Modulo principal de Gestión de servicios, Automatizador clicks on Botón +  de crear el servicio, Automatizador clicks on Campo Tipo de Identificación, Automatizador clicks on Lista NIT, Automatizador enters '7' into Digito de verificación, Automatizador enters '14021966' into Campo Identificación]]]
[Test worker] WARN net.thucydides.core.steps.BaseStepListener - stepStarted: net.thucydides.core.steps.ExecutedStepDescription@1472208d
[Test worker] WARN net.thucydides.core.steps.BaseStepListener - stepFinished: current outcome:Crear una orden de servicio desde el call center:Example: {TipoID=NIT, Identificacion=X, CodigoCliente=CC-123, Nombre=R. Automotion 3, Email=jhon.quinones@infotrack.com.co, Celular=1234567890, CodigoServicio=01, ClaseServicio=Domicilio, TipoServicio=Mantenimiento, Prioridad=Alta, HoraInicio=07:00 AM, HoraFin=05:00 PM, Zonas=X, Observacion=Servicio de prueba, Serial=4800356789212, Productos=Campana Extractora, Falla=BOTA AGUA, Ubicacion=Cl. 118 #19-52, Complemento=Complemento, Ciudad=bogota, Departamento=Bogota, Dv=7} [Dado que en el call center se desea crear una orden de servicio con los siguientes datos
| Tipo Identificacion | Identificacion | Dv | Codigo cliente | Nombre | Correo electronico | Celular | Ubicacion | Complemento | Ciudad | Departamento |
| NIT | X | 7 | CC-123 | R. Automotion 3 | jhon.quinones@infotrack.com.co | 1234567890 | Cl. 118 #19-52 | Complemento | bogota | Bogota | [Automatizador ts crear servicio01 [Automatizador is abrir pagina [Automatizador opens the Object abrir pagina], Automatizador is login [Automatizador enters 'Automatizador' into Ingrese su usuario, Automatizador enters 'Demo123*' into Ingrese su contrasenia, Automatizador clicks on Iniciar Sesión, Then qs login should be a value equal to '1.6.3'], Automatizador clicks on Modulo principal de Smartwork, Automatizador clicks on Sub-Modulo principal de Gestión de servicios, Automatizador clicks on Botón +  de crear el servicio, Automatizador clicks on Campo Tipo de Identificación, Automatizador clicks on Lista NIT, Automatizador enters '7' into Digito de verificación, Automatizador enters '14021966' into Campo Identificación, Automatizador clicks on Campo de buscar el cliente]]]
[Test worker] WARN net.thucydides.core.steps.BaseStepListener - stepStarted: net.thucydides.core.steps.ExecutedStepDescription@6d0290d8
[Test worker] WARN net.thucydides.core.steps.BaseStepListener - stepFinished: current outcome:Crear una orden de servicio desde el call center:Example: {TipoID=NIT, Identificacion=X, CodigoCliente=CC-123, Nombre=R. Automotion 3, Email=jhon.quinones@infotrack.com.co, Celular=1234567890, CodigoServicio=01, ClaseServicio=Domicilio, TipoServicio=Mantenimiento, Prioridad=Alta, HoraInicio=07:00 AM, HoraFin=05:00 PM, Zonas=X, Observacion=Servicio de prueba, Serial=4800356789212, Productos=Campana Extractora, Falla=BOTA AGUA, Ubicacion=Cl. 118 #19-52, Complemento=Complemento, Ciudad=bogota, Departamento=Bogota, Dv=7} [Dado que en el call center se desea crear una orden de servicio con los siguientes datos
| Tipo Identificacion | Identificacion | Dv | Codigo cliente | Nombre | Correo electronico | Celular | Ubicacion | Complemento | Ciudad | Departamento |
| NIT | X | 7 | CC-123 | R. Automotion 3 | jhon.quinones@infotrack.com.co | 1234567890 | Cl. 118 #19-52 | Complemento | bogota | Bogota | [Automatizador ts crear servicio01 [Automatizador is abrir pagina [Automatizador opens the Object abrir pagina], Automatizador is login [Automatizador enters 'Automatizador' into Ingrese su usuario, Automatizador enters 'Demo123*' into Ingrese su contrasenia, Automatizador clicks on Iniciar Sesión, Then qs login should be a value equal to '1.6.3'], Automatizador clicks on Modulo principal de Smartwork, Automatizador clicks on Sub-Modulo principal de Gestión de servicios, Automatizador clicks on Botón +  de crear el servicio, Automatizador clicks on Campo Tipo de Identificación, Automatizador clicks on Lista NIT, Automatizador enters '7' into Digito de verificación, Automatizador enters '14021966' into Campo Identificación, Automatizador clicks on Campo de buscar el cliente, Automatizador clicks on Alerta para continuar con la creación del cliente]]]
[Test worker] WARN net.thucydides.core.steps.BaseStepListener - stepStarted: net.thucydides.core.steps.ExecutedStepDescription@4b957db0
[Test worker] WARN net.thucydides.core.steps.BaseStepListener - stepFinished: current outcome:Crear una orden de servicio desde el call center:Example: {TipoID=NIT, Identificacion=X, CodigoCliente=CC-123, Nombre=R. Automotion 3, Email=jhon.quinones@infotrack.com.co, Celular=1234567890, CodigoServicio=01, ClaseServicio=Domicilio, TipoServicio=Mantenimiento, Prioridad=Alta, HoraInicio=07:00 AM, HoraFin=05:00 PM, Zonas=X, Observacion=Servicio de prueba, Serial=4800356789212, Productos=Campana Extractora, Falla=BOTA AGUA, Ubicacion=Cl. 118 #19-52, Complemento=Complemento, Ciudad=bogota, Departamento=Bogota, Dv=7} [Dado que en el call center se desea crear una orden de servicio con los siguientes datos
| Tipo Identificacion | Identificacion | Dv | Codigo cliente | Nombre | Correo electronico | Celular | Ubicacion | Complemento | Ciudad | Departamento |
| NIT | X | 7 | CC-123 | R. Automotion 3 | jhon.quinones@infotrack.com.co | 1234567890 | Cl. 118 #19-52 | Complemento | bogota | Bogota | [Automatizador ts crear servicio01 [Automatizador is abrir pagina [Automatizador opens the Object abrir pagina], Automatizador is login [Automatizador enters 'Automatizador' into Ingrese su usuario, Automatizador enters 'Demo123*' into Ingrese su contrasenia, Automatizador clicks on Iniciar Sesión, Then qs login should be a value equal to '1.6.3'], Automatizador clicks on Modulo principal de Smartwork, Automatizador clicks on Sub-Modulo principal de Gestión de servicios, Automatizador clicks on Botón +  de crear el servicio, Automatizador clicks on Campo Tipo de Identificación, Automatizador clicks on Lista NIT, Automatizador enters '7' into Digito de verificación, Automatizador enters '14021966' into Campo Identificación, Automatizador clicks on Campo de buscar el cliente, Automatizador clicks on Alerta para continuar con la creación del cliente, Automatizador enters 'CC-123' into Campo Código de Cliente]]]
[Test worker] WARN net.thucydides.core.steps.BaseStepListener - stepStarted: net.thucydides.core.steps.ExecutedStepDescription@5aa76ad2
[Test worker] WARN net.thucydides.core.steps.BaseStepListener - stepFinished: current outcome:Crear una orden de servicio desde el call center:Example: {TipoID=NIT, Identificacion=X, CodigoCliente=CC-123, Nombre=R. Automotion 3, Email=jhon.quinones@infotrack.com.co, Celular=1234567890, CodigoServicio=01, ClaseServicio=Domicilio, TipoServicio=Mantenimiento, Prioridad=Alta, HoraInicio=07:00 AM, HoraFin=05:00 PM, Zonas=X, Observacion=Servicio de prueba, Serial=4800356789212, Productos=Campana Extractora, Falla=BOTA AGUA, Ubicacion=Cl. 118 #19-52, Complemento=Complemento, Ciudad=bogota, Departamento=Bogota, Dv=7} [Dado que en el call center se desea crear una orden de servicio con los siguientes datos
| Tipo Identificacion | Identificacion | Dv | Codigo cliente | Nombre | Correo electronico | Celular | Ubicacion | Complemento | Ciudad | Departamento |
| NIT | X | 7 | CC-123 | R. Automotion 3 | jhon.quinones@infotrack.com.co | 1234567890 | Cl. 118 #19-52 | Complemento | bogota | Bogota | [Automatizador ts crear servicio01 [Automatizador is abrir pagina [Automatizador opens the Object abrir pagina], Automatizador is login [Automatizador enters 'Automatizador' into Ingrese su usuario, Automatizador enters 'Demo123*' into Ingrese su contrasenia, Automatizador clicks on Iniciar Sesión, Then qs login should be a value equal to '1.6.3'], Automatizador clicks on Modulo principal de Smartwork, Automatizador clicks on Sub-Modulo principal de Gestión de servicios, Automatizador clicks on Botón +  de crear el servicio, Automatizador clicks on Campo Tipo de Identificación, Automatizador clicks on Lista NIT, Automatizador enters '7' into Digito de verificación, Automatizador enters '14021966' into Campo Identificación, Automatizador clicks on Campo de buscar el cliente, Automatizador clicks on Alerta para continuar con la creación del cliente, Automatizador enters 'CC-123' into Campo Código de Cliente, Automatizador enters 'R. Automotion 3' into Campo Nombre]]]
[Test worker] WARN net.thucydides.core.steps.BaseStepListener - stepStarted: net.thucydides.core.steps.ExecutedStepDescription@3af2f846
[Test worker] WARN net.thucydides.core.steps.BaseStepListener - stepFinished: current outcome:Crear una orden de servicio desde el call center:Example: {TipoID=NIT, Identificacion=X, CodigoCliente=CC-123, Nombre=R. Automotion 3, Email=jhon.quinones@infotrack.com.co, Celular=1234567890, CodigoServicio=01, ClaseServicio=Domicilio, TipoServicio=Mantenimiento, Prioridad=Alta, HoraInicio=07:00 AM, HoraFin=05:00 PM, Zonas=X, Observacion=Servicio de prueba, Serial=4800356789212, Productos=Campana Extractora, Falla=BOTA AGUA, Ubicacion=Cl. 118 #19-52, Complemento=Complemento, Ciudad=bogota, Departamento=Bogota, Dv=7} [Dado que en el call center se desea crear una orden de servicio con los siguientes datos
| Tipo Identificacion | Identificacion | Dv | Codigo cliente | Nombre | Correo electronico | Celular | Ubicacion | Complemento | Ciudad | Departamento |
| NIT | X | 7 | CC-123 | R. Automotion 3 | jhon.quinones@infotrack.com.co | 1234567890 | Cl. 118 #19-52 | Complemento | bogota | Bogota | [Automatizador ts crear servicio01 [Automatizador is abrir pagina [Automatizador opens the Object abrir pagina], Automatizador is login [Automatizador enters 'Automatizador' into Ingrese su usuario, Automatizador enters 'Demo123*' into Ingrese su contrasenia, Automatizador clicks on Iniciar Sesión, Then qs login should be a value equal to '1.6.3'], Automatizador clicks on Modulo principal de Smartwork, Automatizador clicks on Sub-Modulo principal de Gestión de servicios, Automatizador clicks on Botón +  de crear el servicio, Automatizador clicks on Campo Tipo de Identificación, Automatizador clicks on Lista NIT, Automatizador enters '7' into Digito de verificación, Automatizador enters '14021966' into Campo Identificación, Automatizador clicks on Campo de buscar el cliente, Automatizador clicks on Alerta para continuar con la creación del cliente, Automatizador enters 'CC-123' into Campo Código de Cliente, Automatizador enters 'R. Automotion 3' into Campo Nombre, Automatizador enters 'jhon.quinones@infotrack.com.co' into Campo Correo Electrónico]]]
[Test worker] WARN net.thucydides.core.steps.BaseStepListener - stepStarted: net.thucydides.core.steps.ExecutedStepDescription@5a4d4f9c
[Test worker] WARN net.thucydides.core.steps.BaseStepListener - stepFinished: current outcome:Crear una orden de servicio desde el call center:Example: {TipoID=NIT, Identificacion=X, CodigoCliente=CC-123, Nombre=R. Automotion 3, Email=jhon.quinones@infotrack.com.co, Celular=1234567890, CodigoServicio=01, ClaseServicio=Domicilio, TipoServicio=Mantenimiento, Prioridad=Alta, HoraInicio=07:00 AM, HoraFin=05:00 PM, Zonas=X, Observacion=Servicio de prueba, Serial=4800356789212, Productos=Campana Extractora, Falla=BOTA AGUA, Ubicacion=Cl. 118 #19-52, Complemento=Complemento, Ciudad=bogota, Departamento=Bogota, Dv=7} [Dado que en el call center se desea crear una orden de servicio con los siguientes datos
| Tipo Identificacion | Identificacion | Dv | Codigo cliente | Nombre | Correo electronico | Celular | Ubicacion | Complemento | Ciudad | Departamento |
| NIT | X | 7 | CC-123 | R. Automotion 3 | jhon.quinones@infotrack.com.co | 1234567890 | Cl. 118 #19-52 | Complemento | bogota | Bogota | [Automatizador ts crear servicio01 [Automatizador is abrir pagina [Automatizador opens the Object abrir pagina], Automatizador is login [Automatizador enters 'Automatizador' into Ingrese su usuario, Automatizador enters 'Demo123*' into Ingrese su contrasenia, Automatizador clicks on Iniciar Sesión, Then qs login should be a value equal to '1.6.3'], Automatizador clicks on Modulo principal de Smartwork, Automatizador clicks on Sub-Modulo principal de Gestión de servicios, Automatizador clicks on Botón +  de crear el servicio, Automatizador clicks on Campo Tipo de Identificación, Automatizador clicks on Lista NIT, Automatizador enters '7' into Digito de verificación, Automatizador enters '14021966' into Campo Identificación, Automatizador clicks on Campo de buscar el cliente, Automatizador clicks on Alerta para continuar con la creación del cliente, Automatizador enters 'CC-123' into Campo Código de Cliente, Automatizador enters 'R. Automotion 3' into Campo Nombre, Automatizador enters 'jhon.quinones@infotrack.com.co' into Campo Correo Electrónico, Automatizador enters '1234567890' into Campo Celular]]]
[Test worker] WARN net.thucydides.core.steps.BaseStepListener - stepStarted: net.thucydides.core.steps.ExecutedStepDescription@1fb2eec
[Test worker] WARN net.thucydides.core.steps.BaseStepListener - stepFinished: current outcome:Crear una orden de servicio desde el call center:Example: {TipoID=NIT, Identificacion=X, CodigoCliente=CC-123, Nombre=R. Automotion 3, Email=jhon.quinones@infotrack.com.co, Celular=1234567890, CodigoServicio=01, ClaseServicio=Domicilio, TipoServicio=Mantenimiento, Prioridad=Alta, HoraInicio=07:00 AM, HoraFin=05:00 PM, Zonas=X, Observacion=Servicio de prueba, Serial=4800356789212, Productos=Campana Extractora, Falla=BOTA AGUA, Ubicacion=Cl. 118 #19-52, Complemento=Complemento, Ciudad=bogota, Departamento=Bogota, Dv=7} [Dado que en el call center se desea crear una orden de servicio con los siguientes datos
| Tipo Identificacion | Identificacion | Dv | Codigo cliente | Nombre | Correo electronico | Celular | Ubicacion | Complemento | Ciudad | Departamento |
| NIT | X | 7 | CC-123 | R. Automotion 3 | jhon.quinones@infotrack.com.co | 1234567890 | Cl. 118 #19-52 | Complemento | bogota | Bogota | [Automatizador ts crear servicio01 [Automatizador is abrir pagina [Automatizador opens the Object abrir pagina], Automatizador is login [Automatizador enters 'Automatizador' into Ingrese su usuario, Automatizador enters 'Demo123*' into Ingrese su contrasenia, Automatizador clicks on Iniciar Sesión, Then qs login should be a value equal to '1.6.3'], Automatizador clicks on Modulo principal de Smartwork, Automatizador clicks on Sub-Modulo principal de Gestión de servicios, Automatizador clicks on Botón +  de crear el servicio, Automatizador clicks on Campo Tipo de Identificación, Automatizador clicks on Lista NIT, Automatizador enters '7' into Digito de verificación, Automatizador enters '14021966' into Campo Identificación, Automatizador clicks on Campo de buscar el cliente, Automatizador clicks on Alerta para continuar con la creación del cliente, Automatizador enters 'CC-123' into Campo Código de Cliente, Automatizador enters 'R. Automotion 3' into Campo Nombre, Automatizador enters 'jhon.quinones@infotrack.com.co' into Campo Correo Electrónico, Automatizador enters '1234567890' into Campo Celular, Automatizador clicks on Campo Check Notificacion Correo]]]
[Test worker] WARN net.thucydides.core.steps.BaseStepListener - stepStarted: net.thucydides.core.steps.ExecutedStepDescription@67b61834
[Test worker] WARN net.thucydides.core.steps.BaseStepListener - stepFinished: current outcome:Crear una orden de servicio desde el call center:Example: {TipoID=NIT, Identificacion=X, CodigoCliente=CC-123, Nombre=R. Automotion 3, Email=jhon.quinones@infotrack.com.co, Celular=1234567890, CodigoServicio=01, ClaseServicio=Domicilio, TipoServicio=Mantenimiento, Prioridad=Alta, HoraInicio=07:00 AM, HoraFin=05:00 PM, Zonas=X, Observacion=Servicio de prueba, Serial=4800356789212, Productos=Campana Extractora, Falla=BOTA AGUA, Ubicacion=Cl. 118 #19-52, Complemento=Complemento, Ciudad=bogota, Departamento=Bogota, Dv=7} [Dado que en el call center se desea crear una orden de servicio con los siguientes datos
| Tipo Identificacion | Identificacion | Dv | Codigo cliente | Nombre | Correo electronico | Celular | Ubicacion | Complemento | Ciudad | Departamento |
| NIT | X | 7 | CC-123 | R. Automotion 3 | jhon.quinones@infotrack.com.co | 1234567890 | Cl. 118 #19-52 | Complemento | bogota | Bogota | [Automatizador ts crear servicio01 [Automatizador is abrir pagina [Automatizador opens the Object abrir pagina], Automatizador is login [Automatizador enters 'Automatizador' into Ingrese su usuario, Automatizador enters 'Demo123*' into Ingrese su contrasenia, Automatizador clicks on Iniciar Sesión, Then qs login should be a value equal to '1.6.3'], Automatizador clicks on Modulo principal de Smartwork, Automatizador clicks on Sub-Modulo principal de Gestión de servicios, Automatizador clicks on Botón +  de crear el servicio, Automatizador clicks on Campo Tipo de Identificación, Automatizador clicks on Lista NIT, Automatizador enters '7' into Digito de verificación, Automatizador enters '14021966' into Campo Identificación, Automatizador clicks on Campo de buscar el cliente, Automatizador clicks on Alerta para continuar con la creación del cliente, Automatizador enters 'CC-123' into Campo Código de Cliente, Automatizador enters 'R. Automotion 3' into Campo Nombre, Automatizador enters 'jhon.quinones@infotrack.com.co' into Campo Correo Electrónico, Automatizador enters '1234567890' into Campo Celular, Automatizador clicks on Campo Check Notificacion Correo, Automatizador clicks on Campo Check Notificacion Mensaje]]]
[Test worker] WARN net.thucydides.core.steps.BaseStepListener - stepStarted: net.thucydides.core.steps.ExecutedStepDescription@2fd9fb34
[Test worker] WARN net.thucydides.core.steps.BaseStepListener - stepFinished: current outcome:Crear una orden de servicio desde el call center:Example: {TipoID=NIT, Identificacion=X, CodigoCliente=CC-123, Nombre=R. Automotion 3, Email=jhon.quinones@infotrack.com.co, Celular=1234567890, CodigoServicio=01, ClaseServicio=Domicilio, TipoServicio=Mantenimiento, Prioridad=Alta, HoraInicio=07:00 AM, HoraFin=05:00 PM, Zonas=X, Observacion=Servicio de prueba, Serial=4800356789212, Productos=Campana Extractora, Falla=BOTA AGUA, Ubicacion=Cl. 118 #19-52, Complemento=Complemento, Ciudad=bogota, Departamento=Bogota, Dv=7} [Dado que en el call center se desea crear una orden de servicio con los siguientes datos
| Tipo Identificacion | Identificacion | Dv | Codigo cliente | Nombre | Correo electronico | Celular | Ubicacion | Complemento | Ciudad | Departamento |
| NIT | X | 7 | CC-123 | R. Automotion 3 | jhon.quinones@infotrack.com.co | 1234567890 | Cl. 118 #19-52 | Complemento | bogota | Bogota | [Automatizador ts crear servicio01 [Automatizador is abrir pagina [Automatizador opens the Object abrir pagina], Automatizador is login [Automatizador enters 'Automatizador' into Ingrese su usuario, Automatizador enters 'Demo123*' into Ingrese su contrasenia, Automatizador clicks on Iniciar Sesión, Then qs login should be a value equal to '1.6.3'], Automatizador clicks on Modulo principal de Smartwork, Automatizador clicks on Sub-Modulo principal de Gestión de servicios, Automatizador clicks on Botón +  de crear el servicio, Automatizador clicks on Campo Tipo de Identificación, Automatizador clicks on Lista NIT, Automatizador enters '7' into Digito de verificación, Automatizador enters '14021966' into Campo Identificación, Automatizador clicks on Campo de buscar el cliente, Automatizador clicks on Alerta para continuar con la creación del cliente, Automatizador enters 'CC-123' into Campo Código de Cliente, Automatizador enters 'R. Automotion 3' into Campo Nombre, Automatizador enters 'jhon.quinones@infotrack.com.co' into Campo Correo Electrónico, Automatizador enters '1234567890' into Campo Celular, Automatizador clicks on Campo Check Notificacion Correo, Automatizador clicks on Campo Check Notificacion Mensaje, Automatizador clicks on Guardar datos del cliente]]]
[Test worker] WARN net.thucydides.core.steps.BaseStepListener - stepStarted: net.thucydides.core.steps.ExecutedStepDescription@6314df3c
[Test worker] WARN net.thucydides.core.steps.BaseStepListener - stepFinished: current outcome:Crear una orden de servicio desde el call center:Example: {TipoID=NIT, Identificacion=X, CodigoCliente=CC-123, Nombre=R. Automotion 3, Email=jhon.quinones@infotrack.com.co, Celular=1234567890, CodigoServicio=01, ClaseServicio=Domicilio, TipoServicio=Mantenimiento, Prioridad=Alta, HoraInicio=07:00 AM, HoraFin=05:00 PM, Zonas=X, Observacion=Servicio de prueba, Serial=4800356789212, Productos=Campana Extractora, Falla=BOTA AGUA, Ubicacion=Cl. 118 #19-52, Complemento=Complemento, Ciudad=bogota, Departamento=Bogota, Dv=7} [Dado que en el call center se desea crear una orden de servicio con los siguientes datos
| Tipo Identificacion | Identificacion | Dv | Codigo cliente | Nombre | Correo electronico | Celular | Ubicacion | Complemento | Ciudad | Departamento |
| NIT | X | 7 | CC-123 | R. Automotion 3 | jhon.quinones@infotrack.com.co | 1234567890 | Cl. 118 #19-52 | Complemento | bogota | Bogota | [Automatizador ts crear servicio01 [Automatizador is abrir pagina [Automatizador opens the Object abrir pagina], Automatizador is login [Automatizador enters 'Automatizador' into Ingrese su usuario, Automatizador enters 'Demo123*' into Ingrese su contrasenia, Automatizador clicks on Iniciar Sesión, Then qs login should be a value equal to '1.6.3'], Automatizador clicks on Modulo principal de Smartwork, Automatizador clicks on Sub-Modulo principal de Gestión de servicios, Automatizador clicks on Botón +  de crear el servicio, Automatizador clicks on Campo Tipo de Identificación, Automatizador clicks on Lista NIT, Automatizador enters '7' into Digito de verificación, Automatizador enters '14021966' into Campo Identificación, Automatizador clicks on Campo de buscar el cliente, Automatizador clicks on Alerta para continuar con la creación del cliente, Automatizador enters 'CC-123' into Campo Código de Cliente, Automatizador enters 'R. Automotion 3' into Campo Nombre, Automatizador enters 'jhon.quinones@infotrack.com.co' into Campo Correo Electrónico, Automatizador enters '1234567890' into Campo Celular, Automatizador clicks on Campo Check Notificacion Correo, Automatizador clicks on Campo Check Notificacion Mensaje, Automatizador clicks on Guardar datos del cliente, Automatizador clicks on Alerta para continuar con la creación del cliente]]]
[Test worker] WARN net.thucydides.core.steps.BaseStepListener - stepStarted: net.thucydides.core.steps.ExecutedStepDescription@7b9e25bd
[Test worker] WARN net.thucydides.core.steps.BaseStepListener - stepFinished: current outcome:Crear una orden de servicio desde el call center:Example: {TipoID=NIT, Identificacion=X, CodigoCliente=CC-123, Nombre=R. Automotion 3, Email=jhon.quinones@infotrack.com.co, Celular=1234567890, CodigoServicio=01, ClaseServicio=Domicilio, TipoServicio=Mantenimiento, Prioridad=Alta, HoraInicio=07:00 AM, HoraFin=05:00 PM, Zonas=X, Observacion=Servicio de prueba, Serial=4800356789212, Productos=Campana Extractora, Falla=BOTA AGUA, Ubicacion=Cl. 118 #19-52, Complemento=Complemento, Ciudad=bogota, Departamento=Bogota, Dv=7} [Dado que en el call center se desea crear una orden de servicio con los siguientes datos
| Tipo Identificacion | Identificacion | Dv | Codigo cliente | Nombre | Correo electronico | Celular | Ubicacion | Complemento | Ciudad | Departamento |
| NIT | X | 7 | CC-123 | R. Automotion 3 | jhon.quinones@infotrack.com.co | 1234567890 | Cl. 118 #19-52 | Complemento | bogota | Bogota | [Automatizador ts crear servicio01 [Automatizador is abrir pagina [Automatizador opens the Object abrir pagina], Automatizador is login [Automatizador enters 'Automatizador' into Ingrese su usuario, Automatizador enters 'Demo123*' into Ingrese su contrasenia, Automatizador clicks on Iniciar Sesión, Then qs login should be a value equal to '1.6.3'], Automatizador clicks on Modulo principal de Smartwork, Automatizador clicks on Sub-Modulo principal de Gestión de servicios, Automatizador clicks on Botón +  de crear el servicio, Automatizador clicks on Campo Tipo de Identificación, Automatizador clicks on Lista NIT, Automatizador enters '7' into Digito de verificación, Automatizador enters '14021966' into Campo Identificación, Automatizador clicks on Campo de buscar el cliente, Automatizador clicks on Alerta para continuar con la creación del cliente, Automatizador enters 'CC-123' into Campo Código de Cliente, Automatizador enters 'R. Automotion 3' into Campo Nombre, Automatizador enters 'jhon.quinones@infotrack.com.co' into Campo Correo Electrónico, Automatizador enters '1234567890' into Campo Celular, Automatizador clicks on Campo Check Notificacion Correo, Automatizador clicks on Campo Check Notificacion Mensaje, Automatizador clicks on Guardar datos del cliente, Automatizador clicks on Alerta para continuar con la creación del cliente, Automatizador clicks on Boto + de agregar ubicaciones]]]
[Test worker] WARN net.thucydides.core.steps.BaseStepListener - stepStarted: net.thucydides.core.steps.ExecutedStepDescription@76a362a4
[Test worker] WARN net.thucydides.core.steps.BaseStepListener - stepFinished: current outcome:Crear una orden de servicio desde el call center:Example: {TipoID=NIT, Identificacion=X, CodigoCliente=CC-123, Nombre=R. Automotion 3, Email=jhon.quinones@infotrack.com.co, Celular=1234567890, CodigoServicio=01, ClaseServicio=Domicilio, TipoServicio=Mantenimiento, Prioridad=Alta, HoraInicio=07:00 AM, HoraFin=05:00 PM, Zonas=X, Observacion=Servicio de prueba, Serial=4800356789212, Productos=Campana Extractora, Falla=BOTA AGUA, Ubicacion=Cl. 118 #19-52, Complemento=Complemento, Ciudad=bogota, Departamento=Bogota, Dv=7} [Dado que en el call center se desea crear una orden de servicio con los siguientes datos
| Tipo Identificacion | Identificacion | Dv | Codigo cliente | Nombre | Correo electronico | Celular | Ubicacion | Complemento | Ciudad | Departamento |
| NIT | X | 7 | CC-123 | R. Automotion 3 | jhon.quinones@infotrack.com.co | 1234567890 | Cl. 118 #19-52 | Complemento | bogota | Bogota | [Automatizador ts crear servicio01 [Automatizador is abrir pagina [Automatizador opens the Object abrir pagina], Automatizador is login [Automatizador enters 'Automatizador' into Ingrese su usuario, Automatizador enters 'Demo123*' into Ingrese su contrasenia, Automatizador clicks on Iniciar Sesión, Then qs login should be a value equal to '1.6.3'], Automatizador clicks on Modulo principal de Smartwork, Automatizador clicks on Sub-Modulo principal de Gestión de servicios, Automatizador clicks on Botón +  de crear el servicio, Automatizador clicks on Campo Tipo de Identificación, Automatizador clicks on Lista NIT, Automatizador enters '7' into Digito de verificación, Automatizador enters '14021966' into Campo Identificación, Automatizador clicks on Campo de buscar el cliente, Automatizador clicks on Alerta para continuar con la creación del cliente, Automatizador enters 'CC-123' into Campo Código de Cliente, Automatizador enters 'R. Automotion 3' into Campo Nombre, Automatizador enters 'jhon.quinones@infotrack.com.co' into Campo Correo Electrónico, Automatizador enters '1234567890' into Campo Celular, Automatizador clicks on Campo Check Notificacion Correo, Automatizador clicks on Campo Check Notificacion Mensaje, Automatizador clicks on Guardar datos del cliente, Automatizador clicks on Alerta para continuar con la creación del cliente, Automatizador clicks on Boto + de agregar ubicaciones, Automatizador clicks on COnfirmar los mismo datos del usuario registrado]]]
[Test worker] WARN net.thucydides.core.steps.BaseStepListener - stepStarted: net.thucydides.core.steps.ExecutedStepDescription@5329f6b3
[Test worker] WARN net.thucydides.core.steps.BaseStepListener - stepFinished: current outcome:Crear una orden de servicio desde el call center:Example: {TipoID=NIT, Identificacion=X, CodigoCliente=CC-123, Nombre=R. Automotion 3, Email=jhon.quinones@infotrack.com.co, Celular=1234567890, CodigoServicio=01, ClaseServicio=Domicilio, TipoServicio=Mantenimiento, Prioridad=Alta, HoraInicio=07:00 AM, HoraFin=05:00 PM, Zonas=X, Observacion=Servicio de prueba, Serial=4800356789212, Productos=Campana Extractora, Falla=BOTA AGUA, Ubicacion=Cl. 118 #19-52, Complemento=Complemento, Ciudad=bogota, Departamento=Bogota, Dv=7} [Dado que en el call center se desea crear una orden de servicio con los siguientes datos
| Tipo Identificacion | Identificacion | Dv | Codigo cliente | Nombre | Correo electronico | Celular | Ubicacion | Complemento | Ciudad | Departamento |
| NIT | X | 7 | CC-123 | R. Automotion 3 | jhon.quinones@infotrack.com.co | 1234567890 | Cl. 118 #19-52 | Complemento | bogota | Bogota | [Automatizador ts crear servicio01 [Automatizador is abrir pagina [Automatizador opens the Object abrir pagina], Automatizador is login [Automatizador enters 'Automatizador' into Ingrese su usuario, Automatizador enters 'Demo123*' into Ingrese su contrasenia, Automatizador clicks on Iniciar Sesión, Then qs login should be a value equal to '1.6.3'], Automatizador clicks on Modulo principal de Smartwork, Automatizador clicks on Sub-Modulo principal de Gestión de servicios, Automatizador clicks on Botón +  de crear el servicio, Automatizador clicks on Campo Tipo de Identificación, Automatizador clicks on Lista NIT, Automatizador enters '7' into Digito de verificación, Automatizador enters '14021966' into Campo Identificación, Automatizador clicks on Campo de buscar el cliente, Automatizador clicks on Alerta para continuar con la creación del cliente, Automatizador enters 'CC-123' into Campo Código de Cliente, Automatizador enters 'R. Automotion 3' into Campo Nombre, Automatizador enters 'jhon.quinones@infotrack.com.co' into Campo Correo Electrónico, Automatizador enters '1234567890' into Campo Celular, Automatizador clicks on Campo Check Notificacion Correo, Automatizador clicks on Campo Check Notificacion Mensaje, Automatizador clicks on Guardar datos del cliente, Automatizador clicks on Alerta para continuar con la creación del cliente, Automatizador clicks on Boto + de agregar ubicaciones, Automatizador clicks on COnfirmar los mismo datos del usuario registrado, Automatizador enters 'Cl. 118 #19-52' into btón de Ubicación del cliente]]]
[Test worker] WARN net.thucydides.core.steps.BaseStepListener - stepStarted: net.thucydides.core.steps.ExecutedStepDescription@5f5297e3
[Test worker] WARN net.thucydides.core.steps.BaseStepListener - stepFinished: current outcome:Crear una orden de servicio desde el call center:Example: {TipoID=NIT, Identificacion=X, CodigoCliente=CC-123, Nombre=R. Automotion 3, Email=jhon.quinones@infotrack.com.co, Celular=1234567890, CodigoServicio=01, ClaseServicio=Domicilio, TipoServicio=Mantenimiento, Prioridad=Alta, HoraInicio=07:00 AM, HoraFin=05:00 PM, Zonas=X, Observacion=Servicio de prueba, Serial=4800356789212, Productos=Campana Extractora, Falla=BOTA AGUA, Ubicacion=Cl. 118 #19-52, Complemento=Complemento, Ciudad=bogota, Departamento=Bogota, Dv=7} [Dado que en el call center se desea crear una orden de servicio con los siguientes datos
| Tipo Identificacion | Identificacion | Dv | Codigo cliente | Nombre | Correo electronico | Celular | Ubicacion | Complemento | Ciudad | Departamento |
| NIT | X | 7 | CC-123 | R. Automotion 3 | jhon.quinones@infotrack.com.co | 1234567890 | Cl. 118 #19-52 | Complemento | bogota | Bogota | [Automatizador ts crear servicio01 [Automatizador is abrir pagina [Automatizador opens the Object abrir pagina], Automatizador is login [Automatizador enters 'Automatizador' into Ingrese su usuario, Automatizador enters 'Demo123*' into Ingrese su contrasenia, Automatizador clicks on Iniciar Sesión, Then qs login should be a value equal to '1.6.3'], Automatizador clicks on Modulo principal de Smartwork, Automatizador clicks on Sub-Modulo principal de Gestión de servicios, Automatizador clicks on Botón +  de crear el servicio, Automatizador clicks on Campo Tipo de Identificación, Automatizador clicks on Lista NIT, Automatizador enters '7' into Digito de verificación, Automatizador enters '14021966' into Campo Identificación, Automatizador clicks on Campo de buscar el cliente, Automatizador clicks on Alerta para continuar con la creación del cliente, Automatizador enters 'CC-123' into Campo Código de Cliente, Automatizador enters 'R. Automotion 3' into Campo Nombre, Automatizador enters 'jhon.quinones@infotrack.com.co' into Campo Correo Electrónico, Automatizador enters '1234567890' into Campo Celular, Automatizador clicks on Campo Check Notificacion Correo, Automatizador clicks on Campo Check Notificacion Mensaje, Automatizador clicks on Guardar datos del cliente, Automatizador clicks on Alerta para continuar con la creación del cliente, Automatizador clicks on Boto + de agregar ubicaciones, Automatizador clicks on COnfirmar los mismo datos del usuario registrado, Automatizador enters 'Cl. 118 #19-52' into btón de Ubicación del cliente, Automatizador enters 'Complemento' into btón de complemento del cliente]]]
[Test worker] WARN net.thucydides.core.steps.BaseStepListener - stepStarted: net.thucydides.core.steps.ExecutedStepDescription@4cc8d70d
[Test worker] WARN net.thucydides.core.steps.BaseStepListener - stepFinished: current outcome:Crear una orden de servicio desde el call center:Example: {TipoID=NIT, Identificacion=X, CodigoCliente=CC-123, Nombre=R. Automotion 3, Email=jhon.quinones@infotrack.com.co, Celular=1234567890, CodigoServicio=01, ClaseServicio=Domicilio, TipoServicio=Mantenimiento, Prioridad=Alta, HoraInicio=07:00 AM, HoraFin=05:00 PM, Zonas=X, Observacion=Servicio de prueba, Serial=4800356789212, Productos=Campana Extractora, Falla=BOTA AGUA, Ubicacion=Cl. 118 #19-52, Complemento=Complemento, Ciudad=bogota, Departamento=Bogota, Dv=7} [Dado que en el call center se desea crear una orden de servicio con los siguientes datos
| Tipo Identificacion | Identificacion | Dv | Codigo cliente | Nombre | Correo electronico | Celular | Ubicacion | Complemento | Ciudad | Departamento |
| NIT | X | 7 | CC-123 | R. Automotion 3 | jhon.quinones@infotrack.com.co | 1234567890 | Cl. 118 #19-52 | Complemento | bogota | Bogota | [Automatizador ts crear servicio01 [Automatizador is abrir pagina [Automatizador opens the Object abrir pagina], Automatizador is login [Automatizador enters 'Automatizador' into Ingrese su usuario, Automatizador enters 'Demo123*' into Ingrese su contrasenia, Automatizador clicks on Iniciar Sesión, Then qs login should be a value equal to '1.6.3'], Automatizador clicks on Modulo principal de Smartwork, Automatizador clicks on Sub-Modulo principal de Gestión de servicios, Automatizador clicks on Botón +  de crear el servicio, Automatizador clicks on Campo Tipo de Identificación, Automatizador clicks on Lista NIT, Automatizador enters '7' into Digito de verificación, Automatizador enters '14021966' into Campo Identificación, Automatizador clicks on Campo de buscar el cliente, Automatizador clicks on Alerta para continuar con la creación del cliente, Automatizador enters 'CC-123' into Campo Código de Cliente, Automatizador enters 'R. Automotion 3' into Campo Nombre, Automatizador enters 'jhon.quinones@infotrack.com.co' into Campo Correo Electrónico, Automatizador enters '1234567890' into Campo Celular, Automatizador clicks on Campo Check Notificacion Correo, Automatizador clicks on Campo Check Notificacion Mensaje, Automatizador clicks on Guardar datos del cliente, Automatizador clicks on Alerta para continuar con la creación del cliente, Automatizador clicks on Boto + de agregar ubicaciones, Automatizador clicks on COnfirmar los mismo datos del usuario registrado, Automatizador enters 'Cl. 118 #19-52' into btón de Ubicación del cliente, Automatizador enters 'Complemento' into btón de complemento del cliente, Automatizador enters 'Bogota' into Departamento]]]
[Test worker] WARN net.thucydides.core.steps.BaseStepListener - stepStarted: net.thucydides.core.steps.ExecutedStepDescription@13516600
[Test worker] WARN net.thucydides.core.steps.BaseStepListener - stepFinished: current outcome:Crear una orden de servicio desde el call center:Example: {TipoID=NIT, Identificacion=X, CodigoCliente=CC-123, Nombre=R. Automotion 3, Email=jhon.quinones@infotrack.com.co, Celular=1234567890, CodigoServicio=01, ClaseServicio=Domicilio, TipoServicio=Mantenimiento, Prioridad=Alta, HoraInicio=07:00 AM, HoraFin=05:00 PM, Zonas=X, Observacion=Servicio de prueba, Serial=4800356789212, Productos=Campana Extractora, Falla=BOTA AGUA, Ubicacion=Cl. 118 #19-52, Complemento=Complemento, Ciudad=bogota, Departamento=Bogota, Dv=7} [Dado que en el call center se desea crear una orden de servicio con los siguientes datos
| Tipo Identificacion | Identificacion | Dv | Codigo cliente | Nombre | Correo electronico | Celular | Ubicacion | Complemento | Ciudad | Departamento |
| NIT | X | 7 | CC-123 | R. Automotion 3 | jhon.quinones@infotrack.com.co | 1234567890 | Cl. 118 #19-52 | Complemento | bogota | Bogota | [Automatizador ts crear servicio01 [Automatizador is abrir pagina [Automatizador opens the Object abrir pagina], Automatizador is login [Automatizador enters 'Automatizador' into Ingrese su usuario, Automatizador enters 'Demo123*' into Ingrese su contrasenia, Automatizador clicks on Iniciar Sesión, Then qs login should be a value equal to '1.6.3'], Automatizador clicks on Modulo principal de Smartwork, Automatizador clicks on Sub-Modulo principal de Gestión de servicios, Automatizador clicks on Botón +  de crear el servicio, Automatizador clicks on Campo Tipo de Identificación, Automatizador clicks on Lista NIT, Automatizador enters '7' into Digito de verificación, Automatizador enters '14021966' into Campo Identificación, Automatizador clicks on Campo de buscar el cliente, Automatizador clicks on Alerta para continuar con la creación del cliente, Automatizador enters 'CC-123' into Campo Código de Cliente, Automatizador enters 'R. Automotion 3' into Campo Nombre, Automatizador enters 'jhon.quinones@infotrack.com.co' into Campo Correo Electrónico, Automatizador enters '1234567890' into Campo Celular, Automatizador clicks on Campo Check Notificacion Correo, Automatizador clicks on Campo Check Notificacion Mensaje, Automatizador clicks on Guardar datos del cliente, Automatizador clicks on Alerta para continuar con la creación del cliente, Automatizador clicks on Boto + de agregar ubicaciones, Automatizador clicks on COnfirmar los mismo datos del usuario registrado, Automatizador enters 'Cl. 118 #19-52' into btón de Ubicación del cliente, Automatizador enters 'Complemento' into btón de complemento del cliente, Automatizador enters 'Bogota' into Departamento, Automatizador clicks on Lista Departamento]]]
[Test worker] WARN net.thucydides.core.steps.BaseStepListener - stepStarted: net.thucydides.core.steps.ExecutedStepDescription@2ec85a25
[Test worker] WARN net.thucydides.core.steps.BaseStepListener - stepFinished: current outcome:Crear una orden de servicio desde el call center:Example: {TipoID=NIT, Identificacion=X, CodigoCliente=CC-123, Nombre=R. Automotion 3, Email=jhon.quinones@infotrack.com.co, Celular=1234567890, CodigoServicio=01, ClaseServicio=Domicilio, TipoServicio=Mantenimiento, Prioridad=Alta, HoraInicio=07:00 AM, HoraFin=05:00 PM, Zonas=X, Observacion=Servicio de prueba, Serial=4800356789212, Productos=Campana Extractora, Falla=BOTA AGUA, Ubicacion=Cl. 118 #19-52, Complemento=Complemento, Ciudad=bogota, Departamento=Bogota, Dv=7} [Dado que en el call center se desea crear una orden de servicio con los siguientes datos
| Tipo Identificacion | Identificacion | Dv | Codigo cliente | Nombre | Correo electronico | Celular | Ubicacion | Complemento | Ciudad | Departamento |
| NIT | X | 7 | CC-123 | R. Automotion 3 | jhon.quinones@infotrack.com.co | 1234567890 | Cl. 118 #19-52 | Complemento | bogota | Bogota | [Automatizador ts crear servicio01 [Automatizador is abrir pagina [Automatizador opens the Object abrir pagina], Automatizador is login [Automatizador enters 'Automatizador' into Ingrese su usuario, Automatizador enters 'Demo123*' into Ingrese su contrasenia, Automatizador clicks on Iniciar Sesión, Then qs login should be a value equal to '1.6.3'], Automatizador clicks on Modulo principal de Smartwork, Automatizador clicks on Sub-Modulo principal de Gestión de servicios, Automatizador clicks on Botón +  de crear el servicio, Automatizador clicks on Campo Tipo de Identificación, Automatizador clicks on Lista NIT, Automatizador enters '7' into Digito de verificación, Automatizador enters '14021966' into Campo Identificación, Automatizador clicks on Campo de buscar el cliente, Automatizador clicks on Alerta para continuar con la creación del cliente, Automatizador enters 'CC-123' into Campo Código de Cliente, Automatizador enters 'R. Automotion 3' into Campo Nombre, Automatizador enters 'jhon.quinones@infotrack.com.co' into Campo Correo Electrónico, Automatizador enters '1234567890' into Campo Celular, Automatizador clicks on Campo Check Notificacion Correo, Automatizador clicks on Campo Check Notificacion Mensaje, Automatizador clicks on Guardar datos del cliente, Automatizador clicks on Alerta para continuar con la creación del cliente, Automatizador clicks on Boto + de agregar ubicaciones, Automatizador clicks on COnfirmar los mismo datos del usuario registrado, Automatizador enters 'Cl. 118 #19-52' into btón de Ubicación del cliente, Automatizador enters 'Complemento' into btón de complemento del cliente, Automatizador enters 'Bogota' into Departamento, Automatizador clicks on Lista Departamento, Automatizador enters 'bogota' into Ciudad]]]
[Test worker] WARN net.thucydides.core.steps.BaseStepListener - stepStarted: net.thucydides.core.steps.ExecutedStepDescription@3c33fcf8
[Test worker] WARN net.thucydides.core.steps.BaseStepListener - stepFinished: current outcome:Crear una orden de servicio desde el call center:Example: {TipoID=NIT, Identificacion=X, CodigoCliente=CC-123, Nombre=R. Automotion 3, Email=jhon.quinones@infotrack.com.co, Celular=1234567890, CodigoServicio=01, ClaseServicio=Domicilio, TipoServicio=Mantenimiento, Prioridad=Alta, HoraInicio=07:00 AM, HoraFin=05:00 PM, Zonas=X, Observacion=Servicio de prueba, Serial=4800356789212, Productos=Campana Extractora, Falla=BOTA AGUA, Ubicacion=Cl. 118 #19-52, Complemento=Complemento, Ciudad=bogota, Departamento=Bogota, Dv=7} [Dado que en el call center se desea crear una orden de servicio con los siguientes datos
| Tipo Identificacion | Identificacion | Dv | Codigo cliente | Nombre | Correo electronico | Celular | Ubicacion | Complemento | Ciudad | Departamento |
| NIT | X | 7 | CC-123 | R. Automotion 3 | jhon.quinones@infotrack.com.co | 1234567890 | Cl. 118 #19-52 | Complemento | bogota | Bogota | [Automatizador ts crear servicio01 [Automatizador is abrir pagina [Automatizador opens the Object abrir pagina], Automatizador is login [Automatizador enters 'Automatizador' into Ingrese su usuario, Automatizador enters 'Demo123*' into Ingrese su contrasenia, Automatizador clicks on Iniciar Sesión, Then qs login should be a value equal to '1.6.3'], Automatizador clicks on Modulo principal de Smartwork, Automatizador clicks on Sub-Modulo principal de Gestión de servicios, Automatizador clicks on Botón +  de crear el servicio, Automatizador clicks on Campo Tipo de Identificación, Automatizador clicks on Lista NIT, Automatizador enters '7' into Digito de verificación, Automatizador enters '14021966' into Campo Identificación, Automatizador clicks on Campo de buscar el cliente, Automatizador clicks on Alerta para continuar con la creación del cliente, Automatizador enters 'CC-123' into Campo Código de Cliente, Automatizador enters 'R. Automotion 3' into Campo Nombre, Automatizador enters 'jhon.quinones@infotrack.com.co' into Campo Correo Electrónico, Automatizador enters '1234567890' into Campo Celular, Automatizador clicks on Campo Check Notificacion Correo, Automatizador clicks on Campo Check Notificacion Mensaje, Automatizador clicks on Guardar datos del cliente, Automatizador clicks on Alerta para continuar con la creación del cliente, Automatizador clicks on Boto + de agregar ubicaciones, Automatizador clicks on COnfirmar los mismo datos del usuario registrado, Automatizador enters 'Cl. 118 #19-52' into btón de Ubicación del cliente, Automatizador enters 'Complemento' into btón de complemento del cliente, Automatizador enters 'Bogota' into Departamento, Automatizador clicks on Lista Departamento, Automatizador enters 'bogota' into Ciudad, Automatizador clicks on Lista Ciudad]]]
[Test worker] WARN net.thucydides.core.steps.BaseStepListener - stepStarted: net.thucydides.core.steps.ExecutedStepDescription@7ac48f05
[Test worker] WARN net.thucydides.core.steps.BaseStepListener - stepFinished: current outcome:Crear una orden de servicio desde el call center:Example: {TipoID=NIT, Identificacion=X, CodigoCliente=CC-123, Nombre=R. Automotion 3, Email=jhon.quinones@infotrack.com.co, Celular=1234567890, CodigoServicio=01, ClaseServicio=Domicilio, TipoServicio=Mantenimiento, Prioridad=Alta, HoraInicio=07:00 AM, HoraFin=05:00 PM, Zonas=X, Observacion=Servicio de prueba, Serial=4800356789212, Productos=Campana Extractora, Falla=BOTA AGUA, Ubicacion=Cl. 118 #19-52, Complemento=Complemento, Ciudad=bogota, Departamento=Bogota, Dv=7} [Dado que en el call center se desea crear una orden de servicio con los siguientes datos
| Tipo Identificacion | Identificacion | Dv | Codigo cliente | Nombre | Correo electronico | Celular | Ubicacion | Complemento | Ciudad | Departamento |
| NIT | X | 7 | CC-123 | R. Automotion 3 | jhon.quinones@infotrack.com.co | 1234567890 | Cl. 118 #19-52 | Complemento | bogota | Bogota | [Automatizador ts crear servicio01 [Automatizador is abrir pagina [Automatizador opens the Object abrir pagina], Automatizador is login [Automatizador enters 'Automatizador' into Ingrese su usuario, Automatizador enters 'Demo123*' into Ingrese su contrasenia, Automatizador clicks on Iniciar Sesión, Then qs login should be a value equal to '1.6.3'], Automatizador clicks on Modulo principal de Smartwork, Automatizador clicks on Sub-Modulo principal de Gestión de servicios, Automatizador clicks on Botón +  de crear el servicio, Automatizador clicks on Campo Tipo de Identificación, Automatizador clicks on Lista NIT, Automatizador enters '7' into Digito de verificación, Automatizador enters '14021966' into Campo Identificación, Automatizador clicks on Campo de buscar el cliente, Automatizador clicks on Alerta para continuar con la creación del cliente, Automatizador enters 'CC-123' into Campo Código de Cliente, Automatizador enters 'R. Automotion 3' into Campo Nombre, Automatizador enters 'jhon.quinones@infotrack.com.co' into Campo Correo Electrónico, Automatizador enters '1234567890' into Campo Celular, Automatizador clicks on Campo Check Notificacion Correo, Automatizador clicks on Campo Check Notificacion Mensaje, Automatizador clicks on Guardar datos del cliente, Automatizador clicks on Alerta para continuar con la creación del cliente, Automatizador clicks on Boto + de agregar ubicaciones, Automatizador clicks on COnfirmar los mismo datos del usuario registrado, Automatizador enters 'Cl. 118 #19-52' into btón de Ubicación del cliente, Automatizador enters 'Complemento' into btón de complemento del cliente, Automatizador enters 'Bogota' into Departamento, Automatizador clicks on Lista Departamento, Automatizador enters 'bogota' into Ciudad, Automatizador clicks on Lista Ciudad, Automatizador clicks on btón de Guardar direccion del cliente]]]
[Test worker] WARN net.thucydides.core.steps.BaseStepListener - stepStarted: net.thucydides.core.steps.ExecutedStepDescription@25c1f5ee
[Test worker] WARN net.thucydides.core.steps.BaseStepListener - stepFinished: current outcome:Crear una orden de servicio desde el call center:Example: {TipoID=NIT, Identificacion=X, CodigoCliente=CC-123, Nombre=R. Automotion 3, Email=jhon.quinones@infotrack.com.co, Celular=1234567890, CodigoServicio=01, ClaseServicio=Domicilio, TipoServicio=Mantenimiento, Prioridad=Alta, HoraInicio=07:00 AM, HoraFin=05:00 PM, Zonas=X, Observacion=Servicio de prueba, Serial=4800356789212, Productos=Campana Extractora, Falla=BOTA AGUA, Ubicacion=Cl. 118 #19-52, Complemento=Complemento, Ciudad=bogota, Departamento=Bogota, Dv=7} [Dado que en el call center se desea crear una orden de servicio con los siguientes datos
| Tipo Identificacion | Identificacion | Dv | Codigo cliente | Nombre | Correo electronico | Celular | Ubicacion | Complemento | Ciudad | Departamento |
| NIT | X | 7 | CC-123 | R. Automotion 3 | jhon.quinones@infotrack.com.co | 1234567890 | Cl. 118 #19-52 | Complemento | bogota | Bogota | [Automatizador ts crear servicio01 [Automatizador is abrir pagina [Automatizador opens the Object abrir pagina], Automatizador is login [Automatizador enters 'Automatizador' into Ingrese su usuario, Automatizador enters 'Demo123*' into Ingrese su contrasenia, Automatizador clicks on Iniciar Sesión, Then qs login should be a value equal to '1.6.3'], Automatizador clicks on Modulo principal de Smartwork, Automatizador clicks on Sub-Modulo principal de Gestión de servicios, Automatizador clicks on Botón +  de crear el servicio, Automatizador clicks on Campo Tipo de Identificación, Automatizador clicks on Lista NIT, Automatizador enters '7' into Digito de verificación, Automatizador enters '14021966' into Campo Identificación, Automatizador clicks on Campo de buscar el cliente, Automatizador clicks on Alerta para continuar con la creación del cliente, Automatizador enters 'CC-123' into Campo Código de Cliente, Automatizador enters 'R. Automotion 3' into Campo Nombre, Automatizador enters 'jhon.quinones@infotrack.com.co' into Campo Correo Electrónico, Automatizador enters '1234567890' into Campo Celular, Automatizador clicks on Campo Check Notificacion Correo, Automatizador clicks on Campo Check Notificacion Mensaje, Automatizador clicks on Guardar datos del cliente, Automatizador clicks on Alerta para continuar con la creación del cliente, Automatizador clicks on Boto + de agregar ubicaciones, Automatizador clicks on COnfirmar los mismo datos del usuario registrado, Automatizador enters 'Cl. 118 #19-52' into btón de Ubicación del cliente, Automatizador enters 'Complemento' into btón de complemento del cliente, Automatizador enters 'Bogota' into Departamento, Automatizador clicks on Lista Departamento, Automatizador enters 'bogota' into Ciudad, Automatizador clicks on Lista Ciudad, Automatizador clicks on btón de Guardar direccion del cliente, Automatizador clicks on btón de Continuar con la  direccion del cliente]]]
[Test worker] WARN net.thucydides.core.steps.BaseStepListener - stepStarted: net.thucydides.core.steps.ExecutedStepDescription@56b1e527
[Test worker] WARN net.thucydides.core.steps.BaseStepListener - stepFinished: current outcome:Crear una orden de servicio desde el call center:Example: {TipoID=NIT, Identificacion=X, CodigoCliente=CC-123, Nombre=R. Automotion 3, Email=jhon.quinones@infotrack.com.co, Celular=1234567890, CodigoServicio=01, ClaseServicio=Domicilio, TipoServicio=Mantenimiento, Prioridad=Alta, HoraInicio=07:00 AM, HoraFin=05:00 PM, Zonas=X, Observacion=Servicio de prueba, Serial=4800356789212, Productos=Campana Extractora, Falla=BOTA AGUA, Ubicacion=Cl. 118 #19-52, Complemento=Complemento, Ciudad=bogota, Departamento=Bogota, Dv=7} [Dado que en el call center se desea crear una orden de servicio con los siguientes datos
| Tipo Identificacion | Identificacion | Dv | Codigo cliente | Nombre | Correo electronico | Celular | Ubicacion | Complemento | Ciudad | Departamento |
| NIT | X | 7 | CC-123 | R. Automotion 3 | jhon.quinones@infotrack.com.co | 1234567890 | Cl. 118 #19-52 | Complemento | bogota | Bogota | [Automatizador ts crear servicio01 [Automatizador is abrir pagina [Automatizador opens the Object abrir pagina], Automatizador is login [Automatizador enters 'Automatizador' into Ingrese su usuario, Automatizador enters 'Demo123*' into Ingrese su contrasenia, Automatizador clicks on Iniciar Sesión, Then qs login should be a value equal to '1.6.3'], Automatizador clicks on Modulo principal de Smartwork, Automatizador clicks on Sub-Modulo principal de Gestión de servicios, Automatizador clicks on Botón +  de crear el servicio, Automatizador clicks on Campo Tipo de Identificación, Automatizador clicks on Lista NIT, Automatizador enters '7' into Digito de verificación, Automatizador enters '14021966' into Campo Identificación, Automatizador clicks on Campo de buscar el cliente, Automatizador clicks on Alerta para continuar con la creación del cliente, Automatizador enters 'CC-123' into Campo Código de Cliente, Automatizador enters 'R. Automotion 3' into Campo Nombre, Automatizador enters 'jhon.quinones@infotrack.com.co' into Campo Correo Electrónico, Automatizador enters '1234567890' into Campo Celular, Automatizador clicks on Campo Check Notificacion Correo, Automatizador clicks on Campo Check Notificacion Mensaje, Automatizador clicks on Guardar datos del cliente, Automatizador clicks on Alerta para continuar con la creación del cliente, Automatizador clicks on Boto + de agregar ubicaciones, Automatizador clicks on COnfirmar los mismo datos del usuario registrado, Automatizador enters 'Cl. 118 #19-52' into btón de Ubicación del cliente, Automatizador enters 'Complemento' into btón de complemento del cliente, Automatizador enters 'Bogota' into Departamento, Automatizador clicks on Lista Departamento, Automatizador enters 'bogota' into Ciudad, Automatizador clicks on Lista Ciudad, Automatizador clicks on btón de Guardar direccion del cliente, Automatizador clicks on btón de Continuar con la  direccion del cliente, Automatizador clicks on btón de Volver al formulario del servicio con la  direccion del cliente]]]
[Test worker] WARN net.thucydides.core.steps.BaseStepListener - stepStarted: net.thucydides.core.steps.ExecutedStepDescription@5be4be74
[Test worker] WARN net.thucydides.core.steps.BaseStepListener - stepFinished: current outcome:Crear una orden de servicio desde el call center:Example: {TipoID=NIT, Identificacion=X, CodigoCliente=CC-123, Nombre=R. Automotion 3, Email=jhon.quinones@infotrack.com.co, Celular=1234567890, CodigoServicio=01, ClaseServicio=Domicilio, TipoServicio=Mantenimiento, Prioridad=Alta, HoraInicio=07:00 AM, HoraFin=05:00 PM, Zonas=X, Observacion=Servicio de prueba, Serial=4800356789212, Productos=Campana Extractora, Falla=BOTA AGUA, Ubicacion=Cl. 118 #19-52, Complemento=Complemento, Ciudad=bogota, Departamento=Bogota, Dv=7} [Dado que en el call center se desea crear una orden de servicio con los siguientes datos
| Tipo Identificacion | Identificacion | Dv | Codigo cliente | Nombre | Correo electronico | Celular | Ubicacion | Complemento | Ciudad | Departamento |
| NIT | X | 7 | CC-123 | R. Automotion 3 | jhon.quinones@infotrack.com.co | 1234567890 | Cl. 118 #19-52 | Complemento | bogota | Bogota | [Automatizador ts crear servicio01 [Automatizador is abrir pagina [Automatizador opens the Object abrir pagina], Automatizador is login [Automatizador enters 'Automatizador' into Ingrese su usuario, Automatizador enters 'Demo123*' into Ingrese su contrasenia, Automatizador clicks on Iniciar Sesión, Then qs login should be a value equal to '1.6.3'], Automatizador clicks on Modulo principal de Smartwork, Automatizador clicks on Sub-Modulo principal de Gestión de servicios, Automatizador clicks on Botón +  de crear el servicio, Automatizador clicks on Campo Tipo de Identificación, Automatizador clicks on Lista NIT, Automatizador enters '7' into Digito de verificación, Automatizador enters '14021966' into Campo Identificación, Automatizador clicks on Campo de buscar el cliente, Automatizador clicks on Alerta para continuar con la creación del cliente, Automatizador enters 'CC-123' into Campo Código de Cliente, Automatizador enters 'R. Automotion 3' into Campo Nombre, Automatizador enters 'jhon.quinones@infotrack.com.co' into Campo Correo Electrónico, Automatizador enters '1234567890' into Campo Celular, Automatizador clicks on Campo Check Notificacion Correo, Automatizador clicks on Campo Check Notificacion Mensaje, Automatizador clicks on Guardar datos del cliente, Automatizador clicks on Alerta para continuar con la creación del cliente, Automatizador clicks on Boto + de agregar ubicaciones, Automatizador clicks on COnfirmar los mismo datos del usuario registrado, Automatizador enters 'Cl. 118 #19-52' into btón de Ubicación del cliente, Automatizador enters 'Complemento' into btón de complemento del cliente, Automatizador enters 'Bogota' into Departamento, Automatizador clicks on Lista Departamento, Automatizador enters 'bogota' into Ciudad, Automatizador clicks on Lista Ciudad, Automatizador clicks on btón de Guardar direccion del cliente, Automatizador clicks on btón de Continuar con la  direccion del cliente, Automatizador clicks on btón de Volver al formulario del servicio con la  direccion del cliente, Automatizador clicks on Campo de buscar el cliente]]]
[Test worker] WARN net.thucydides.core.steps.BaseStepListener - stepStarted: net.thucydides.core.steps.ExecutedStepDescription@120350eb
[Test worker] WARN net.thucydides.core.steps.BaseStepListener - stepFinished: current outcome:Crear una orden de servicio desde el call center:Example: {TipoID=NIT, Identificacion=X, CodigoCliente=CC-123, Nombre=R. Automotion 3, Email=jhon.quinones@infotrack.com.co, Celular=1234567890, CodigoServicio=01, ClaseServicio=Domicilio, TipoServicio=Mantenimiento, Prioridad=Alta, HoraInicio=07:00 AM, HoraFin=05:00 PM, Zonas=X, Observacion=Servicio de prueba, Serial=4800356789212, Productos=Campana Extractora, Falla=BOTA AGUA, Ubicacion=Cl. 118 #19-52, Complemento=Complemento, Ciudad=bogota, Departamento=Bogota, Dv=7} [Dado que en el call center se desea crear una orden de servicio con los siguientes datos
| Tipo Identificacion | Identificacion | Dv | Codigo cliente | Nombre | Correo electronico | Celular | Ubicacion | Complemento | Ciudad | Departamento |
| NIT | X | 7 | CC-123 | R. Automotion 3 | jhon.quinones@infotrack.com.co | 1234567890 | Cl. 118 #19-52 | Complemento | bogota | Bogota | [Automatizador ts crear servicio01 [Automatizador is abrir pagina [Automatizador opens the Object abrir pagina], Automatizador is login [Automatizador enters 'Automatizador' into Ingrese su usuario, Automatizador enters 'Demo123*' into Ingrese su contrasenia, Automatizador clicks on Iniciar Sesión, Then qs login should be a value equal to '1.6.3'], Automatizador clicks on Modulo principal de Smartwork, Automatizador clicks on Sub-Modulo principal de Gestión de servicios, Automatizador clicks on Botón +  de crear el servicio, Automatizador clicks on Campo Tipo de Identificación, Automatizador clicks on Lista NIT, Automatizador enters '7' into Digito de verificación, Automatizador enters '14021966' into Campo Identificación, Automatizador clicks on Campo de buscar el cliente, Automatizador clicks on Alerta para continuar con la creación del cliente, Automatizador enters 'CC-123' into Campo Código de Cliente, Automatizador enters 'R. Automotion 3' into Campo Nombre, Automatizador enters 'jhon.quinones@infotrack.com.co' into Campo Correo Electrónico, Automatizador enters '1234567890' into Campo Celular, Automatizador clicks on Campo Check Notificacion Correo, Automatizador clicks on Campo Check Notificacion Mensaje, Automatizador clicks on Guardar datos del cliente, Automatizador clicks on Alerta para continuar con la creación del cliente, Automatizador clicks on Boto + de agregar ubicaciones, Automatizador clicks on COnfirmar los mismo datos del usuario registrado, Automatizador enters 'Cl. 118 #19-52' into btón de Ubicación del cliente, Automatizador enters 'Complemento' into btón de complemento del cliente, Automatizador enters 'Bogota' into Departamento, Automatizador clicks on Lista Departamento, Automatizador enters 'bogota' into Ciudad, Automatizador clicks on Lista Ciudad, Automatizador clicks on btón de Guardar direccion del cliente, Automatizador clicks on btón de Continuar con la  direccion del cliente, Automatizador clicks on btón de Volver al formulario del servicio con la  direccion del cliente, Automatizador clicks on Campo de buscar el cliente, Automatizador clicks on Ubicaciones del cliente despues de haber agregado la dirección]]]
[Test worker] WARN net.thucydides.core.steps.BaseStepListener - stepStarted: net.thucydides.core.steps.ExecutedStepDescription@762a10b6
[Test worker] WARN net.thucydides.core.steps.BaseStepListener - stepFinished: current outcome:Crear una orden de servicio desde el call center:Example: {TipoID=NIT, Identificacion=X, CodigoCliente=CC-123, Nombre=R. Automotion 3, Email=jhon.quinones@infotrack.com.co, Celular=1234567890, CodigoServicio=01, ClaseServicio=Domicilio, TipoServicio=Mantenimiento, Prioridad=Alta, HoraInicio=07:00 AM, HoraFin=05:00 PM, Zonas=X, Observacion=Servicio de prueba, Serial=4800356789212, Productos=Campana Extractora, Falla=BOTA AGUA, Ubicacion=Cl. 118 #19-52, Complemento=Complemento, Ciudad=bogota, Departamento=Bogota, Dv=7} [Dado que en el call center se desea crear una orden de servicio con los siguientes datos
| Tipo Identificacion | Identificacion | Dv | Codigo cliente | Nombre | Correo electronico | Celular | Ubicacion | Complemento | Ciudad | Departamento |
| NIT | X | 7 | CC-123 | R. Automotion 3 | jhon.quinones@infotrack.com.co | 1234567890 | Cl. 118 #19-52 | Complemento | bogota | Bogota | [Automatizador ts crear servicio01 [Automatizador is abrir pagina [Automatizador opens the Object abrir pagina], Automatizador is login [Automatizador enters 'Automatizador' into Ingrese su usuario, Automatizador enters 'Demo123*' into Ingrese su contrasenia, Automatizador clicks on Iniciar Sesión, Then qs login should be a value equal to '1.6.3'], Automatizador clicks on Modulo principal de Smartwork, Automatizador clicks on Sub-Modulo principal de Gestión de servicios, Automatizador clicks on Botón +  de crear el servicio, Automatizador clicks on Campo Tipo de Identificación, Automatizador clicks on Lista NIT, Automatizador enters '7' into Digito de verificación, Automatizador enters '14021966' into Campo Identificación, Automatizador clicks on Campo de buscar el cliente, Automatizador clicks on Alerta para continuar con la creación del cliente, Automatizador enters 'CC-123' into Campo Código de Cliente, Automatizador enters 'R. Automotion 3' into Campo Nombre, Automatizador enters 'jhon.quinones@infotrack.com.co' into Campo Correo Electrónico, Automatizador enters '1234567890' into Campo Celular, Automatizador clicks on Campo Check Notificacion Correo, Automatizador clicks on Campo Check Notificacion Mensaje, Automatizador clicks on Guardar datos del cliente, Automatizador clicks on Alerta para continuar con la creación del cliente, Automatizador clicks on Boto + de agregar ubicaciones, Automatizador clicks on COnfirmar los mismo datos del usuario registrado, Automatizador enters 'Cl. 118 #19-52' into btón de Ubicación del cliente, Automatizador enters 'Complemento' into btón de complemento del cliente, Automatizador enters 'Bogota' into Departamento, Automatizador clicks on Lista Departamento, Automatizador enters 'bogota' into Ciudad, Automatizador clicks on Lista Ciudad, Automatizador clicks on btón de Guardar direccion del cliente, Automatizador clicks on btón de Continuar con la  direccion del cliente, Automatizador clicks on btón de Volver al formulario del servicio con la  direccion del cliente, Automatizador clicks on Campo de buscar el cliente, Automatizador clicks on Ubicaciones del cliente despues de haber agregado la dirección, Automatizador clicks on Lista Ubicaciones del cliente despues de haber agregado la dirección]]]
[Test worker] WARN net.thucydides.core.steps.BaseStepListener - stepFinished: current outcome:Crear una orden de servicio desde el call center:Example: {TipoID=NIT, Identificacion=X, CodigoCliente=CC-123, Nombre=R. Automotion 3, Email=jhon.quinones@infotrack.com.co, Celular=1234567890, CodigoServicio=01, ClaseServicio=Domicilio, TipoServicio=Mantenimiento, Prioridad=Alta, HoraInicio=07:00 AM, HoraFin=05:00 PM, Zonas=X, Observacion=Servicio de prueba, Serial=4800356789212, Productos=Campana Extractora, Falla=BOTA AGUA, Ubicacion=Cl. 118 #19-52, Complemento=Complemento, Ciudad=bogota, Departamento=Bogota, Dv=7} [Dado que en el call center se desea crear una orden de servicio con los siguientes datos
| Tipo Identificacion | Identificacion | Dv | Codigo cliente | Nombre | Correo electronico | Celular | Ubicacion | Complemento | Ciudad | Departamento |
| NIT | X | 7 | CC-123 | R. Automotion 3 | jhon.quinones@infotrack.com.co | 1234567890 | Cl. 118 #19-52 | Complemento | bogota | Bogota | [Automatizador ts crear servicio01 [Automatizador is abrir pagina [Automatizador opens the Object abrir pagina], Automatizador is login [Automatizador enters 'Automatizador' into Ingrese su usuario, Automatizador enters 'Demo123*' into Ingrese su contrasenia, Automatizador clicks on Iniciar Sesión, Then qs login should be a value equal to '1.6.3'], Automatizador clicks on Modulo principal de Smartwork, Automatizador clicks on Sub-Modulo principal de Gestión de servicios, Automatizador clicks on Botón +  de crear el servicio, Automatizador clicks on Campo Tipo de Identificación, Automatizador clicks on Lista NIT, Automatizador enters '7' into Digito de verificación, Automatizador enters '14021966' into Campo Identificación, Automatizador clicks on Campo de buscar el cliente, Automatizador clicks on Alerta para continuar con la creación del cliente, Automatizador enters 'CC-123' into Campo Código de Cliente, Automatizador enters 'R. Automotion 3' into Campo Nombre, Automatizador enters 'jhon.quinones@infotrack.com.co' into Campo Correo Electrónico, Automatizador enters '1234567890' into Campo Celular, Automatizador clicks on Campo Check Notificacion Correo, Automatizador clicks on Campo Check Notificacion Mensaje, Automatizador clicks on Guardar datos del cliente, Automatizador clicks on Alerta para continuar con la creación del cliente, Automatizador clicks on Boto + de agregar ubicaciones, Automatizador clicks on COnfirmar los mismo datos del usuario registrado, Automatizador enters 'Cl. 118 #19-52' into btón de Ubicación del cliente, Automatizador enters 'Complemento' into btón de complemento del cliente, Automatizador enters 'Bogota' into Departamento, Automatizador clicks on Lista Departamento, Automatizador enters 'bogota' into Ciudad, Automatizador clicks on Lista Ciudad, Automatizador clicks on btón de Guardar direccion del cliente, Automatizador clicks on btón de Continuar con la  direccion del cliente, Automatizador clicks on btón de Volver al formulario del servicio con la  direccion del cliente, Automatizador clicks on Campo de buscar el cliente, Automatizador clicks on Ubicaciones del cliente despues de haber agregado la dirección, Automatizador clicks on Lista Ubicaciones del cliente despues de haber agregado la dirección]]]
[Test worker] WARN net.thucydides.core.steps.BaseStepListener - stepFinished: current outcome:Crear una orden de servicio desde el call center:Example: {TipoID=NIT, Identificacion=X, CodigoCliente=CC-123, Nombre=R. Automotion 3, Email=jhon.quinones@infotrack.com.co, Celular=1234567890, CodigoServicio=01, ClaseServicio=Domicilio, TipoServicio=Mantenimiento, Prioridad=Alta, HoraInicio=07:00 AM, HoraFin=05:00 PM, Zonas=X, Observacion=Servicio de prueba, Serial=4800356789212, Productos=Campana Extractora, Falla=BOTA AGUA, Ubicacion=Cl. 118 #19-52, Complemento=Complemento, Ciudad=bogota, Departamento=Bogota, Dv=7} [Dado que en el call center se desea crear una orden de servicio con los siguientes datos
| Tipo Identificacion | Identificacion | Dv | Codigo cliente | Nombre | Correo electronico | Celular | Ubicacion | Complemento | Ciudad | Departamento |
| NIT | X | 7 | CC-123 | R. Automotion 3 | jhon.quinones@infotrack.com.co | 1234567890 | Cl. 118 #19-52 | Complemento | bogota | Bogota | [Automatizador ts crear servicio01 [Automatizador is abrir pagina [Automatizador opens the Object abrir pagina], Automatizador is login [Automatizador enters 'Automatizador' into Ingrese su usuario, Automatizador enters 'Demo123*' into Ingrese su contrasenia, Automatizador clicks on Iniciar Sesión, Then qs login should be a value equal to '1.6.3'], Automatizador clicks on Modulo principal de Smartwork, Automatizador clicks on Sub-Modulo principal de Gestión de servicios, Automatizador clicks on Botón +  de crear el servicio, Automatizador clicks on Campo Tipo de Identificación, Automatizador clicks on Lista NIT, Automatizador enters '7' into Digito de verificación, Automatizador enters '14021966' into Campo Identificación, Automatizador clicks on Campo de buscar el cliente, Automatizador clicks on Alerta para continuar con la creación del cliente, Automatizador enters 'CC-123' into Campo Código de Cliente, Automatizador enters 'R. Automotion 3' into Campo Nombre, Automatizador enters 'jhon.quinones@infotrack.com.co' into Campo Correo Electrónico, Automatizador enters '1234567890' into Campo Celular, Automatizador clicks on Campo Check Notificacion Correo, Automatizador clicks on Campo Check Notificacion Mensaje, Automatizador clicks on Guardar datos del cliente, Automatizador clicks on Alerta para continuar con la creación del cliente, Automatizador clicks on Boto + de agregar ubicaciones, Automatizador clicks on COnfirmar los mismo datos del usuario registrado, Automatizador enters 'Cl. 118 #19-52' into btón de Ubicación del cliente, Automatizador enters 'Complemento' into btón de complemento del cliente, Automatizador enters 'Bogota' into Departamento, Automatizador clicks on Lista Departamento, Automatizador enters 'bogota' into Ciudad, Automatizador clicks on Lista Ciudad, Automatizador clicks on btón de Guardar direccion del cliente, Automatizador clicks on btón de Continuar con la  direccion del cliente, Automatizador clicks on btón de Volver al formulario del servicio con la  direccion del cliente, Automatizador clicks on Campo de buscar el cliente, Automatizador clicks on Ubicaciones del cliente despues de haber agregado la dirección, Automatizador clicks on Lista Ubicaciones del cliente despues de haber agregado la dirección]]]
[Test worker] WARN net.thucydides.core.steps.BaseStepListener - stepStarted: net.thucydides.core.steps.ExecutedStepDescription@3e74fd84
[Test worker] WARN net.thucydides.core.steps.BaseStepListener - stepStarted: net.thucydides.core.steps.ExecutedStepDescription@51d8f2f2
[Test worker] WARN net.thucydides.core.steps.BaseStepListener - stepFinished: current outcome:Crear una orden de servicio desde el call center:Example: {TipoID=NIT, Identificacion=X, CodigoCliente=CC-123, Nombre=R. Automotion 3, Email=jhon.quinones@infotrack.com.co, Celular=1234567890, CodigoServicio=01, ClaseServicio=Domicilio, TipoServicio=Mantenimiento, Prioridad=Alta, HoraInicio=07:00 AM, HoraFin=05:00 PM, Zonas=X, Observacion=Servicio de prueba, Serial=4800356789212, Productos=Campana Extractora, Falla=BOTA AGUA, Ubicacion=Cl. 118 #19-52, Complemento=Complemento, Ciudad=bogota, Departamento=Bogota, Dv=7} [Dado que en el call center se desea crear una orden de servicio con los siguientes datos
| Tipo Identificacion | Identificacion | Dv | Codigo cliente | Nombre | Correo electronico | Celular | Ubicacion | Complemento | Ciudad | Departamento |
| NIT | X | 7 | CC-123 | R. Automotion 3 | jhon.quinones@infotrack.com.co | 1234567890 | Cl. 118 #19-52 | Complemento | bogota | Bogota | [Automatizador ts crear servicio01 [Automatizador is abrir pagina [Automatizador opens the Object abrir pagina], Automatizador is login [Automatizador enters 'Automatizador' into Ingrese su usuario, Automatizador enters 'Demo123*' into Ingrese su contrasenia, Automatizador clicks on Iniciar Sesión, Then qs login should be a value equal to '1.6.3'], Automatizador clicks on Modulo principal de Smartwork, Automatizador clicks on Sub-Modulo principal de Gestión de servicios, Automatizador clicks on Botón +  de crear el servicio, Automatizador clicks on Campo Tipo de Identificación, Automatizador clicks on Lista NIT, Automatizador enters '7' into Digito de verificación, Automatizador enters '14021966' into Campo Identificación, Automatizador clicks on Campo de buscar el cliente, Automatizador clicks on Alerta para continuar con la creación del cliente, Automatizador enters 'CC-123' into Campo Código de Cliente, Automatizador enters 'R. Automotion 3' into Campo Nombre, Automatizador enters 'jhon.quinones@infotrack.com.co' into Campo Correo Electrónico, Automatizador enters '1234567890' into Campo Celular, Automatizador clicks on Campo Check Notificacion Correo, Automatizador clicks on Campo Check Notificacion Mensaje, Automatizador clicks on Guardar datos del cliente, Automatizador clicks on Alerta para continuar con la creación del cliente, Automatizador clicks on Boto + de agregar ubicaciones, Automatizador clicks on COnfirmar los mismo datos del usuario registrado, Automatizador enters 'Cl. 118 #19-52' into btón de Ubicación del cliente, Automatizador enters 'Complemento' into btón de complemento del cliente, Automatizador enters 'Bogota' into Departamento, Automatizador clicks on Lista Departamento, Automatizador enters 'bogota' into Ciudad, Automatizador clicks on Lista Ciudad, Automatizador clicks on btón de Guardar direccion del cliente, Automatizador clicks on btón de Continuar con la  direccion del cliente, Automatizador clicks on btón de Volver al formulario del servicio con la  direccion del cliente, Automatizador clicks on Campo de buscar el cliente, Automatizador clicks on Ubicaciones del cliente despues de haber agregado la dirección, Automatizador clicks on Lista Ubicaciones del cliente despues de haber agregado la dirección]], Y se ingresan los siguientes datos del servicio
| Codigo del servicio | Clase servicio | Tipo Servicio | Prioridad | Hora inicio | Hora fin | Zonas | Observacion |
| 01 | Domicilio | Mantenimiento | Alta | 07:00 AM | 05:00 PM | X | Servicio de prueba | [Automatizador enters '01' into Código Servicio]]
[Test worker] WARN net.thucydides.core.steps.BaseStepListener - stepStarted: net.thucydides.core.steps.ExecutedStepDescription@7757025d
[Test worker] WARN net.thucydides.core.steps.BaseStepListener - stepFinished: current outcome:Crear una orden de servicio desde el call center:Example: {TipoID=NIT, Identificacion=X, CodigoCliente=CC-123, Nombre=R. Automotion 3, Email=jhon.quinones@infotrack.com.co, Celular=1234567890, CodigoServicio=01, ClaseServicio=Domicilio, TipoServicio=Mantenimiento, Prioridad=Alta, HoraInicio=07:00 AM, HoraFin=05:00 PM, Zonas=X, Observacion=Servicio de prueba, Serial=4800356789212, Productos=Campana Extractora, Falla=BOTA AGUA, Ubicacion=Cl. 118 #19-52, Complemento=Complemento, Ciudad=bogota, Departamento=Bogota, Dv=7} [Dado que en el call center se desea crear una orden de servicio con los siguientes datos
| Tipo Identificacion | Identificacion | Dv | Codigo cliente | Nombre | Correo electronico | Celular | Ubicacion | Complemento | Ciudad | Departamento |
| NIT | X | 7 | CC-123 | R. Automotion 3 | jhon.quinones@infotrack.com.co | 1234567890 | Cl. 118 #19-52 | Complemento | bogota | Bogota | [Automatizador ts crear servicio01 [Automatizador is abrir pagina [Automatizador opens the Object abrir pagina], Automatizador is login [Automatizador enters 'Automatizador' into Ingrese su usuario, Automatizador enters 'Demo123*' into Ingrese su contrasenia, Automatizador clicks on Iniciar Sesión, Then qs login should be a value equal to '1.6.3'], Automatizador clicks on Modulo principal de Smartwork, Automatizador clicks on Sub-Modulo principal de Gestión de servicios, Automatizador clicks on Botón +  de crear el servicio, Automatizador clicks on Campo Tipo de Identificación, Automatizador clicks on Lista NIT, Automatizador enters '7' into Digito de verificación, Automatizador enters '14021966' into Campo Identificación, Automatizador clicks on Campo de buscar el cliente, Automatizador clicks on Alerta para continuar con la creación del cliente, Automatizador enters 'CC-123' into Campo Código de Cliente, Automatizador enters 'R. Automotion 3' into Campo Nombre, Automatizador enters 'jhon.quinones@infotrack.com.co' into Campo Correo Electrónico, Automatizador enters '1234567890' into Campo Celular, Automatizador clicks on Campo Check Notificacion Correo, Automatizador clicks on Campo Check Notificacion Mensaje, Automatizador clicks on Guardar datos del cliente, Automatizador clicks on Alerta para continuar con la creación del cliente, Automatizador clicks on Boto + de agregar ubicaciones, Automatizador clicks on COnfirmar los mismo datos del usuario registrado, Automatizador enters 'Cl. 118 #19-52' into btón de Ubicación del cliente, Automatizador enters 'Complemento' into btón de complemento del cliente, Automatizador enters 'Bogota' into Departamento, Automatizador clicks on Lista Departamento, Automatizador enters 'bogota' into Ciudad, Automatizador clicks on Lista Ciudad, Automatizador clicks on btón de Guardar direccion del cliente, Automatizador clicks on btón de Continuar con la  direccion del cliente, Automatizador clicks on btón de Volver al formulario del servicio con la  direccion del cliente, Automatizador clicks on Campo de buscar el cliente, Automatizador clicks on Ubicaciones del cliente despues de haber agregado la dirección, Automatizador clicks on Lista Ubicaciones del cliente despues de haber agregado la dirección]], Y se ingresan los siguientes datos del servicio
| Codigo del servicio | Clase servicio | Tipo Servicio | Prioridad | Hora inicio | Hora fin | Zonas | Observacion |
| 01 | Domicilio | Mantenimiento | Alta | 07:00 AM | 05:00 PM | X | Servicio de prueba | [Automatizador enters '01' into Código Servicio, Automatizador enters 'Domicilio' into Clase Servicio]]
[Test worker] WARN net.thucydides.core.steps.BaseStepListener - stepStarted: net.thucydides.core.steps.ExecutedStepDescription@18e4551
[Test worker] WARN net.thucydides.core.steps.BaseStepListener - stepFinished: current outcome:Crear una orden de servicio desde el call center:Example: {TipoID=NIT, Identificacion=X, CodigoCliente=CC-123, Nombre=R. Automotion 3, Email=jhon.quinones@infotrack.com.co, Celular=1234567890, CodigoServicio=01, ClaseServicio=Domicilio, TipoServicio=Mantenimiento, Prioridad=Alta, HoraInicio=07:00 AM, HoraFin=05:00 PM, Zonas=X, Observacion=Servicio de prueba, Serial=4800356789212, Productos=Campana Extractora, Falla=BOTA AGUA, Ubicacion=Cl. 118 #19-52, Complemento=Complemento, Ciudad=bogota, Departamento=Bogota, Dv=7} [Dado que en el call center se desea crear una orden de servicio con los siguientes datos
| Tipo Identificacion | Identificacion | Dv | Codigo cliente | Nombre | Correo electronico | Celular | Ubicacion | Complemento | Ciudad | Departamento |
| NIT | X | 7 | CC-123 | R. Automotion 3 | jhon.quinones@infotrack.com.co | 1234567890 | Cl. 118 #19-52 | Complemento | bogota | Bogota | [Automatizador ts crear servicio01 [Automatizador is abrir pagina [Automatizador opens the Object abrir pagina], Automatizador is login [Automatizador enters 'Automatizador' into Ingrese su usuario, Automatizador enters 'Demo123*' into Ingrese su contrasenia, Automatizador clicks on Iniciar Sesión, Then qs login should be a value equal to '1.6.3'], Automatizador clicks on Modulo principal de Smartwork, Automatizador clicks on Sub-Modulo principal de Gestión de servicios, Automatizador clicks on Botón +  de crear el servicio, Automatizador clicks on Campo Tipo de Identificación, Automatizador clicks on Lista NIT, Automatizador enters '7' into Digito de verificación, Automatizador enters '14021966' into Campo Identificación, Automatizador clicks on Campo de buscar el cliente, Automatizador clicks on Alerta para continuar con la creación del cliente, Automatizador enters 'CC-123' into Campo Código de Cliente, Automatizador enters 'R. Automotion 3' into Campo Nombre, Automatizador enters 'jhon.quinones@infotrack.com.co' into Campo Correo Electrónico, Automatizador enters '1234567890' into Campo Celular, Automatizador clicks on Campo Check Notificacion Correo, Automatizador clicks on Campo Check Notificacion Mensaje, Automatizador clicks on Guardar datos del cliente, Automatizador clicks on Alerta para continuar con la creación del cliente, Automatizador clicks on Boto + de agregar ubicaciones, Automatizador clicks on COnfirmar los mismo datos del usuario registrado, Automatizador enters 'Cl. 118 #19-52' into btón de Ubicación del cliente, Automatizador enters 'Complemento' into btón de complemento del cliente, Automatizador enters 'Bogota' into Departamento, Automatizador clicks on Lista Departamento, Automatizador enters 'bogota' into Ciudad, Automatizador clicks on Lista Ciudad, Automatizador clicks on btón de Guardar direccion del cliente, Automatizador clicks on btón de Continuar con la  direccion del cliente, Automatizador clicks on btón de Volver al formulario del servicio con la  direccion del cliente, Automatizador clicks on Campo de buscar el cliente, Automatizador clicks on Ubicaciones del cliente despues de haber agregado la dirección, Automatizador clicks on Lista Ubicaciones del cliente despues de haber agregado la dirección]], Y se ingresan los siguientes datos del servicio
| Codigo del servicio | Clase servicio | Tipo Servicio | Prioridad | Hora inicio | Hora fin | Zonas | Observacion |
| 01 | Domicilio | Mantenimiento | Alta | 07:00 AM | 05:00 PM | X | Servicio de prueba | [Automatizador enters '01' into Código Servicio, Automatizador enters 'Domicilio' into Clase Servicio, Automatizador clicks on Lista Clase Servicio]]
[Test worker] WARN net.thucydides.core.steps.BaseStepListener - stepStarted: net.thucydides.core.steps.ExecutedStepDescription@20b54cfe
[Test worker] WARN net.thucydides.core.steps.BaseStepListener - stepFinished: current outcome:Crear una orden de servicio desde el call center:Example: {TipoID=NIT, Identificacion=X, CodigoCliente=CC-123, Nombre=R. Automotion 3, Email=jhon.quinones@infotrack.com.co, Celular=1234567890, CodigoServicio=01, ClaseServicio=Domicilio, TipoServicio=Mantenimiento, Prioridad=Alta, HoraInicio=07:00 AM, HoraFin=05:00 PM, Zonas=X, Observacion=Servicio de prueba, Serial=4800356789212, Productos=Campana Extractora, Falla=BOTA AGUA, Ubicacion=Cl. 118 #19-52, Complemento=Complemento, Ciudad=bogota, Departamento=Bogota, Dv=7} [Dado que en el call center se desea crear una orden de servicio con los siguientes datos
| Tipo Identificacion | Identificacion | Dv | Codigo cliente | Nombre | Correo electronico | Celular | Ubicacion | Complemento | Ciudad | Departamento |
| NIT | X | 7 | CC-123 | R. Automotion 3 | jhon.quinones@infotrack.com.co | 1234567890 | Cl. 118 #19-52 | Complemento | bogota | Bogota | [Automatizador ts crear servicio01 [Automatizador is abrir pagina [Automatizador opens the Object abrir pagina], Automatizador is login [Automatizador enters 'Automatizador' into Ingrese su usuario, Automatizador enters 'Demo123*' into Ingrese su contrasenia, Automatizador clicks on Iniciar Sesión, Then qs login should be a value equal to '1.6.3'], Automatizador clicks on Modulo principal de Smartwork, Automatizador clicks on Sub-Modulo principal de Gestión de servicios, Automatizador clicks on Botón +  de crear el servicio, Automatizador clicks on Campo Tipo de Identificación, Automatizador clicks on Lista NIT, Automatizador enters '7' into Digito de verificación, Automatizador enters '14021966' into Campo Identificación, Automatizador clicks on Campo de buscar el cliente, Automatizador clicks on Alerta para continuar con la creación del cliente, Automatizador enters 'CC-123' into Campo Código de Cliente, Automatizador enters 'R. Automotion 3' into Campo Nombre, Automatizador enters 'jhon.quinones@infotrack.com.co' into Campo Correo Electrónico, Automatizador enters '1234567890' into Campo Celular, Automatizador clicks on Campo Check Notificacion Correo, Automatizador clicks on Campo Check Notificacion Mensaje, Automatizador clicks on Guardar datos del cliente, Automatizador clicks on Alerta para continuar con la creación del cliente, Automatizador clicks on Boto + de agregar ubicaciones, Automatizador clicks on COnfirmar los mismo datos del usuario registrado, Automatizador enters 'Cl. 118 #19-52' into btón de Ubicación del cliente, Automatizador enters 'Complemento' into btón de complemento del cliente, Automatizador enters 'Bogota' into Departamento, Automatizador clicks on Lista Departamento, Automatizador enters 'bogota' into Ciudad, Automatizador clicks on Lista Ciudad, Automatizador clicks on btón de Guardar direccion del cliente, Automatizador clicks on btón de Continuar con la  direccion del cliente, Automatizador clicks on btón de Volver al formulario del servicio con la  direccion del cliente, Automatizador clicks on Campo de buscar el cliente, Automatizador clicks on Ubicaciones del cliente despues de haber agregado la dirección, Automatizador clicks on Lista Ubicaciones del cliente despues de haber agregado la dirección]], Y se ingresan los siguientes datos del servicio
| Codigo del servicio | Clase servicio | Tipo Servicio | Prioridad | Hora inicio | Hora fin | Zonas | Observacion |
| 01 | Domicilio | Mantenimiento | Alta | 07:00 AM | 05:00 PM | X | Servicio de prueba | [Automatizador enters '01' into Código Servicio, Automatizador enters 'Domicilio' into Clase Servicio, Automatizador clicks on Lista Clase Servicio, Automatizador enters 'Mantenimiento' into Tipo Servicio]]
[Test worker] WARN net.thucydides.core.steps.BaseStepListener - stepStarted: net.thucydides.core.steps.ExecutedStepDescription@5d3f99d7
[Test worker] WARN net.thucydides.core.steps.BaseStepListener - stepFinished: current outcome:Crear una orden de servicio desde el call center:Example: {TipoID=NIT, Identificacion=X, CodigoCliente=CC-123, Nombre=R. Automotion 3, Email=jhon.quinones@infotrack.com.co, Celular=1234567890, CodigoServicio=01, ClaseServicio=Domicilio, TipoServicio=Mantenimiento, Prioridad=Alta, HoraInicio=07:00 AM, HoraFin=05:00 PM, Zonas=X, Observacion=Servicio de prueba, Serial=4800356789212, Productos=Campana Extractora, Falla=BOTA AGUA, Ubicacion=Cl. 118 #19-52, Complemento=Complemento, Ciudad=bogota, Departamento=Bogota, Dv=7} [Dado que en el call center se desea crear una orden de servicio con los siguientes datos
| Tipo Identificacion | Identificacion | Dv | Codigo cliente | Nombre | Correo electronico | Celular | Ubicacion | Complemento | Ciudad | Departamento |
| NIT | X | 7 | CC-123 | R. Automotion 3 | jhon.quinones@infotrack.com.co | 1234567890 | Cl. 118 #19-52 | Complemento | bogota | Bogota | [Automatizador ts crear servicio01 [Automatizador is abrir pagina [Automatizador opens the Object abrir pagina], Automatizador is login [Automatizador enters 'Automatizador' into Ingrese su usuario, Automatizador enters 'Demo123*' into Ingrese su contrasenia, Automatizador clicks on Iniciar Sesión, Then qs login should be a value equal to '1.6.3'], Automatizador clicks on Modulo principal de Smartwork, Automatizador clicks on Sub-Modulo principal de Gestión de servicios, Automatizador clicks on Botón +  de crear el servicio, Automatizador clicks on Campo Tipo de Identificación, Automatizador clicks on Lista NIT, Automatizador enters '7' into Digito de verificación, Automatizador enters '14021966' into Campo Identificación, Automatizador clicks on Campo de buscar el cliente, Automatizador clicks on Alerta para continuar con la creación del cliente, Automatizador enters 'CC-123' into Campo Código de Cliente, Automatizador enters 'R. Automotion 3' into Campo Nombre, Automatizador enters 'jhon.quinones@infotrack.com.co' into Campo Correo Electrónico, Automatizador enters '1234567890' into Campo Celular, Automatizador clicks on Campo Check Notificacion Correo, Automatizador clicks on Campo Check Notificacion Mensaje, Automatizador clicks on Guardar datos del cliente, Automatizador clicks on Alerta para continuar con la creación del cliente, Automatizador clicks on Boto + de agregar ubicaciones, Automatizador clicks on COnfirmar los mismo datos del usuario registrado, Automatizador enters 'Cl. 118 #19-52' into btón de Ubicación del cliente, Automatizador enters 'Complemento' into btón de complemento del cliente, Automatizador enters 'Bogota' into Departamento, Automatizador clicks on Lista Departamento, Automatizador enters 'bogota' into Ciudad, Automatizador clicks on Lista Ciudad, Automatizador clicks on btón de Guardar direccion del cliente, Automatizador clicks on btón de Continuar con la  direccion del cliente, Automatizador clicks on btón de Volver al formulario del servicio con la  direccion del cliente, Automatizador clicks on Campo de buscar el cliente, Automatizador clicks on Ubicaciones del cliente despues de haber agregado la dirección, Automatizador clicks on Lista Ubicaciones del cliente despues de haber agregado la dirección]], Y se ingresan los siguientes datos del servicio
| Codigo del servicio | Clase servicio | Tipo Servicio | Prioridad | Hora inicio | Hora fin | Zonas | Observacion |
| 01 | Domicilio | Mantenimiento | Alta | 07:00 AM | 05:00 PM | X | Servicio de prueba | [Automatizador enters '01' into Código Servicio, Automatizador enters 'Domicilio' into Clase Servicio, Automatizador clicks on Lista Clase Servicio, Automatizador enters 'Mantenimiento' into Tipo Servicio, Automatizador clicks on Lista Tipo Servicio]]
[Test worker] WARN net.thucydides.core.steps.BaseStepListener - stepStarted: net.thucydides.core.steps.ExecutedStepDescription@32dcfeea
[Test worker] WARN net.thucydides.core.steps.BaseStepListener - stepFinished: current outcome:Crear una orden de servicio desde el call center:Example: {TipoID=NIT, Identificacion=X, CodigoCliente=CC-123, Nombre=R. Automotion 3, Email=jhon.quinones@infotrack.com.co, Celular=1234567890, CodigoServicio=01, ClaseServicio=Domicilio, TipoServicio=Mantenimiento, Prioridad=Alta, HoraInicio=07:00 AM, HoraFin=05:00 PM, Zonas=X, Observacion=Servicio de prueba, Serial=4800356789212, Productos=Campana Extractora, Falla=BOTA AGUA, Ubicacion=Cl. 118 #19-52, Complemento=Complemento, Ciudad=bogota, Departamento=Bogota, Dv=7} [Dado que en el call center se desea crear una orden de servicio con los siguientes datos
| Tipo Identificacion | Identificacion | Dv | Codigo cliente | Nombre | Correo electronico | Celular | Ubicacion | Complemento | Ciudad | Departamento |
| NIT | X | 7 | CC-123 | R. Automotion 3 | jhon.quinones@infotrack.com.co | 1234567890 | Cl. 118 #19-52 | Complemento | bogota | Bogota | [Automatizador ts crear servicio01 [Automatizador is abrir pagina [Automatizador opens the Object abrir pagina], Automatizador is login [Automatizador enters 'Automatizador' into Ingrese su usuario, Automatizador enters 'Demo123*' into Ingrese su contrasenia, Automatizador clicks on Iniciar Sesión, Then qs login should be a value equal to '1.6.3'], Automatizador clicks on Modulo principal de Smartwork, Automatizador clicks on Sub-Modulo principal de Gestión de servicios, Automatizador clicks on Botón +  de crear el servicio, Automatizador clicks on Campo Tipo de Identificación, Automatizador clicks on Lista NIT, Automatizador enters '7' into Digito de verificación, Automatizador enters '14021966' into Campo Identificación, Automatizador clicks on Campo de buscar el cliente, Automatizador clicks on Alerta para continuar con la creación del cliente, Automatizador enters 'CC-123' into Campo Código de Cliente, Automatizador enters 'R. Automotion 3' into Campo Nombre, Automatizador enters 'jhon.quinones@infotrack.com.co' into Campo Correo Electrónico, Automatizador enters '1234567890' into Campo Celular, Automatizador clicks on Campo Check Notificacion Correo, Automatizador clicks on Campo Check Notificacion Mensaje, Automatizador clicks on Guardar datos del cliente, Automatizador clicks on Alerta para continuar con la creación del cliente, Automatizador clicks on Boto + de agregar ubicaciones, Automatizador clicks on COnfirmar los mismo datos del usuario registrado, Automatizador enters 'Cl. 118 #19-52' into btón de Ubicación del cliente, Automatizador enters 'Complemento' into btón de complemento del cliente, Automatizador enters 'Bogota' into Departamento, Automatizador clicks on Lista Departamento, Automatizador enters 'bogota' into Ciudad, Automatizador clicks on Lista Ciudad, Automatizador clicks on btón de Guardar direccion del cliente, Automatizador clicks on btón de Continuar con la  direccion del cliente, Automatizador clicks on btón de Volver al formulario del servicio con la  direccion del cliente, Automatizador clicks on Campo de buscar el cliente, Automatizador clicks on Ubicaciones del cliente despues de haber agregado la dirección, Automatizador clicks on Lista Ubicaciones del cliente despues de haber agregado la dirección]], Y se ingresan los siguientes datos del servicio
| Codigo del servicio | Clase servicio | Tipo Servicio | Prioridad | Hora inicio | Hora fin | Zonas | Observacion |
| 01 | Domicilio | Mantenimiento | Alta | 07:00 AM | 05:00 PM | X | Servicio de prueba | [Automatizador enters '01' into Código Servicio, Automatizador enters 'Domicilio' into Clase Servicio, Automatizador clicks on Lista Clase Servicio, Automatizador enters 'Mantenimiento' into Tipo Servicio, Automatizador clicks on Lista Tipo Servicio, Automatizador enters 'Alta' into Selecscionar Prioridad del  Servicio]]
[Test worker] WARN net.thucydides.core.steps.BaseStepListener - stepStarted: net.thucydides.core.steps.ExecutedStepDescription@1d6713dd
[Test worker] WARN net.thucydides.core.steps.BaseStepListener - stepFinished: current outcome:Crear una orden de servicio desde el call center:Example: {TipoID=NIT, Identificacion=X, CodigoCliente=CC-123, Nombre=R. Automotion 3, Email=jhon.quinones@infotrack.com.co, Celular=1234567890, CodigoServicio=01, ClaseServicio=Domicilio, TipoServicio=Mantenimiento, Prioridad=Alta, HoraInicio=07:00 AM, HoraFin=05:00 PM, Zonas=X, Observacion=Servicio de prueba, Serial=4800356789212, Productos=Campana Extractora, Falla=BOTA AGUA, Ubicacion=Cl. 118 #19-52, Complemento=Complemento, Ciudad=bogota, Departamento=Bogota, Dv=7} [Dado que en el call center se desea crear una orden de servicio con los siguientes datos
| Tipo Identificacion | Identificacion | Dv | Codigo cliente | Nombre | Correo electronico | Celular | Ubicacion | Complemento | Ciudad | Departamento |
| NIT | X | 7 | CC-123 | R. Automotion 3 | jhon.quinones@infotrack.com.co | 1234567890 | Cl. 118 #19-52 | Complemento | bogota | Bogota | [Automatizador ts crear servicio01 [Automatizador is abrir pagina [Automatizador opens the Object abrir pagina], Automatizador is login [Automatizador enters 'Automatizador' into Ingrese su usuario, Automatizador enters 'Demo123*' into Ingrese su contrasenia, Automatizador clicks on Iniciar Sesión, Then qs login should be a value equal to '1.6.3'], Automatizador clicks on Modulo principal de Smartwork, Automatizador clicks on Sub-Modulo principal de Gestión de servicios, Automatizador clicks on Botón +  de crear el servicio, Automatizador clicks on Campo Tipo de Identificación, Automatizador clicks on Lista NIT, Automatizador enters '7' into Digito de verificación, Automatizador enters '14021966' into Campo Identificación, Automatizador clicks on Campo de buscar el cliente, Automatizador clicks on Alerta para continuar con la creación del cliente, Automatizador enters 'CC-123' into Campo Código de Cliente, Automatizador enters 'R. Automotion 3' into Campo Nombre, Automatizador enters 'jhon.quinones@infotrack.com.co' into Campo Correo Electrónico, Automatizador enters '1234567890' into Campo Celular, Automatizador clicks on Campo Check Notificacion Correo, Automatizador clicks on Campo Check Notificacion Mensaje, Automatizador clicks on Guardar datos del cliente, Automatizador clicks on Alerta para continuar con la creación del cliente, Automatizador clicks on Boto + de agregar ubicaciones, Automatizador clicks on COnfirmar los mismo datos del usuario registrado, Automatizador enters 'Cl. 118 #19-52' into btón de Ubicación del cliente, Automatizador enters 'Complemento' into btón de complemento del cliente, Automatizador enters 'Bogota' into Departamento, Automatizador clicks on Lista Departamento, Automatizador enters 'bogota' into Ciudad, Automatizador clicks on Lista Ciudad, Automatizador clicks on btón de Guardar direccion del cliente, Automatizador clicks on btón de Continuar con la  direccion del cliente, Automatizador clicks on btón de Volver al formulario del servicio con la  direccion del cliente, Automatizador clicks on Campo de buscar el cliente, Automatizador clicks on Ubicaciones del cliente despues de haber agregado la dirección, Automatizador clicks on Lista Ubicaciones del cliente despues de haber agregado la dirección]], Y se ingresan los siguientes datos del servicio
| Codigo del servicio | Clase servicio | Tipo Servicio | Prioridad | Hora inicio | Hora fin | Zonas | Observacion |
| 01 | Domicilio | Mantenimiento | Alta | 07:00 AM | 05:00 PM | X | Servicio de prueba | [Automatizador enters '01' into Código Servicio, Automatizador enters 'Domicilio' into Clase Servicio, Automatizador clicks on Lista Clase Servicio, Automatizador enters 'Mantenimiento' into Tipo Servicio, Automatizador clicks on Lista Tipo Servicio, Automatizador enters 'Alta' into Selecscionar Prioridad del  Servicio, Automatizador clicks on Lista Selecscionar Prioridad del  Servicio]]
[Test worker] WARN net.thucydides.core.steps.BaseStepListener - stepStarted: net.thucydides.core.steps.ExecutedStepDescription@6e9a10cd
[Test worker] WARN net.thucydides.core.steps.BaseStepListener - stepFinished: current outcome:Crear una orden de servicio desde el call center:Example: {TipoID=NIT, Identificacion=X, CodigoCliente=CC-123, Nombre=R. Automotion 3, Email=jhon.quinones@infotrack.com.co, Celular=1234567890, CodigoServicio=01, ClaseServicio=Domicilio, TipoServicio=Mantenimiento, Prioridad=Alta, HoraInicio=07:00 AM, HoraFin=05:00 PM, Zonas=X, Observacion=Servicio de prueba, Serial=4800356789212, Productos=Campana Extractora, Falla=BOTA AGUA, Ubicacion=Cl. 118 #19-52, Complemento=Complemento, Ciudad=bogota, Departamento=Bogota, Dv=7} [Dado que en el call center se desea crear una orden de servicio con los siguientes datos
| Tipo Identificacion | Identificacion | Dv | Codigo cliente | Nombre | Correo electronico | Celular | Ubicacion | Complemento | Ciudad | Departamento |
| NIT | X | 7 | CC-123 | R. Automotion 3 | jhon.quinones@infotrack.com.co | 1234567890 | Cl. 118 #19-52 | Complemento | bogota | Bogota | [Automatizador ts crear servicio01 [Automatizador is abrir pagina [Automatizador opens the Object abrir pagina], Automatizador is login [Automatizador enters 'Automatizador' into Ingrese su usuario, Automatizador enters 'Demo123*' into Ingrese su contrasenia, Automatizador clicks on Iniciar Sesión, Then qs login should be a value equal to '1.6.3'], Automatizador clicks on Modulo principal de Smartwork, Automatizador clicks on Sub-Modulo principal de Gestión de servicios, Automatizador clicks on Botón +  de crear el servicio, Automatizador clicks on Campo Tipo de Identificación, Automatizador clicks on Lista NIT, Automatizador enters '7' into Digito de verificación, Automatizador enters '14021966' into Campo Identificación, Automatizador clicks on Campo de buscar el cliente, Automatizador clicks on Alerta para continuar con la creación del cliente, Automatizador enters 'CC-123' into Campo Código de Cliente, Automatizador enters 'R. Automotion 3' into Campo Nombre, Automatizador enters 'jhon.quinones@infotrack.com.co' into Campo Correo Electrónico, Automatizador enters '1234567890' into Campo Celular, Automatizador clicks on Campo Check Notificacion Correo, Automatizador clicks on Campo Check Notificacion Mensaje, Automatizador clicks on Guardar datos del cliente, Automatizador clicks on Alerta para continuar con la creación del cliente, Automatizador clicks on Boto + de agregar ubicaciones, Automatizador clicks on COnfirmar los mismo datos del usuario registrado, Automatizador enters 'Cl. 118 #19-52' into btón de Ubicación del cliente, Automatizador enters 'Complemento' into btón de complemento del cliente, Automatizador enters 'Bogota' into Departamento, Automatizador clicks on Lista Departamento, Automatizador enters 'bogota' into Ciudad, Automatizador clicks on Lista Ciudad, Automatizador clicks on btón de Guardar direccion del cliente, Automatizador clicks on btón de Continuar con la  direccion del cliente, Automatizador clicks on btón de Volver al formulario del servicio con la  direccion del cliente, Automatizador clicks on Campo de buscar el cliente, Automatizador clicks on Ubicaciones del cliente despues de haber agregado la dirección, Automatizador clicks on Lista Ubicaciones del cliente despues de haber agregado la dirección]], Y se ingresan los siguientes datos del servicio
| Codigo del servicio | Clase servicio | Tipo Servicio | Prioridad | Hora inicio | Hora fin | Zonas | Observacion |
| 01 | Domicilio | Mantenimiento | Alta | 07:00 AM | 05:00 PM | X | Servicio de prueba | [Automatizador enters '01' into Código Servicio, Automatizador enters 'Domicilio' into Clase Servicio, Automatizador clicks on Lista Clase Servicio, Automatizador enters 'Mantenimiento' into Tipo Servicio, Automatizador clicks on Lista Tipo Servicio, Automatizador enters 'Alta' into Selecscionar Prioridad del  Servicio, Automatizador clicks on Lista Selecscionar Prioridad del  Servicio, Automatizador enters '07:00 AM' into Hora de Inicio]]
[Test worker] WARN net.thucydides.core.steps.BaseStepListener - stepStarted: net.thucydides.core.steps.ExecutedStepDescription@1f45db49
[Test worker] WARN net.thucydides.core.steps.BaseStepListener - stepFinished: current outcome:Crear una orden de servicio desde el call center:Example: {TipoID=NIT, Identificacion=X, CodigoCliente=CC-123, Nombre=R. Automotion 3, Email=jhon.quinones@infotrack.com.co, Celular=1234567890, CodigoServicio=01, ClaseServicio=Domicilio, TipoServicio=Mantenimiento, Prioridad=Alta, HoraInicio=07:00 AM, HoraFin=05:00 PM, Zonas=X, Observacion=Servicio de prueba, Serial=4800356789212, Productos=Campana Extractora, Falla=BOTA AGUA, Ubicacion=Cl. 118 #19-52, Complemento=Complemento, Ciudad=bogota, Departamento=Bogota, Dv=7} [Dado que en el call center se desea crear una orden de servicio con los siguientes datos
| Tipo Identificacion | Identificacion | Dv | Codigo cliente | Nombre | Correo electronico | Celular | Ubicacion | Complemento | Ciudad | Departamento |
| NIT | X | 7 | CC-123 | R. Automotion 3 | jhon.quinones@infotrack.com.co | 1234567890 | Cl. 118 #19-52 | Complemento | bogota | Bogota | [Automatizador ts crear servicio01 [Automatizador is abrir pagina [Automatizador opens the Object abrir pagina], Automatizador is login [Automatizador enters 'Automatizador' into Ingrese su usuario, Automatizador enters 'Demo123*' into Ingrese su contrasenia, Automatizador clicks on Iniciar Sesión, Then qs login should be a value equal to '1.6.3'], Automatizador clicks on Modulo principal de Smartwork, Automatizador clicks on Sub-Modulo principal de Gestión de servicios, Automatizador clicks on Botón +  de crear el servicio, Automatizador clicks on Campo Tipo de Identificación, Automatizador clicks on Lista NIT, Automatizador enters '7' into Digito de verificación, Automatizador enters '14021966' into Campo Identificación, Automatizador clicks on Campo de buscar el cliente, Automatizador clicks on Alerta para continuar con la creación del cliente, Automatizador enters 'CC-123' into Campo Código de Cliente, Automatizador enters 'R. Automotion 3' into Campo Nombre, Automatizador enters 'jhon.quinones@infotrack.com.co' into Campo Correo Electrónico, Automatizador enters '1234567890' into Campo Celular, Automatizador clicks on Campo Check Notificacion Correo, Automatizador clicks on Campo Check Notificacion Mensaje, Automatizador clicks on Guardar datos del cliente, Automatizador clicks on Alerta para continuar con la creación del cliente, Automatizador clicks on Boto + de agregar ubicaciones, Automatizador clicks on COnfirmar los mismo datos del usuario registrado, Automatizador enters 'Cl. 118 #19-52' into btón de Ubicación del cliente, Automatizador enters 'Complemento' into btón de complemento del cliente, Automatizador enters 'Bogota' into Departamento, Automatizador clicks on Lista Departamento, Automatizador enters 'bogota' into Ciudad, Automatizador clicks on Lista Ciudad, Automatizador clicks on btón de Guardar direccion del cliente, Automatizador clicks on btón de Continuar con la  direccion del cliente, Automatizador clicks on btón de Volver al formulario del servicio con la  direccion del cliente, Automatizador clicks on Campo de buscar el cliente, Automatizador clicks on Ubicaciones del cliente despues de haber agregado la dirección, Automatizador clicks on Lista Ubicaciones del cliente despues de haber agregado la dirección]], Y se ingresan los siguientes datos del servicio
| Codigo del servicio | Clase servicio | Tipo Servicio | Prioridad | Hora inicio | Hora fin | Zonas | Observacion |
| 01 | Domicilio | Mantenimiento | Alta | 07:00 AM | 05:00 PM | X | Servicio de prueba | [Automatizador enters '01' into Código Servicio, Automatizador enters 'Domicilio' into Clase Servicio, Automatizador clicks on Lista Clase Servicio, Automatizador enters 'Mantenimiento' into Tipo Servicio, Automatizador clicks on Lista Tipo Servicio, Automatizador enters 'Alta' into Selecscionar Prioridad del  Servicio, Automatizador clicks on Lista Selecscionar Prioridad del  Servicio, Automatizador enters '07:00 AM' into Hora de Inicio, Automatizador enters '05:00 PM' into Hora de fin]]
[Test worker] WARN net.thucydides.core.steps.BaseStepListener - stepStarted: net.thucydides.core.steps.ExecutedStepDescription@1da75dde
[Test worker] WARN net.thucydides.core.steps.BaseStepListener - stepFinished: current outcome:Crear una orden de servicio desde el call center:Example: {TipoID=NIT, Identificacion=X, CodigoCliente=CC-123, Nombre=R. Automotion 3, Email=jhon.quinones@infotrack.com.co, Celular=1234567890, CodigoServicio=01, ClaseServicio=Domicilio, TipoServicio=Mantenimiento, Prioridad=Alta, HoraInicio=07:00 AM, HoraFin=05:00 PM, Zonas=X, Observacion=Servicio de prueba, Serial=4800356789212, Productos=Campana Extractora, Falla=BOTA AGUA, Ubicacion=Cl. 118 #19-52, Complemento=Complemento, Ciudad=bogota, Departamento=Bogota, Dv=7} [Dado que en el call center se desea crear una orden de servicio con los siguientes datos
| Tipo Identificacion | Identificacion | Dv | Codigo cliente | Nombre | Correo electronico | Celular | Ubicacion | Complemento | Ciudad | Departamento |
| NIT | X | 7 | CC-123 | R. Automotion 3 | jhon.quinones@infotrack.com.co | 1234567890 | Cl. 118 #19-52 | Complemento | bogota | Bogota | [Automatizador ts crear servicio01 [Automatizador is abrir pagina [Automatizador opens the Object abrir pagina], Automatizador is login [Automatizador enters 'Automatizador' into Ingrese su usuario, Automatizador enters 'Demo123*' into Ingrese su contrasenia, Automatizador clicks on Iniciar Sesión, Then qs login should be a value equal to '1.6.3'], Automatizador clicks on Modulo principal de Smartwork, Automatizador clicks on Sub-Modulo principal de Gestión de servicios, Automatizador clicks on Botón +  de crear el servicio, Automatizador clicks on Campo Tipo de Identificación, Automatizador clicks on Lista NIT, Automatizador enters '7' into Digito de verificación, Automatizador enters '14021966' into Campo Identificación, Automatizador clicks on Campo de buscar el cliente, Automatizador clicks on Alerta para continuar con la creación del cliente, Automatizador enters 'CC-123' into Campo Código de Cliente, Automatizador enters 'R. Automotion 3' into Campo Nombre, Automatizador enters 'jhon.quinones@infotrack.com.co' into Campo Correo Electrónico, Automatizador enters '1234567890' into Campo Celular, Automatizador clicks on Campo Check Notificacion Correo, Automatizador clicks on Campo Check Notificacion Mensaje, Automatizador clicks on Guardar datos del cliente, Automatizador clicks on Alerta para continuar con la creación del cliente, Automatizador clicks on Boto + de agregar ubicaciones, Automatizador clicks on COnfirmar los mismo datos del usuario registrado, Automatizador enters 'Cl. 118 #19-52' into btón de Ubicación del cliente, Automatizador enters 'Complemento' into btón de complemento del cliente, Automatizador enters 'Bogota' into Departamento, Automatizador clicks on Lista Departamento, Automatizador enters 'bogota' into Ciudad, Automatizador clicks on Lista Ciudad, Automatizador clicks on btón de Guardar direccion del cliente, Automatizador clicks on btón de Continuar con la  direccion del cliente, Automatizador clicks on btón de Volver al formulario del servicio con la  direccion del cliente, Automatizador clicks on Campo de buscar el cliente, Automatizador clicks on Ubicaciones del cliente despues de haber agregado la dirección, Automatizador clicks on Lista Ubicaciones del cliente despues de haber agregado la dirección]], Y se ingresan los siguientes datos del servicio
| Codigo del servicio | Clase servicio | Tipo Servicio | Prioridad | Hora inicio | Hora fin | Zonas | Observacion |
| 01 | Domicilio | Mantenimiento | Alta | 07:00 AM | 05:00 PM | X | Servicio de prueba | [Automatizador enters '01' into Código Servicio, Automatizador enters 'Domicilio' into Clase Servicio, Automatizador clicks on Lista Clase Servicio, Automatizador enters 'Mantenimiento' into Tipo Servicio, Automatizador clicks on Lista Tipo Servicio, Automatizador enters 'Alta' into Selecscionar Prioridad del  Servicio, Automatizador clicks on Lista Selecscionar Prioridad del  Servicio, Automatizador enters '07:00 AM' into Hora de Inicio, Automatizador enters '05:00 PM' into Hora de fin, Automatizador enters 'Servicio de prueba' into Observación]]
[Test worker] WARN net.thucydides.core.steps.BaseStepListener - stepFinished: current outcome:Crear una orden de servicio desde el call center:Example: {TipoID=NIT, Identificacion=X, CodigoCliente=CC-123, Nombre=R. Automotion 3, Email=jhon.quinones@infotrack.com.co, Celular=1234567890, CodigoServicio=01, ClaseServicio=Domicilio, TipoServicio=Mantenimiento, Prioridad=Alta, HoraInicio=07:00 AM, HoraFin=05:00 PM, Zonas=X, Observacion=Servicio de prueba, Serial=4800356789212, Productos=Campana Extractora, Falla=BOTA AGUA, Ubicacion=Cl. 118 #19-52, Complemento=Complemento, Ciudad=bogota, Departamento=Bogota, Dv=7} [Dado que en el call center se desea crear una orden de servicio con los siguientes datos
| Tipo Identificacion | Identificacion | Dv | Codigo cliente | Nombre | Correo electronico | Celular | Ubicacion | Complemento | Ciudad | Departamento |
| NIT | X | 7 | CC-123 | R. Automotion 3 | jhon.quinones@infotrack.com.co | 1234567890 | Cl. 118 #19-52 | Complemento | bogota | Bogota | [Automatizador ts crear servicio01 [Automatizador is abrir pagina [Automatizador opens the Object abrir pagina], Automatizador is login [Automatizador enters 'Automatizador' into Ingrese su usuario, Automatizador enters 'Demo123*' into Ingrese su contrasenia, Automatizador clicks on Iniciar Sesión, Then qs login should be a value equal to '1.6.3'], Automatizador clicks on Modulo principal de Smartwork, Automatizador clicks on Sub-Modulo principal de Gestión de servicios, Automatizador clicks on Botón +  de crear el servicio, Automatizador clicks on Campo Tipo de Identificación, Automatizador clicks on Lista NIT, Automatizador enters '7' into Digito de verificación, Automatizador enters '14021966' into Campo Identificación, Automatizador clicks on Campo de buscar el cliente, Automatizador clicks on Alerta para continuar con la creación del cliente, Automatizador enters 'CC-123' into Campo Código de Cliente, Automatizador enters 'R. Automotion 3' into Campo Nombre, Automatizador enters 'jhon.quinones@infotrack.com.co' into Campo Correo Electrónico, Automatizador enters '1234567890' into Campo Celular, Automatizador clicks on Campo Check Notificacion Correo, Automatizador clicks on Campo Check Notificacion Mensaje, Automatizador clicks on Guardar datos del cliente, Automatizador clicks on Alerta para continuar con la creación del cliente, Automatizador clicks on Boto + de agregar ubicaciones, Automatizador clicks on COnfirmar los mismo datos del usuario registrado, Automatizador enters 'Cl. 118 #19-52' into btón de Ubicación del cliente, Automatizador enters 'Complemento' into btón de complemento del cliente, Automatizador enters 'Bogota' into Departamento, Automatizador clicks on Lista Departamento, Automatizador enters 'bogota' into Ciudad, Automatizador clicks on Lista Ciudad, Automatizador clicks on btón de Guardar direccion del cliente, Automatizador clicks on btón de Continuar con la  direccion del cliente, Automatizador clicks on btón de Volver al formulario del servicio con la  direccion del cliente, Automatizador clicks on Campo de buscar el cliente, Automatizador clicks on Ubicaciones del cliente despues de haber agregado la dirección, Automatizador clicks on Lista Ubicaciones del cliente despues de haber agregado la dirección]], Y se ingresan los siguientes datos del servicio
| Codigo del servicio | Clase servicio | Tipo Servicio | Prioridad | Hora inicio | Hora fin | Zonas | Observacion |
| 01 | Domicilio | Mantenimiento | Alta | 07:00 AM | 05:00 PM | X | Servicio de prueba | [Automatizador enters '01' into Código Servicio, Automatizador enters 'Domicilio' into Clase Servicio, Automatizador clicks on Lista Clase Servicio, Automatizador enters 'Mantenimiento' into Tipo Servicio, Automatizador clicks on Lista Tipo Servicio, Automatizador enters 'Alta' into Selecscionar Prioridad del  Servicio, Automatizador clicks on Lista Selecscionar Prioridad del  Servicio, Automatizador enters '07:00 AM' into Hora de Inicio, Automatizador enters '05:00 PM' into Hora de fin, Automatizador enters 'Servicio de prueba' into Observación]]
[Test worker] WARN net.thucydides.core.steps.BaseStepListener - stepStarted: net.thucydides.core.steps.ExecutedStepDescription@278fe428
[Test worker] WARN net.thucydides.core.steps.BaseStepListener - stepStarted: net.thucydides.core.steps.ExecutedStepDescription@57416e49
[Test worker] WARN net.thucydides.core.steps.BaseStepListener - stepFinished: current outcome:Crear una orden de servicio desde el call center:Example: {TipoID=NIT, Identificacion=X, CodigoCliente=CC-123, Nombre=R. Automotion 3, Email=jhon.quinones@infotrack.com.co, Celular=1234567890, CodigoServicio=01, ClaseServicio=Domicilio, TipoServicio=Mantenimiento, Prioridad=Alta, HoraInicio=07:00 AM, HoraFin=05:00 PM, Zonas=X, Observacion=Servicio de prueba, Serial=4800356789212, Productos=Campana Extractora, Falla=BOTA AGUA, Ubicacion=Cl. 118 #19-52, Complemento=Complemento, Ciudad=bogota, Departamento=Bogota, Dv=7} [Dado que en el call center se desea crear una orden de servicio con los siguientes datos
| Tipo Identificacion | Identificacion | Dv | Codigo cliente | Nombre | Correo electronico | Celular | Ubicacion | Complemento | Ciudad | Departamento |
| NIT | X | 7 | CC-123 | R. Automotion 3 | jhon.quinones@infotrack.com.co | 1234567890 | Cl. 118 #19-52 | Complemento | bogota | Bogota | [Automatizador ts crear servicio01 [Automatizador is abrir pagina [Automatizador opens the Object abrir pagina], Automatizador is login [Automatizador enters 'Automatizador' into Ingrese su usuario, Automatizador enters 'Demo123*' into Ingrese su contrasenia, Automatizador clicks on Iniciar Sesión, Then qs login should be a value equal to '1.6.3'], Automatizador clicks on Modulo principal de Smartwork, Automatizador clicks on Sub-Modulo principal de Gestión de servicios, Automatizador clicks on Botón +  de crear el servicio, Automatizador clicks on Campo Tipo de Identificación, Automatizador clicks on Lista NIT, Automatizador enters '7' into Digito de verificación, Automatizador enters '14021966' into Campo Identificación, Automatizador clicks on Campo de buscar el cliente, Automatizador clicks on Alerta para continuar con la creación del cliente, Automatizador enters 'CC-123' into Campo Código de Cliente, Automatizador enters 'R. Automotion 3' into Campo Nombre, Automatizador enters 'jhon.quinones@infotrack.com.co' into Campo Correo Electrónico, Automatizador enters '1234567890' into Campo Celular, Automatizador clicks on Campo Check Notificacion Correo, Automatizador clicks on Campo Check Notificacion Mensaje, Automatizador clicks on Guardar datos del cliente, Automatizador clicks on Alerta para continuar con la creación del cliente, Automatizador clicks on Boto + de agregar ubicaciones, Automatizador clicks on COnfirmar los mismo datos del usuario registrado, Automatizador enters 'Cl. 118 #19-52' into btón de Ubicación del cliente, Automatizador enters 'Complemento' into btón de complemento del cliente, Automatizador enters 'Bogota' into Departamento, Automatizador clicks on Lista Departamento, Automatizador enters 'bogota' into Ciudad, Automatizador clicks on Lista Ciudad, Automatizador clicks on btón de Guardar direccion del cliente, Automatizador clicks on btón de Continuar con la  direccion del cliente, Automatizador clicks on btón de Volver al formulario del servicio con la  direccion del cliente, Automatizador clicks on Campo de buscar el cliente, Automatizador clicks on Ubicaciones del cliente despues de haber agregado la dirección, Automatizador clicks on Lista Ubicaciones del cliente despues de haber agregado la dirección]], Y se ingresan los siguientes datos del servicio
| Codigo del servicio | Clase servicio | Tipo Servicio | Prioridad | Hora inicio | Hora fin | Zonas | Observacion |
| 01 | Domicilio | Mantenimiento | Alta | 07:00 AM | 05:00 PM | X | Servicio de prueba | [Automatizador enters '01' into Código Servicio, Automatizador enters 'Domicilio' into Clase Servicio, Automatizador clicks on Lista Clase Servicio, Automatizador enters 'Mantenimiento' into Tipo Servicio, Automatizador clicks on Lista Tipo Servicio, Automatizador enters 'Alta' into Selecscionar Prioridad del  Servicio, Automatizador clicks on Lista Selecscionar Prioridad del  Servicio, Automatizador enters '07:00 AM' into Hora de Inicio, Automatizador enters '05:00 PM' into Hora de fin, Automatizador enters 'Servicio de prueba' into Observación], Y se ingresan los siguientes datos del producto
| Serial | Productos | Falla |
| 4800356789212 | Campana Extractora | BOTA AGUA | [Automatizador enters 'Campana Extractora' into Campo Productos]]
[Test worker] WARN net.thucydides.core.steps.BaseStepListener - stepStarted: net.thucydides.core.steps.ExecutedStepDescription@5635bcd2
[Test worker] WARN net.thucydides.core.steps.BaseStepListener - stepFinished: current outcome:Crear una orden de servicio desde el call center:Example: {TipoID=NIT, Identificacion=X, CodigoCliente=CC-123, Nombre=R. Automotion 3, Email=jhon.quinones@infotrack.com.co, Celular=1234567890, CodigoServicio=01, ClaseServicio=Domicilio, TipoServicio=Mantenimiento, Prioridad=Alta, HoraInicio=07:00 AM, HoraFin=05:00 PM, Zonas=X, Observacion=Servicio de prueba, Serial=4800356789212, Productos=Campana Extractora, Falla=BOTA AGUA, Ubicacion=Cl. 118 #19-52, Complemento=Complemento, Ciudad=bogota, Departamento=Bogota, Dv=7} [Dado que en el call center se desea crear una orden de servicio con los siguientes datos
| Tipo Identificacion | Identificacion | Dv | Codigo cliente | Nombre | Correo electronico | Celular | Ubicacion | Complemento | Ciudad | Departamento |
| NIT | X | 7 | CC-123 | R. Automotion 3 | jhon.quinones@infotrack.com.co | 1234567890 | Cl. 118 #19-52 | Complemento | bogota | Bogota | [Automatizador ts crear servicio01 [Automatizador is abrir pagina [Automatizador opens the Object abrir pagina], Automatizador is login [Automatizador enters 'Automatizador' into Ingrese su usuario, Automatizador enters 'Demo123*' into Ingrese su contrasenia, Automatizador clicks on Iniciar Sesión, Then qs login should be a value equal to '1.6.3'], Automatizador clicks on Modulo principal de Smartwork, Automatizador clicks on Sub-Modulo principal de Gestión de servicios, Automatizador clicks on Botón +  de crear el servicio, Automatizador clicks on Campo Tipo de Identificación, Automatizador clicks on Lista NIT, Automatizador enters '7' into Digito de verificación, Automatizador enters '14021966' into Campo Identificación, Automatizador clicks on Campo de buscar el cliente, Automatizador clicks on Alerta para continuar con la creación del cliente, Automatizador enters 'CC-123' into Campo Código de Cliente, Automatizador enters 'R. Automotion 3' into Campo Nombre, Automatizador enters 'jhon.quinones@infotrack.com.co' into Campo Correo Electrónico, Automatizador enters '1234567890' into Campo Celular, Automatizador clicks on Campo Check Notificacion Correo, Automatizador clicks on Campo Check Notificacion Mensaje, Automatizador clicks on Guardar datos del cliente, Automatizador clicks on Alerta para continuar con la creación del cliente, Automatizador clicks on Boto + de agregar ubicaciones, Automatizador clicks on COnfirmar los mismo datos del usuario registrado, Automatizador enters 'Cl. 118 #19-52' into btón de Ubicación del cliente, Automatizador enters 'Complemento' into btón de complemento del cliente, Automatizador enters 'Bogota' into Departamento, Automatizador clicks on Lista Departamento, Automatizador enters 'bogota' into Ciudad, Automatizador clicks on Lista Ciudad, Automatizador clicks on btón de Guardar direccion del cliente, Automatizador clicks on btón de Continuar con la  direccion del cliente, Automatizador clicks on btón de Volver al formulario del servicio con la  direccion del cliente, Automatizador clicks on Campo de buscar el cliente, Automatizador clicks on Ubicaciones del cliente despues de haber agregado la dirección, Automatizador clicks on Lista Ubicaciones del cliente despues de haber agregado la dirección]], Y se ingresan los siguientes datos del servicio
| Codigo del servicio | Clase servicio | Tipo Servicio | Prioridad | Hora inicio | Hora fin | Zonas | Observacion |
| 01 | Domicilio | Mantenimiento | Alta | 07:00 AM | 05:00 PM | X | Servicio de prueba | [Automatizador enters '01' into Código Servicio, Automatizador enters 'Domicilio' into Clase Servicio, Automatizador clicks on Lista Clase Servicio, Automatizador enters 'Mantenimiento' into Tipo Servicio, Automatizador clicks on Lista Tipo Servicio, Automatizador enters 'Alta' into Selecscionar Prioridad del  Servicio, Automatizador clicks on Lista Selecscionar Prioridad del  Servicio, Automatizador enters '07:00 AM' into Hora de Inicio, Automatizador enters '05:00 PM' into Hora de fin, Automatizador enters 'Servicio de prueba' into Observación], Y se ingresan los siguientes datos del producto
| Serial | Productos | Falla |
| 4800356789212 | Campana Extractora | BOTA AGUA | [Automatizador enters 'Campana Extractora' into Campo Productos, Automatizador clicks on Lista Campo Productos]]
[Test worker] WARN net.thucydides.core.steps.BaseStepListener - stepStarted: net.thucydides.core.steps.ExecutedStepDescription@46702c26
[Test worker] WARN net.thucydides.core.steps.BaseStepListener - stepFinished: current outcome:Crear una orden de servicio desde el call center:Example: {TipoID=NIT, Identificacion=X, CodigoCliente=CC-123, Nombre=R. Automotion 3, Email=jhon.quinones@infotrack.com.co, Celular=1234567890, CodigoServicio=01, ClaseServicio=Domicilio, TipoServicio=Mantenimiento, Prioridad=Alta, HoraInicio=07:00 AM, HoraFin=05:00 PM, Zonas=X, Observacion=Servicio de prueba, Serial=4800356789212, Productos=Campana Extractora, Falla=BOTA AGUA, Ubicacion=Cl. 118 #19-52, Complemento=Complemento, Ciudad=bogota, Departamento=Bogota, Dv=7} [Dado que en el call center se desea crear una orden de servicio con los siguientes datos
| Tipo Identificacion | Identificacion | Dv | Codigo cliente | Nombre | Correo electronico | Celular | Ubicacion | Complemento | Ciudad | Departamento |
| NIT | X | 7 | CC-123 | R. Automotion 3 | jhon.quinones@infotrack.com.co | 1234567890 | Cl. 118 #19-52 | Complemento | bogota | Bogota | [Automatizador ts crear servicio01 [Automatizador is abrir pagina [Automatizador opens the Object abrir pagina], Automatizador is login [Automatizador enters 'Automatizador' into Ingrese su usuario, Automatizador enters 'Demo123*' into Ingrese su contrasenia, Automatizador clicks on Iniciar Sesión, Then qs login should be a value equal to '1.6.3'], Automatizador clicks on Modulo principal de Smartwork, Automatizador clicks on Sub-Modulo principal de Gestión de servicios, Automatizador clicks on Botón +  de crear el servicio, Automatizador clicks on Campo Tipo de Identificación, Automatizador clicks on Lista NIT, Automatizador enters '7' into Digito de verificación, Automatizador enters '14021966' into Campo Identificación, Automatizador clicks on Campo de buscar el cliente, Automatizador clicks on Alerta para continuar con la creación del cliente, Automatizador enters 'CC-123' into Campo Código de Cliente, Automatizador enters 'R. Automotion 3' into Campo Nombre, Automatizador enters 'jhon.quinones@infotrack.com.co' into Campo Correo Electrónico, Automatizador enters '1234567890' into Campo Celular, Automatizador clicks on Campo Check Notificacion Correo, Automatizador clicks on Campo Check Notificacion Mensaje, Automatizador clicks on Guardar datos del cliente, Automatizador clicks on Alerta para continuar con la creación del cliente, Automatizador clicks on Boto + de agregar ubicaciones, Automatizador clicks on COnfirmar los mismo datos del usuario registrado, Automatizador enters 'Cl. 118 #19-52' into btón de Ubicación del cliente, Automatizador enters 'Complemento' into btón de complemento del cliente, Automatizador enters 'Bogota' into Departamento, Automatizador clicks on Lista Departamento, Automatizador enters 'bogota' into Ciudad, Automatizador clicks on Lista Ciudad, Automatizador clicks on btón de Guardar direccion del cliente, Automatizador clicks on btón de Continuar con la  direccion del cliente, Automatizador clicks on btón de Volver al formulario del servicio con la  direccion del cliente, Automatizador clicks on Campo de buscar el cliente, Automatizador clicks on Ubicaciones del cliente despues de haber agregado la dirección, Automatizador clicks on Lista Ubicaciones del cliente despues de haber agregado la dirección]], Y se ingresan los siguientes datos del servicio
| Codigo del servicio | Clase servicio | Tipo Servicio | Prioridad | Hora inicio | Hora fin | Zonas | Observacion |
| 01 | Domicilio | Mantenimiento | Alta | 07:00 AM | 05:00 PM | X | Servicio de prueba | [Automatizador enters '01' into Código Servicio, Automatizador enters 'Domicilio' into Clase Servicio, Automatizador clicks on Lista Clase Servicio, Automatizador enters 'Mantenimiento' into Tipo Servicio, Automatizador clicks on Lista Tipo Servicio, Automatizador enters 'Alta' into Selecscionar Prioridad del  Servicio, Automatizador clicks on Lista Selecscionar Prioridad del  Servicio, Automatizador enters '07:00 AM' into Hora de Inicio, Automatizador enters '05:00 PM' into Hora de fin, Automatizador enters 'Servicio de prueba' into Observación], Y se ingresan los siguientes datos del producto
| Serial | Productos | Falla |
| 4800356789212 | Campana Extractora | BOTA AGUA | [Automatizador enters 'Campana Extractora' into Campo Productos, Automatizador clicks on Lista Campo Productos, Automatizador enters 'BOTA AGUA' into Campo Falla]]
[Test worker] WARN net.thucydides.core.steps.BaseStepListener - stepStarted: net.thucydides.core.steps.ExecutedStepDescription@5a48d186
[Test worker] WARN net.thucydides.core.steps.BaseStepListener - stepFinished: current outcome:Crear una orden de servicio desde el call center:Example: {TipoID=NIT, Identificacion=X, CodigoCliente=CC-123, Nombre=R. Automotion 3, Email=jhon.quinones@infotrack.com.co, Celular=1234567890, CodigoServicio=01, ClaseServicio=Domicilio, TipoServicio=Mantenimiento, Prioridad=Alta, HoraInicio=07:00 AM, HoraFin=05:00 PM, Zonas=X, Observacion=Servicio de prueba, Serial=4800356789212, Productos=Campana Extractora, Falla=BOTA AGUA, Ubicacion=Cl. 118 #19-52, Complemento=Complemento, Ciudad=bogota, Departamento=Bogota, Dv=7} [Dado que en el call center se desea crear una orden de servicio con los siguientes datos
| Tipo Identificacion | Identificacion | Dv | Codigo cliente | Nombre | Correo electronico | Celular | Ubicacion | Complemento | Ciudad | Departamento |
| NIT | X | 7 | CC-123 | R. Automotion 3 | jhon.quinones@infotrack.com.co | 1234567890 | Cl. 118 #19-52 | Complemento | bogota | Bogota | [Automatizador ts crear servicio01 [Automatizador is abrir pagina [Automatizador opens the Object abrir pagina], Automatizador is login [Automatizador enters 'Automatizador' into Ingrese su usuario, Automatizador enters 'Demo123*' into Ingrese su contrasenia, Automatizador clicks on Iniciar Sesión, Then qs login should be a value equal to '1.6.3'], Automatizador clicks on Modulo principal de Smartwork, Automatizador clicks on Sub-Modulo principal de Gestión de servicios, Automatizador clicks on Botón +  de crear el servicio, Automatizador clicks on Campo Tipo de Identificación, Automatizador clicks on Lista NIT, Automatizador enters '7' into Digito de verificación, Automatizador enters '14021966' into Campo Identificación, Automatizador clicks on Campo de buscar el cliente, Automatizador clicks on Alerta para continuar con la creación del cliente, Automatizador enters 'CC-123' into Campo Código de Cliente, Automatizador enters 'R. Automotion 3' into Campo Nombre, Automatizador enters 'jhon.quinones@infotrack.com.co' into Campo Correo Electrónico, Automatizador enters '1234567890' into Campo Celular, Automatizador clicks on Campo Check Notificacion Correo, Automatizador clicks on Campo Check Notificacion Mensaje, Automatizador clicks on Guardar datos del cliente, Automatizador clicks on Alerta para continuar con la creación del cliente, Automatizador clicks on Boto + de agregar ubicaciones, Automatizador clicks on COnfirmar los mismo datos del usuario registrado, Automatizador enters 'Cl. 118 #19-52' into btón de Ubicación del cliente, Automatizador enters 'Complemento' into btón de complemento del cliente, Automatizador enters 'Bogota' into Departamento, Automatizador clicks on Lista Departamento, Automatizador enters 'bogota' into Ciudad, Automatizador clicks on Lista Ciudad, Automatizador clicks on btón de Guardar direccion del cliente, Automatizador clicks on btón de Continuar con la  direccion del cliente, Automatizador clicks on btón de Volver al formulario del servicio con la  direccion del cliente, Automatizador clicks on Campo de buscar el cliente, Automatizador clicks on Ubicaciones del cliente despues de haber agregado la dirección, Automatizador clicks on Lista Ubicaciones del cliente despues de haber agregado la dirección]], Y se ingresan los siguientes datos del servicio
| Codigo del servicio | Clase servicio | Tipo Servicio | Prioridad | Hora inicio | Hora fin | Zonas | Observacion |
| 01 | Domicilio | Mantenimiento | Alta | 07:00 AM | 05:00 PM | X | Servicio de prueba | [Automatizador enters '01' into Código Servicio, Automatizador enters 'Domicilio' into Clase Servicio, Automatizador clicks on Lista Clase Servicio, Automatizador enters 'Mantenimiento' into Tipo Servicio, Automatizador clicks on Lista Tipo Servicio, Automatizador enters 'Alta' into Selecscionar Prioridad del  Servicio, Automatizador clicks on Lista Selecscionar Prioridad del  Servicio, Automatizador enters '07:00 AM' into Hora de Inicio, Automatizador enters '05:00 PM' into Hora de fin, Automatizador enters 'Servicio de prueba' into Observación], Y se ingresan los siguientes datos del producto
| Serial | Productos | Falla |
| 4800356789212 | Campana Extractora | BOTA AGUA | [Automatizador enters 'Campana Extractora' into Campo Productos, Automatizador clicks on Lista Campo Productos, Automatizador enters 'BOTA AGUA' into Campo Falla, Automatizador clicks on Lista Campo Falla]]
[Test worker] WARN net.thucydides.core.steps.BaseStepListener - stepStarted: net.thucydides.core.steps.ExecutedStepDescription@559fd5ec
[Test worker] WARN net.thucydides.core.steps.BaseStepListener - stepFinished: current outcome:Crear una orden de servicio desde el call center:Example: {TipoID=NIT, Identificacion=X, CodigoCliente=CC-123, Nombre=R. Automotion 3, Email=jhon.quinones@infotrack.com.co, Celular=1234567890, CodigoServicio=01, ClaseServicio=Domicilio, TipoServicio=Mantenimiento, Prioridad=Alta, HoraInicio=07:00 AM, HoraFin=05:00 PM, Zonas=X, Observacion=Servicio de prueba, Serial=4800356789212, Productos=Campana Extractora, Falla=BOTA AGUA, Ubicacion=Cl. 118 #19-52, Complemento=Complemento, Ciudad=bogota, Departamento=Bogota, Dv=7} [Dado que en el call center se desea crear una orden de servicio con los siguientes datos
| Tipo Identificacion | Identificacion | Dv | Codigo cliente | Nombre | Correo electronico | Celular | Ubicacion | Complemento | Ciudad | Departamento |
| NIT | X | 7 | CC-123 | R. Automotion 3 | jhon.quinones@infotrack.com.co | 1234567890 | Cl. 118 #19-52 | Complemento | bogota | Bogota | [Automatizador ts crear servicio01 [Automatizador is abrir pagina [Automatizador opens the Object abrir pagina], Automatizador is login [Automatizador enters 'Automatizador' into Ingrese su usuario, Automatizador enters 'Demo123*' into Ingrese su contrasenia, Automatizador clicks on Iniciar Sesión, Then qs login should be a value equal to '1.6.3'], Automatizador clicks on Modulo principal de Smartwork, Automatizador clicks on Sub-Modulo principal de Gestión de servicios, Automatizador clicks on Botón +  de crear el servicio, Automatizador clicks on Campo Tipo de Identificación, Automatizador clicks on Lista NIT, Automatizador enters '7' into Digito de verificación, Automatizador enters '14021966' into Campo Identificación, Automatizador clicks on Campo de buscar el cliente, Automatizador clicks on Alerta para continuar con la creación del cliente, Automatizador enters 'CC-123' into Campo Código de Cliente, Automatizador enters 'R. Automotion 3' into Campo Nombre, Automatizador enters 'jhon.quinones@infotrack.com.co' into Campo Correo Electrónico, Automatizador enters '1234567890' into Campo Celular, Automatizador clicks on Campo Check Notificacion Correo, Automatizador clicks on Campo Check Notificacion Mensaje, Automatizador clicks on Guardar datos del cliente, Automatizador clicks on Alerta para continuar con la creación del cliente, Automatizador clicks on Boto + de agregar ubicaciones, Automatizador clicks on COnfirmar los mismo datos del usuario registrado, Automatizador enters 'Cl. 118 #19-52' into btón de Ubicación del cliente, Automatizador enters 'Complemento' into btón de complemento del cliente, Automatizador enters 'Bogota' into Departamento, Automatizador clicks on Lista Departamento, Automatizador enters 'bogota' into Ciudad, Automatizador clicks on Lista Ciudad, Automatizador clicks on btón de Guardar direccion del cliente, Automatizador clicks on btón de Continuar con la  direccion del cliente, Automatizador clicks on btón de Volver al formulario del servicio con la  direccion del cliente, Automatizador clicks on Campo de buscar el cliente, Automatizador clicks on Ubicaciones del cliente despues de haber agregado la dirección, Automatizador clicks on Lista Ubicaciones del cliente despues de haber agregado la dirección]], Y se ingresan los siguientes datos del servicio
| Codigo del servicio | Clase servicio | Tipo Servicio | Prioridad | Hora inicio | Hora fin | Zonas | Observacion |
| 01 | Domicilio | Mantenimiento | Alta | 07:00 AM | 05:00 PM | X | Servicio de prueba | [Automatizador enters '01' into Código Servicio, Automatizador enters 'Domicilio' into Clase Servicio, Automatizador clicks on Lista Clase Servicio, Automatizador enters 'Mantenimiento' into Tipo Servicio, Automatizador clicks on Lista Tipo Servicio, Automatizador enters 'Alta' into Selecscionar Prioridad del  Servicio, Automatizador clicks on Lista Selecscionar Prioridad del  Servicio, Automatizador enters '07:00 AM' into Hora de Inicio, Automatizador enters '05:00 PM' into Hora de fin, Automatizador enters 'Servicio de prueba' into Observación], Y se ingresan los siguientes datos del producto
| Serial | Productos | Falla |
| 4800356789212 | Campana Extractora | BOTA AGUA | [Automatizador enters 'Campana Extractora' into Campo Productos, Automatizador clicks on Lista Campo Productos, Automatizador enters 'BOTA AGUA' into Campo Falla, Automatizador clicks on Lista Campo Falla, Automatizador clicks on Botón para guardar el servicio]]
[Test worker] WARN net.thucydides.core.steps.BaseStepListener - stepStarted: net.thucydides.core.steps.ExecutedStepDescription@4b3ad7ca
[Test worker] WARN net.thucydides.core.steps.BaseStepListener - stepFinished: current outcome:Crear una orden de servicio desde el call center:Example: {TipoID=NIT, Identificacion=X, CodigoCliente=CC-123, Nombre=R. Automotion 3, Email=jhon.quinones@infotrack.com.co, Celular=1234567890, CodigoServicio=01, ClaseServicio=Domicilio, TipoServicio=Mantenimiento, Prioridad=Alta, HoraInicio=07:00 AM, HoraFin=05:00 PM, Zonas=X, Observacion=Servicio de prueba, Serial=4800356789212, Productos=Campana Extractora, Falla=BOTA AGUA, Ubicacion=Cl. 118 #19-52, Complemento=Complemento, Ciudad=bogota, Departamento=Bogota, Dv=7} [Dado que en el call center se desea crear una orden de servicio con los siguientes datos
| Tipo Identificacion | Identificacion | Dv | Codigo cliente | Nombre | Correo electronico | Celular | Ubicacion | Complemento | Ciudad | Departamento |
| NIT | X | 7 | CC-123 | R. Automotion 3 | jhon.quinones@infotrack.com.co | 1234567890 | Cl. 118 #19-52 | Complemento | bogota | Bogota | [Automatizador ts crear servicio01 [Automatizador is abrir pagina [Automatizador opens the Object abrir pagina], Automatizador is login [Automatizador enters 'Automatizador' into Ingrese su usuario, Automatizador enters 'Demo123*' into Ingrese su contrasenia, Automatizador clicks on Iniciar Sesión, Then qs login should be a value equal to '1.6.3'], Automatizador clicks on Modulo principal de Smartwork, Automatizador clicks on Sub-Modulo principal de Gestión de servicios, Automatizador clicks on Botón +  de crear el servicio, Automatizador clicks on Campo Tipo de Identificación, Automatizador clicks on Lista NIT, Automatizador enters '7' into Digito de verificación, Automatizador enters '14021966' into Campo Identificación, Automatizador clicks on Campo de buscar el cliente, Automatizador clicks on Alerta para continuar con la creación del cliente, Automatizador enters 'CC-123' into Campo Código de Cliente, Automatizador enters 'R. Automotion 3' into Campo Nombre, Automatizador enters 'jhon.quinones@infotrack.com.co' into Campo Correo Electrónico, Automatizador enters '1234567890' into Campo Celular, Automatizador clicks on Campo Check Notificacion Correo, Automatizador clicks on Campo Check Notificacion Mensaje, Automatizador clicks on Guardar datos del cliente, Automatizador clicks on Alerta para continuar con la creación del cliente, Automatizador clicks on Boto + de agregar ubicaciones, Automatizador clicks on COnfirmar los mismo datos del usuario registrado, Automatizador enters 'Cl. 118 #19-52' into btón de Ubicación del cliente, Automatizador enters 'Complemento' into btón de complemento del cliente, Automatizador enters 'Bogota' into Departamento, Automatizador clicks on Lista Departamento, Automatizador enters 'bogota' into Ciudad, Automatizador clicks on Lista Ciudad, Automatizador clicks on btón de Guardar direccion del cliente, Automatizador clicks on btón de Continuar con la  direccion del cliente, Automatizador clicks on btón de Volver al formulario del servicio con la  direccion del cliente, Automatizador clicks on Campo de buscar el cliente, Automatizador clicks on Ubicaciones del cliente despues de haber agregado la dirección, Automatizador clicks on Lista Ubicaciones del cliente despues de haber agregado la dirección]], Y se ingresan los siguientes datos del servicio
| Codigo del servicio | Clase servicio | Tipo Servicio | Prioridad | Hora inicio | Hora fin | Zonas | Observacion |
| 01 | Domicilio | Mantenimiento | Alta | 07:00 AM | 05:00 PM | X | Servicio de prueba | [Automatizador enters '01' into Código Servicio, Automatizador enters 'Domicilio' into Clase Servicio, Automatizador clicks on Lista Clase Servicio, Automatizador enters 'Mantenimiento' into Tipo Servicio, Automatizador clicks on Lista Tipo Servicio, Automatizador enters 'Alta' into Selecscionar Prioridad del  Servicio, Automatizador clicks on Lista Selecscionar Prioridad del  Servicio, Automatizador enters '07:00 AM' into Hora de Inicio, Automatizador enters '05:00 PM' into Hora de fin, Automatizador enters 'Servicio de prueba' into Observación], Y se ingresan los siguientes datos del producto
| Serial | Productos | Falla |
| 4800356789212 | Campana Extractora | BOTA AGUA | [Automatizador enters 'Campana Extractora' into Campo Productos, Automatizador clicks on Lista Campo Productos, Automatizador enters 'BOTA AGUA' into Campo Falla, Automatizador clicks on Lista Campo Falla, Automatizador clicks on Botón para guardar el servicio, Automatizador clicks on Alerta para continuar con la creación del cliente]]
[Test worker] WARN net.thucydides.core.steps.BaseStepListener - stepFinished: current outcome:Crear una orden de servicio desde el call center:Example: {TipoID=NIT, Identificacion=X, CodigoCliente=CC-123, Nombre=R. Automotion 3, Email=jhon.quinones@infotrack.com.co, Celular=1234567890, CodigoServicio=01, ClaseServicio=Domicilio, TipoServicio=Mantenimiento, Prioridad=Alta, HoraInicio=07:00 AM, HoraFin=05:00 PM, Zonas=X, Observacion=Servicio de prueba, Serial=4800356789212, Productos=Campana Extractora, Falla=BOTA AGUA, Ubicacion=Cl. 118 #19-52, Complemento=Complemento, Ciudad=bogota, Departamento=Bogota, Dv=7} [Dado que en el call center se desea crear una orden de servicio con los siguientes datos
| Tipo Identificacion | Identificacion | Dv | Codigo cliente | Nombre | Correo electronico | Celular | Ubicacion | Complemento | Ciudad | Departamento |
| NIT | X | 7 | CC-123 | R. Automotion 3 | jhon.quinones@infotrack.com.co | 1234567890 | Cl. 118 #19-52 | Complemento | bogota | Bogota | [Automatizador ts crear servicio01 [Automatizador is abrir pagina [Automatizador opens the Object abrir pagina], Automatizador is login [Automatizador enters 'Automatizador' into Ingrese su usuario, Automatizador enters 'Demo123*' into Ingrese su contrasenia, Automatizador clicks on Iniciar Sesión, Then qs login should be a value equal to '1.6.3'], Automatizador clicks on Modulo principal de Smartwork, Automatizador clicks on Sub-Modulo principal de Gestión de servicios, Automatizador clicks on Botón +  de crear el servicio, Automatizador clicks on Campo Tipo de Identificación, Automatizador clicks on Lista NIT, Automatizador enters '7' into Digito de verificación, Automatizador enters '14021966' into Campo Identificación, Automatizador clicks on Campo de buscar el cliente, Automatizador clicks on Alerta para continuar con la creación del cliente, Automatizador enters 'CC-123' into Campo Código de Cliente, Automatizador enters 'R. Automotion 3' into Campo Nombre, Automatizador enters 'jhon.quinones@infotrack.com.co' into Campo Correo Electrónico, Automatizador enters '1234567890' into Campo Celular, Automatizador clicks on Campo Check Notificacion Correo, Automatizador clicks on Campo Check Notificacion Mensaje, Automatizador clicks on Guardar datos del cliente, Automatizador clicks on Alerta para continuar con la creación del cliente, Automatizador clicks on Boto + de agregar ubicaciones, Automatizador clicks on COnfirmar los mismo datos del usuario registrado, Automatizador enters 'Cl. 118 #19-52' into btón de Ubicación del cliente, Automatizador enters 'Complemento' into btón de complemento del cliente, Automatizador enters 'Bogota' into Departamento, Automatizador clicks on Lista Departamento, Automatizador enters 'bogota' into Ciudad, Automatizador clicks on Lista Ciudad, Automatizador clicks on btón de Guardar direccion del cliente, Automatizador clicks on btón de Continuar con la  direccion del cliente, Automatizador clicks on btón de Volver al formulario del servicio con la  direccion del cliente, Automatizador clicks on Campo de buscar el cliente, Automatizador clicks on Ubicaciones del cliente despues de haber agregado la dirección, Automatizador clicks on Lista Ubicaciones del cliente despues de haber agregado la dirección]], Y se ingresan los siguientes datos del servicio
| Codigo del servicio | Clase servicio | Tipo Servicio | Prioridad | Hora inicio | Hora fin | Zonas | Observacion |
| 01 | Domicilio | Mantenimiento | Alta | 07:00 AM | 05:00 PM | X | Servicio de prueba | [Automatizador enters '01' into Código Servicio, Automatizador enters 'Domicilio' into Clase Servicio, Automatizador clicks on Lista Clase Servicio, Automatizador enters 'Mantenimiento' into Tipo Servicio, Automatizador clicks on Lista Tipo Servicio, Automatizador enters 'Alta' into Selecscionar Prioridad del  Servicio, Automatizador clicks on Lista Selecscionar Prioridad del  Servicio, Automatizador enters '07:00 AM' into Hora de Inicio, Automatizador enters '05:00 PM' into Hora de fin, Automatizador enters 'Servicio de prueba' into Observación], Y se ingresan los siguientes datos del producto
| Serial | Productos | Falla |
| 4800356789212 | Campana Extractora | BOTA AGUA | [Automatizador enters 'Campana Extractora' into Campo Productos, Automatizador clicks on Lista Campo Productos, Automatizador enters 'BOTA AGUA' into Campo Falla, Automatizador clicks on Lista Campo Falla, Automatizador clicks on Botón para guardar el servicio, Automatizador clicks on Alerta para continuar con la creación del cliente]]
[Test worker] WARN net.thucydides.core.steps.BaseStepListener - stepStarted: net.thucydides.core.steps.ExecutedStepDescription@4bdb04c8
[Test worker] WARN net.thucydides.core.steps.BaseStepListener - stepStarted: net.thucydides.core.steps.ExecutedStepDescription@601f264d
[Test worker] WARN net.thucydides.core.steps.BaseStepListener - stepFinished: current outcome:Crear una orden de servicio desde el call center:Example: {TipoID=NIT, Identificacion=X, CodigoCliente=CC-123, Nombre=R. Automotion 3, Email=jhon.quinones@infotrack.com.co, Celular=1234567890, CodigoServicio=01, ClaseServicio=Domicilio, TipoServicio=Mantenimiento, Prioridad=Alta, HoraInicio=07:00 AM, HoraFin=05:00 PM, Zonas=X, Observacion=Servicio de prueba, Serial=4800356789212, Productos=Campana Extractora, Falla=BOTA AGUA, Ubicacion=Cl. 118 #19-52, Complemento=Complemento, Ciudad=bogota, Departamento=Bogota, Dv=7} [Dado que en el call center se desea crear una orden de servicio con los siguientes datos
| Tipo Identificacion | Identificacion | Dv | Codigo cliente | Nombre | Correo electronico | Celular | Ubicacion | Complemento | Ciudad | Departamento |
| NIT | X | 7 | CC-123 | R. Automotion 3 | jhon.quinones@infotrack.com.co | 1234567890 | Cl. 118 #19-52 | Complemento | bogota | Bogota | [Automatizador ts crear servicio01 [Automatizador is abrir pagina [Automatizador opens the Object abrir pagina], Automatizador is login [Automatizador enters 'Automatizador' into Ingrese su usuario, Automatizador enters 'Demo123*' into Ingrese su contrasenia, Automatizador clicks on Iniciar Sesión, Then qs login should be a value equal to '1.6.3'], Automatizador clicks on Modulo principal de Smartwork, Automatizador clicks on Sub-Modulo principal de Gestión de servicios, Automatizador clicks on Botón +  de crear el servicio, Automatizador clicks on Campo Tipo de Identificación, Automatizador clicks on Lista NIT, Automatizador enters '7' into Digito de verificación, Automatizador enters '14021966' into Campo Identificación, Automatizador clicks on Campo de buscar el cliente, Automatizador clicks on Alerta para continuar con la creación del cliente, Automatizador enters 'CC-123' into Campo Código de Cliente, Automatizador enters 'R. Automotion 3' into Campo Nombre, Automatizador enters 'jhon.quinones@infotrack.com.co' into Campo Correo Electrónico, Automatizador enters '1234567890' into Campo Celular, Automatizador clicks on Campo Check Notificacion Correo, Automatizador clicks on Campo Check Notificacion Mensaje, Automatizador clicks on Guardar datos del cliente, Automatizador clicks on Alerta para continuar con la creación del cliente, Automatizador clicks on Boto + de agregar ubicaciones, Automatizador clicks on COnfirmar los mismo datos del usuario registrado, Automatizador enters 'Cl. 118 #19-52' into btón de Ubicación del cliente, Automatizador enters 'Complemento' into btón de complemento del cliente, Automatizador enters 'Bogota' into Departamento, Automatizador clicks on Lista Departamento, Automatizador enters 'bogota' into Ciudad, Automatizador clicks on Lista Ciudad, Automatizador clicks on btón de Guardar direccion del cliente, Automatizador clicks on btón de Continuar con la  direccion del cliente, Automatizador clicks on btón de Volver al formulario del servicio con la  direccion del cliente, Automatizador clicks on Campo de buscar el cliente, Automatizador clicks on Ubicaciones del cliente despues de haber agregado la dirección, Automatizador clicks on Lista Ubicaciones del cliente despues de haber agregado la dirección]], Y se ingresan los siguientes datos del servicio
| Codigo del servicio | Clase servicio | Tipo Servicio | Prioridad | Hora inicio | Hora fin | Zonas | Observacion |
| 01 | Domicilio | Mantenimiento | Alta | 07:00 AM | 05:00 PM | X | Servicio de prueba | [Automatizador enters '01' into Código Servicio, Automatizador enters 'Domicilio' into Clase Servicio, Automatizador clicks on Lista Clase Servicio, Automatizador enters 'Mantenimiento' into Tipo Servicio, Automatizador clicks on Lista Tipo Servicio, Automatizador enters 'Alta' into Selecscionar Prioridad del  Servicio, Automatizador clicks on Lista Selecscionar Prioridad del  Servicio, Automatizador enters '07:00 AM' into Hora de Inicio, Automatizador enters '05:00 PM' into Hora de fin, Automatizador enters 'Servicio de prueba' into Observación], Y se ingresan los siguientes datos del producto
| Serial | Productos | Falla |
| 4800356789212 | Campana Extractora | BOTA AGUA | [Automatizador enters 'Campana Extractora' into Campo Productos, Automatizador clicks on Lista Campo Productos, Automatizador enters 'BOTA AGUA' into Campo Falla, Automatizador clicks on Lista Campo Falla, Automatizador clicks on Botón para guardar el servicio, Automatizador clicks on Alerta para continuar con la creación del cliente], Cuando se crea la orden de servicio [Then qs crear servicio should be a value equal to '2120']]
[Test worker] WARN net.thucydides.core.steps.BaseStepListener - stepFinished: current outcome:Crear una orden de servicio desde el call center:Example: {TipoID=NIT, Identificacion=X, CodigoCliente=CC-123, Nombre=R. Automotion 3, Email=jhon.quinones@infotrack.com.co, Celular=1234567890, CodigoServicio=01, ClaseServicio=Domicilio, TipoServicio=Mantenimiento, Prioridad=Alta, HoraInicio=07:00 AM, HoraFin=05:00 PM, Zonas=X, Observacion=Servicio de prueba, Serial=4800356789212, Productos=Campana Extractora, Falla=BOTA AGUA, Ubicacion=Cl. 118 #19-52, Complemento=Complemento, Ciudad=bogota, Departamento=Bogota, Dv=7} [Dado que en el call center se desea crear una orden de servicio con los siguientes datos
| Tipo Identificacion | Identificacion | Dv | Codigo cliente | Nombre | Correo electronico | Celular | Ubicacion | Complemento | Ciudad | Departamento |
| NIT | X | 7 | CC-123 | R. Automotion 3 | jhon.quinones@infotrack.com.co | 1234567890 | Cl. 118 #19-52 | Complemento | bogota | Bogota | [Automatizador ts crear servicio01 [Automatizador is abrir pagina [Automatizador opens the Object abrir pagina], Automatizador is login [Automatizador enters 'Automatizador' into Ingrese su usuario, Automatizador enters 'Demo123*' into Ingrese su contrasenia, Automatizador clicks on Iniciar Sesión, Then qs login should be a value equal to '1.6.3'], Automatizador clicks on Modulo principal de Smartwork, Automatizador clicks on Sub-Modulo principal de Gestión de servicios, Automatizador clicks on Botón +  de crear el servicio, Automatizador clicks on Campo Tipo de Identificación, Automatizador clicks on Lista NIT, Automatizador enters '7' into Digito de verificación, Automatizador enters '14021966' into Campo Identificación, Automatizador clicks on Campo de buscar el cliente, Automatizador clicks on Alerta para continuar con la creación del cliente, Automatizador enters 'CC-123' into Campo Código de Cliente, Automatizador enters 'R. Automotion 3' into Campo Nombre, Automatizador enters 'jhon.quinones@infotrack.com.co' into Campo Correo Electrónico, Automatizador enters '1234567890' into Campo Celular, Automatizador clicks on Campo Check Notificacion Correo, Automatizador clicks on Campo Check Notificacion Mensaje, Automatizador clicks on Guardar datos del cliente, Automatizador clicks on Alerta para continuar con la creación del cliente, Automatizador clicks on Boto + de agregar ubicaciones, Automatizador clicks on COnfirmar los mismo datos del usuario registrado, Automatizador enters 'Cl. 118 #19-52' into btón de Ubicación del cliente, Automatizador enters 'Complemento' into btón de complemento del cliente, Automatizador enters 'Bogota' into Departamento, Automatizador clicks on Lista Departamento, Automatizador enters 'bogota' into Ciudad, Automatizador clicks on Lista Ciudad, Automatizador clicks on btón de Guardar direccion del cliente, Automatizador clicks on btón de Continuar con la  direccion del cliente, Automatizador clicks on btón de Volver al formulario del servicio con la  direccion del cliente, Automatizador clicks on Campo de buscar el cliente, Automatizador clicks on Ubicaciones del cliente despues de haber agregado la dirección, Automatizador clicks on Lista Ubicaciones del cliente despues de haber agregado la dirección]], Y se ingresan los siguientes datos del servicio
| Codigo del servicio | Clase servicio | Tipo Servicio | Prioridad | Hora inicio | Hora fin | Zonas | Observacion |
| 01 | Domicilio | Mantenimiento | Alta | 07:00 AM | 05:00 PM | X | Servicio de prueba | [Automatizador enters '01' into Código Servicio, Automatizador enters 'Domicilio' into Clase Servicio, Automatizador clicks on Lista Clase Servicio, Automatizador enters 'Mantenimiento' into Tipo Servicio, Automatizador clicks on Lista Tipo Servicio, Automatizador enters 'Alta' into Selecscionar Prioridad del  Servicio, Automatizador clicks on Lista Selecscionar Prioridad del  Servicio, Automatizador enters '07:00 AM' into Hora de Inicio, Automatizador enters '05:00 PM' into Hora de fin, Automatizador enters 'Servicio de prueba' into Observación], Y se ingresan los siguientes datos del producto
| Serial | Productos | Falla |
| 4800356789212 | Campana Extractora | BOTA AGUA | [Automatizador enters 'Campana Extractora' into Campo Productos, Automatizador clicks on Lista Campo Productos, Automatizador enters 'BOTA AGUA' into Campo Falla, Automatizador clicks on Lista Campo Falla, Automatizador clicks on Botón para guardar el servicio, Automatizador clicks on Alerta para continuar con la creación del cliente], Cuando se crea la orden de servicio [Then qs crear servicio should be a value equal to '2120']]
[Test worker] WARN net.thucydides.core.steps.BaseStepListener - stepStarted: net.thucydides.core.steps.ExecutedStepDescription@35e07e19
[Test worker] WARN net.thucydides.core.steps.BaseStepListener - stepStarted: net.thucydides.core.steps.ExecutedStepDescription@1640f20f
[Test worker] WARN net.thucydides.core.steps.BaseStepListener - stepStarted: net.thucydides.core.steps.ExecutedStepDescription@1e477944
[Test worker] WARN net.thucydides.core.steps.BaseStepListener - stepFinished: current outcome:Crear una orden de servicio desde el call center:Example: {TipoID=NIT, Identificacion=X, CodigoCliente=CC-123, Nombre=R. Automotion 3, Email=jhon.quinones@infotrack.com.co, Celular=1234567890, CodigoServicio=01, ClaseServicio=Domicilio, TipoServicio=Mantenimiento, Prioridad=Alta, HoraInicio=07:00 AM, HoraFin=05:00 PM, Zonas=X, Observacion=Servicio de prueba, Serial=4800356789212, Productos=Campana Extractora, Falla=BOTA AGUA, Ubicacion=Cl. 118 #19-52, Complemento=Complemento, Ciudad=bogota, Departamento=Bogota, Dv=7} [Dado que en el call center se desea crear una orden de servicio con los siguientes datos
| Tipo Identificacion | Identificacion | Dv | Codigo cliente | Nombre | Correo electronico | Celular | Ubicacion | Complemento | Ciudad | Departamento |
| NIT | X | 7 | CC-123 | R. Automotion 3 | jhon.quinones@infotrack.com.co | 1234567890 | Cl. 118 #19-52 | Complemento | bogota | Bogota | [Automatizador ts crear servicio01 [Automatizador is abrir pagina [Automatizador opens the Object abrir pagina], Automatizador is login [Automatizador enters 'Automatizador' into Ingrese su usuario, Automatizador enters 'Demo123*' into Ingrese su contrasenia, Automatizador clicks on Iniciar Sesión, Then qs login should be a value equal to '1.6.3'], Automatizador clicks on Modulo principal de Smartwork, Automatizador clicks on Sub-Modulo principal de Gestión de servicios, Automatizador clicks on Botón +  de crear el servicio, Automatizador clicks on Campo Tipo de Identificación, Automatizador clicks on Lista NIT, Automatizador enters '7' into Digito de verificación, Automatizador enters '14021966' into Campo Identificación, Automatizador clicks on Campo de buscar el cliente, Automatizador clicks on Alerta para continuar con la creación del cliente, Automatizador enters 'CC-123' into Campo Código de Cliente, Automatizador enters 'R. Automotion 3' into Campo Nombre, Automatizador enters 'jhon.quinones@infotrack.com.co' into Campo Correo Electrónico, Automatizador enters '1234567890' into Campo Celular, Automatizador clicks on Campo Check Notificacion Correo, Automatizador clicks on Campo Check Notificacion Mensaje, Automatizador clicks on Guardar datos del cliente, Automatizador clicks on Alerta para continuar con la creación del cliente, Automatizador clicks on Boto + de agregar ubicaciones, Automatizador clicks on COnfirmar los mismo datos del usuario registrado, Automatizador enters 'Cl. 118 #19-52' into btón de Ubicación del cliente, Automatizador enters 'Complemento' into btón de complemento del cliente, Automatizador enters 'Bogota' into Departamento, Automatizador clicks on Lista Departamento, Automatizador enters 'bogota' into Ciudad, Automatizador clicks on Lista Ciudad, Automatizador clicks on btón de Guardar direccion del cliente, Automatizador clicks on btón de Continuar con la  direccion del cliente, Automatizador clicks on btón de Volver al formulario del servicio con la  direccion del cliente, Automatizador clicks on Campo de buscar el cliente, Automatizador clicks on Ubicaciones del cliente despues de haber agregado la dirección, Automatizador clicks on Lista Ubicaciones del cliente despues de haber agregado la dirección]], Y se ingresan los siguientes datos del servicio
| Codigo del servicio | Clase servicio | Tipo Servicio | Prioridad | Hora inicio | Hora fin | Zonas | Observacion |
| 01 | Domicilio | Mantenimiento | Alta | 07:00 AM | 05:00 PM | X | Servicio de prueba | [Automatizador enters '01' into Código Servicio, Automatizador enters 'Domicilio' into Clase Servicio, Automatizador clicks on Lista Clase Servicio, Automatizador enters 'Mantenimiento' into Tipo Servicio, Automatizador clicks on Lista Tipo Servicio, Automatizador enters 'Alta' into Selecscionar Prioridad del  Servicio, Automatizador clicks on Lista Selecscionar Prioridad del  Servicio, Automatizador enters '07:00 AM' into Hora de Inicio, Automatizador enters '05:00 PM' into Hora de fin, Automatizador enters 'Servicio de prueba' into Observación], Y se ingresan los siguientes datos del producto
| Serial | Productos | Falla |
| 4800356789212 | Campana Extractora | BOTA AGUA | [Automatizador enters 'Campana Extractora' into Campo Productos, Automatizador clicks on Lista Campo Productos, Automatizador enters 'BOTA AGUA' into Campo Falla, Automatizador clicks on Lista Campo Falla, Automatizador clicks on Botón para guardar el servicio, Automatizador clicks on Alerta para continuar con la creación del cliente], Cuando se crea la orden de servicio [Then qs crear servicio should be a value equal to '2120'], Entonces se verifica que la orden de servicio se ha creado correctamente [Automatizador is cerrar sesion [Automatizador clicks on icono para ver el perfil de cierre de la sesión]]]
[Test worker] WARN net.thucydides.core.steps.BaseStepListener - stepStarted: net.thucydides.core.steps.ExecutedStepDescription@4cc7e3ad
[Test worker] WARN net.thucydides.core.steps.BaseStepListener - stepFinished: current outcome:Crear una orden de servicio desde el call center:Example: {TipoID=NIT, Identificacion=X, CodigoCliente=CC-123, Nombre=R. Automotion 3, Email=jhon.quinones@infotrack.com.co, Celular=1234567890, CodigoServicio=01, ClaseServicio=Domicilio, TipoServicio=Mantenimiento, Prioridad=Alta, HoraInicio=07:00 AM, HoraFin=05:00 PM, Zonas=X, Observacion=Servicio de prueba, Serial=4800356789212, Productos=Campana Extractora, Falla=BOTA AGUA, Ubicacion=Cl. 118 #19-52, Complemento=Complemento, Ciudad=bogota, Departamento=Bogota, Dv=7} [Dado que en el call center se desea crear una orden de servicio con los siguientes datos
| Tipo Identificacion | Identificacion | Dv | Codigo cliente | Nombre | Correo electronico | Celular | Ubicacion | Complemento | Ciudad | Departamento |
| NIT | X | 7 | CC-123 | R. Automotion 3 | jhon.quinones@infotrack.com.co | 1234567890 | Cl. 118 #19-52 | Complemento | bogota | Bogota | [Automatizador ts crear servicio01 [Automatizador is abrir pagina [Automatizador opens the Object abrir pagina], Automatizador is login [Automatizador enters 'Automatizador' into Ingrese su usuario, Automatizador enters 'Demo123*' into Ingrese su contrasenia, Automatizador clicks on Iniciar Sesión, Then qs login should be a value equal to '1.6.3'], Automatizador clicks on Modulo principal de Smartwork, Automatizador clicks on Sub-Modulo principal de Gestión de servicios, Automatizador clicks on Botón +  de crear el servicio, Automatizador clicks on Campo Tipo de Identificación, Automatizador clicks on Lista NIT, Automatizador enters '7' into Digito de verificación, Automatizador enters '14021966' into Campo Identificación, Automatizador clicks on Campo de buscar el cliente, Automatizador clicks on Alerta para continuar con la creación del cliente, Automatizador enters 'CC-123' into Campo Código de Cliente, Automatizador enters 'R. Automotion 3' into Campo Nombre, Automatizador enters 'jhon.quinones@infotrack.com.co' into Campo Correo Electrónico, Automatizador enters '1234567890' into Campo Celular, Automatizador clicks on Campo Check Notificacion Correo, Automatizador clicks on Campo Check Notificacion Mensaje, Automatizador clicks on Guardar datos del cliente, Automatizador clicks on Alerta para continuar con la creación del cliente, Automatizador clicks on Boto + de agregar ubicaciones, Automatizador clicks on COnfirmar los mismo datos del usuario registrado, Automatizador enters 'Cl. 118 #19-52' into btón de Ubicación del cliente, Automatizador enters 'Complemento' into btón de complemento del cliente, Automatizador enters 'Bogota' into Departamento, Automatizador clicks on Lista Departamento, Automatizador enters 'bogota' into Ciudad, Automatizador clicks on Lista Ciudad, Automatizador clicks on btón de Guardar direccion del cliente, Automatizador clicks on btón de Continuar con la  direccion del cliente, Automatizador clicks on btón de Volver al formulario del servicio con la  direccion del cliente, Automatizador clicks on Campo de buscar el cliente, Automatizador clicks on Ubicaciones del cliente despues de haber agregado la dirección, Automatizador clicks on Lista Ubicaciones del cliente despues de haber agregado la dirección]], Y se ingresan los siguientes datos del servicio
| Codigo del servicio | Clase servicio | Tipo Servicio | Prioridad | Hora inicio | Hora fin | Zonas | Observacion |
| 01 | Domicilio | Mantenimiento | Alta | 07:00 AM | 05:00 PM | X | Servicio de prueba | [Automatizador enters '01' into Código Servicio, Automatizador enters 'Domicilio' into Clase Servicio, Automatizador clicks on Lista Clase Servicio, Automatizador enters 'Mantenimiento' into Tipo Servicio, Automatizador clicks on Lista Tipo Servicio, Automatizador enters 'Alta' into Selecscionar Prioridad del  Servicio, Automatizador clicks on Lista Selecscionar Prioridad del  Servicio, Automatizador enters '07:00 AM' into Hora de Inicio, Automatizador enters '05:00 PM' into Hora de fin, Automatizador enters 'Servicio de prueba' into Observación], Y se ingresan los siguientes datos del producto
| Serial | Productos | Falla |
| 4800356789212 | Campana Extractora | BOTA AGUA | [Automatizador enters 'Campana Extractora' into Campo Productos, Automatizador clicks on Lista Campo Productos, Automatizador enters 'BOTA AGUA' into Campo Falla, Automatizador clicks on Lista Campo Falla, Automatizador clicks on Botón para guardar el servicio, Automatizador clicks on Alerta para continuar con la creación del cliente], Cuando se crea la orden de servicio [Then qs crear servicio should be a value equal to '2120'], Entonces se verifica que la orden de servicio se ha creado correctamente [Automatizador is cerrar sesion [Automatizador clicks on icono para ver el perfil de cierre de la sesión, Automatizador clicks on Modulo para realizar el cierre de la sesión]]]
[Test worker] WARN net.thucydides.core.steps.BaseStepListener - stepFinished: current outcome:Crear una orden de servicio desde el call center:Example: {TipoID=NIT, Identificacion=X, CodigoCliente=CC-123, Nombre=R. Automotion 3, Email=jhon.quinones@infotrack.com.co, Celular=1234567890, CodigoServicio=01, ClaseServicio=Domicilio, TipoServicio=Mantenimiento, Prioridad=Alta, HoraInicio=07:00 AM, HoraFin=05:00 PM, Zonas=X, Observacion=Servicio de prueba, Serial=4800356789212, Productos=Campana Extractora, Falla=BOTA AGUA, Ubicacion=Cl. 118 #19-52, Complemento=Complemento, Ciudad=bogota, Departamento=Bogota, Dv=7} [Dado que en el call center se desea crear una orden de servicio con los siguientes datos
| Tipo Identificacion | Identificacion | Dv | Codigo cliente | Nombre | Correo electronico | Celular | Ubicacion | Complemento | Ciudad | Departamento |
| NIT | X | 7 | CC-123 | R. Automotion 3 | jhon.quinones@infotrack.com.co | 1234567890 | Cl. 118 #19-52 | Complemento | bogota | Bogota | [Automatizador ts crear servicio01 [Automatizador is abrir pagina [Automatizador opens the Object abrir pagina], Automatizador is login [Automatizador enters 'Automatizador' into Ingrese su usuario, Automatizador enters 'Demo123*' into Ingrese su contrasenia, Automatizador clicks on Iniciar Sesión, Then qs login should be a value equal to '1.6.3'], Automatizador clicks on Modulo principal de Smartwork, Automatizador clicks on Sub-Modulo principal de Gestión de servicios, Automatizador clicks on Botón +  de crear el servicio, Automatizador clicks on Campo Tipo de Identificación, Automatizador clicks on Lista NIT, Automatizador enters '7' into Digito de verificación, Automatizador enters '14021966' into Campo Identificación, Automatizador clicks on Campo de buscar el cliente, Automatizador clicks on Alerta para continuar con la creación del cliente, Automatizador enters 'CC-123' into Campo Código de Cliente, Automatizador enters 'R. Automotion 3' into Campo Nombre, Automatizador enters 'jhon.quinones@infotrack.com.co' into Campo Correo Electrónico, Automatizador enters '1234567890' into Campo Celular, Automatizador clicks on Campo Check Notificacion Correo, Automatizador clicks on Campo Check Notificacion Mensaje, Automatizador clicks on Guardar datos del cliente, Automatizador clicks on Alerta para continuar con la creación del cliente, Automatizador clicks on Boto + de agregar ubicaciones, Automatizador clicks on COnfirmar los mismo datos del usuario registrado, Automatizador enters 'Cl. 118 #19-52' into btón de Ubicación del cliente, Automatizador enters 'Complemento' into btón de complemento del cliente, Automatizador enters 'Bogota' into Departamento, Automatizador clicks on Lista Departamento, Automatizador enters 'bogota' into Ciudad, Automatizador clicks on Lista Ciudad, Automatizador clicks on btón de Guardar direccion del cliente, Automatizador clicks on btón de Continuar con la  direccion del cliente, Automatizador clicks on btón de Volver al formulario del servicio con la  direccion del cliente, Automatizador clicks on Campo de buscar el cliente, Automatizador clicks on Ubicaciones del cliente despues de haber agregado la dirección, Automatizador clicks on Lista Ubicaciones del cliente despues de haber agregado la dirección]], Y se ingresan los siguientes datos del servicio
| Codigo del servicio | Clase servicio | Tipo Servicio | Prioridad | Hora inicio | Hora fin | Zonas | Observacion |
| 01 | Domicilio | Mantenimiento | Alta | 07:00 AM | 05:00 PM | X | Servicio de prueba | [Automatizador enters '01' into Código Servicio, Automatizador enters 'Domicilio' into Clase Servicio, Automatizador clicks on Lista Clase Servicio, Automatizador enters 'Mantenimiento' into Tipo Servicio, Automatizador clicks on Lista Tipo Servicio, Automatizador enters 'Alta' into Selecscionar Prioridad del  Servicio, Automatizador clicks on Lista Selecscionar Prioridad del  Servicio, Automatizador enters '07:00 AM' into Hora de Inicio, Automatizador enters '05:00 PM' into Hora de fin, Automatizador enters 'Servicio de prueba' into Observación], Y se ingresan los siguientes datos del producto
| Serial | Productos | Falla |
| 4800356789212 | Campana Extractora | BOTA AGUA | [Automatizador enters 'Campana Extractora' into Campo Productos, Automatizador clicks on Lista Campo Productos, Automatizador enters 'BOTA AGUA' into Campo Falla, Automatizador clicks on Lista Campo Falla, Automatizador clicks on Botón para guardar el servicio, Automatizador clicks on Alerta para continuar con la creación del cliente], Cuando se crea la orden de servicio [Then qs crear servicio should be a value equal to '2120'], Entonces se verifica que la orden de servicio se ha creado correctamente [Automatizador is cerrar sesion [Automatizador clicks on icono para ver el perfil de cierre de la sesión, Automatizador clicks on Modulo para realizar el cierre de la sesión]]]
[Test worker] WARN net.thucydides.core.steps.BaseStepListener - stepFinished: current outcome:Crear una orden de servicio desde el call center:Example: {TipoID=NIT, Identificacion=X, CodigoCliente=CC-123, Nombre=R. Automotion 3, Email=jhon.quinones@infotrack.com.co, Celular=1234567890, CodigoServicio=01, ClaseServicio=Domicilio, TipoServicio=Mantenimiento, Prioridad=Alta, HoraInicio=07:00 AM, HoraFin=05:00 PM, Zonas=X, Observacion=Servicio de prueba, Serial=4800356789212, Productos=Campana Extractora, Falla=BOTA AGUA, Ubicacion=Cl. 118 #19-52, Complemento=Complemento, Ciudad=bogota, Departamento=Bogota, Dv=7} [Dado que en el call center se desea crear una orden de servicio con los siguientes datos
| Tipo Identificacion | Identificacion | Dv | Codigo cliente | Nombre | Correo electronico | Celular | Ubicacion | Complemento | Ciudad | Departamento |
| NIT | X | 7 | CC-123 | R. Automotion 3 | jhon.quinones@infotrack.com.co | 1234567890 | Cl. 118 #19-52 | Complemento | bogota | Bogota | [Automatizador ts crear servicio01 [Automatizador is abrir pagina [Automatizador opens the Object abrir pagina], Automatizador is login [Automatizador enters 'Automatizador' into Ingrese su usuario, Automatizador enters 'Demo123*' into Ingrese su contrasenia, Automatizador clicks on Iniciar Sesión, Then qs login should be a value equal to '1.6.3'], Automatizador clicks on Modulo principal de Smartwork, Automatizador clicks on Sub-Modulo principal de Gestión de servicios, Automatizador clicks on Botón +  de crear el servicio, Automatizador clicks on Campo Tipo de Identificación, Automatizador clicks on Lista NIT, Automatizador enters '7' into Digito de verificación, Automatizador enters '14021966' into Campo Identificación, Automatizador clicks on Campo de buscar el cliente, Automatizador clicks on Alerta para continuar con la creación del cliente, Automatizador enters 'CC-123' into Campo Código de Cliente, Automatizador enters 'R. Automotion 3' into Campo Nombre, Automatizador enters 'jhon.quinones@infotrack.com.co' into Campo Correo Electrónico, Automatizador enters '1234567890' into Campo Celular, Automatizador clicks on Campo Check Notificacion Correo, Automatizador clicks on Campo Check Notificacion Mensaje, Automatizador clicks on Guardar datos del cliente, Automatizador clicks on Alerta para continuar con la creación del cliente, Automatizador clicks on Boto + de agregar ubicaciones, Automatizador clicks on COnfirmar los mismo datos del usuario registrado, Automatizador enters 'Cl. 118 #19-52' into btón de Ubicación del cliente, Automatizador enters 'Complemento' into btón de complemento del cliente, Automatizador enters 'Bogota' into Departamento, Automatizador clicks on Lista Departamento, Automatizador enters 'bogota' into Ciudad, Automatizador clicks on Lista Ciudad, Automatizador clicks on btón de Guardar direccion del cliente, Automatizador clicks on btón de Continuar con la  direccion del cliente, Automatizador clicks on btón de Volver al formulario del servicio con la  direccion del cliente, Automatizador clicks on Campo de buscar el cliente, Automatizador clicks on Ubicaciones del cliente despues de haber agregado la dirección, Automatizador clicks on Lista Ubicaciones del cliente despues de haber agregado la dirección]], Y se ingresan los siguientes datos del servicio
| Codigo del servicio | Clase servicio | Tipo Servicio | Prioridad | Hora inicio | Hora fin | Zonas | Observacion |
| 01 | Domicilio | Mantenimiento | Alta | 07:00 AM | 05:00 PM | X | Servicio de prueba | [Automatizador enters '01' into Código Servicio, Automatizador enters 'Domicilio' into Clase Servicio, Automatizador clicks on Lista Clase Servicio, Automatizador enters 'Mantenimiento' into Tipo Servicio, Automatizador clicks on Lista Tipo Servicio, Automatizador enters 'Alta' into Selecscionar Prioridad del  Servicio, Automatizador clicks on Lista Selecscionar Prioridad del  Servicio, Automatizador enters '07:00 AM' into Hora de Inicio, Automatizador enters '05:00 PM' into Hora de fin, Automatizador enters 'Servicio de prueba' into Observación], Y se ingresan los siguientes datos del producto
| Serial | Productos | Falla |
| 4800356789212 | Campana Extractora | BOTA AGUA | [Automatizador enters 'Campana Extractora' into Campo Productos, Automatizador clicks on Lista Campo Productos, Automatizador enters 'BOTA AGUA' into Campo Falla, Automatizador clicks on Lista Campo Falla, Automatizador clicks on Botón para guardar el servicio, Automatizador clicks on Alerta para continuar con la creación del cliente], Cuando se crea la orden de servicio [Then qs crear servicio should be a value equal to '2120'], Entonces se verifica que la orden de servicio se ha creado correctamente [Automatizador is cerrar sesion [Automatizador clicks on icono para ver el perfil de cierre de la sesión, Automatizador clicks on Modulo para realizar el cierre de la sesión]]]
[Test worker] WARN net.thucydides.core.steps.BaseStepListener - stepFinished: current outcome:Crear una orden de servicio desde el call center:Example: {TipoID=NIT, Identificacion=X, CodigoCliente=CC-123, Nombre=R. Automotion 3, Email=jhon.quinones@infotrack.com.co, Celular=1234567890, CodigoServicio=01, ClaseServicio=Domicilio, TipoServicio=Mantenimiento, Prioridad=Alta, HoraInicio=07:00 AM, HoraFin=05:00 PM, Zonas=X, Observacion=Servicio de prueba, Serial=4800356789212, Productos=Campana Extractora, Falla=BOTA AGUA, Ubicacion=Cl. 118 #19-52, Complemento=Complemento, Ciudad=bogota, Departamento=Bogota, Dv=7} [Dado que en el call center se desea crear una orden de servicio con los siguientes datos
| Tipo Identificacion | Identificacion | Dv | Codigo cliente | Nombre | Correo electronico | Celular | Ubicacion | Complemento | Ciudad | Departamento |
| NIT | X | 7 | CC-123 | R. Automotion 3 | jhon.quinones@infotrack.com.co | 1234567890 | Cl. 118 #19-52 | Complemento | bogota | Bogota | [Automatizador ts crear servicio01 [Automatizador is abrir pagina [Automatizador opens the Object abrir pagina], Automatizador is login [Automatizador enters 'Automatizador' into Ingrese su usuario, Automatizador enters 'Demo123*' into Ingrese su contrasenia, Automatizador clicks on Iniciar Sesión, Then qs login should be a value equal to '1.6.3'], Automatizador clicks on Modulo principal de Smartwork, Automatizador clicks on Sub-Modulo principal de Gestión de servicios, Automatizador clicks on Botón +  de crear el servicio, Automatizador clicks on Campo Tipo de Identificación, Automatizador clicks on Lista NIT, Automatizador enters '7' into Digito de verificación, Automatizador enters '14021966' into Campo Identificación, Automatizador clicks on Campo de buscar el cliente, Automatizador clicks on Alerta para continuar con la creación del cliente, Automatizador enters 'CC-123' into Campo Código de Cliente, Automatizador enters 'R. Automotion 3' into Campo Nombre, Automatizador enters 'jhon.quinones@infotrack.com.co' into Campo Correo Electrónico, Automatizador enters '1234567890' into Campo Celular, Automatizador clicks on Campo Check Notificacion Correo, Automatizador clicks on Campo Check Notificacion Mensaje, Automatizador clicks on Guardar datos del cliente, Automatizador clicks on Alerta para continuar con la creación del cliente, Automatizador clicks on Boto + de agregar ubicaciones, Automatizador clicks on COnfirmar los mismo datos del usuario registrado, Automatizador enters 'Cl. 118 #19-52' into btón de Ubicación del cliente, Automatizador enters 'Complemento' into btón de complemento del cliente, Automatizador enters 'Bogota' into Departamento, Automatizador clicks on Lista Departamento, Automatizador enters 'bogota' into Ciudad, Automatizador clicks on Lista Ciudad, Automatizador clicks on btón de Guardar direccion del cliente, Automatizador clicks on btón de Continuar con la  direccion del cliente, Automatizador clicks on btón de Volver al formulario del servicio con la  direccion del cliente, Automatizador clicks on Campo de buscar el cliente, Automatizador clicks on Ubicaciones del cliente despues de haber agregado la dirección, Automatizador clicks on Lista Ubicaciones del cliente despues de haber agregado la dirección]], Y se ingresan los siguientes datos del servicio
| Codigo del servicio | Clase servicio | Tipo Servicio | Prioridad | Hora inicio | Hora fin | Zonas | Observacion |
| 01 | Domicilio | Mantenimiento | Alta | 07:00 AM | 05:00 PM | X | Servicio de prueba | [Automatizador enters '01' into Código Servicio, Automatizador enters 'Domicilio' into Clase Servicio, Automatizador clicks on Lista Clase Servicio, Automatizador enters 'Mantenimiento' into Tipo Servicio, Automatizador clicks on Lista Tipo Servicio, Automatizador enters 'Alta' into Selecscionar Prioridad del  Servicio, Automatizador clicks on Lista Selecscionar Prioridad del  Servicio, Automatizador enters '07:00 AM' into Hora de Inicio, Automatizador enters '05:00 PM' into Hora de fin, Automatizador enters 'Servicio de prueba' into Observación], Y se ingresan los siguientes datos del producto
| Serial | Productos | Falla |
| 4800356789212 | Campana Extractora | BOTA AGUA | [Automatizador enters 'Campana Extractora' into Campo Productos, Automatizador clicks on Lista Campo Productos, Automatizador enters 'BOTA AGUA' into Campo Falla, Automatizador clicks on Lista Campo Falla, Automatizador clicks on Botón para guardar el servicio, Automatizador clicks on Alerta para continuar con la creación del cliente], Cuando se crea la orden de servicio [Then qs crear servicio should be a value equal to '2120'], Entonces se verifica que la orden de servicio se ha creado correctamente [Automatizador is cerrar sesion [Automatizador clicks on icono para ver el perfil de cierre de la sesión, Automatizador clicks on Modulo para realizar el cierre de la sesión]]]
[Test worker] WARN net.thucydides.core.steps.BaseStepListener - testFinished: Crear una orden de servicio desde el call center:Example: {TipoID=NIT, Identificacion=X, CodigoCliente=CC-123, Nombre=R. Automotion 3, Email=jhon.quinones@infotrack.com.co, Celular=1234567890, CodigoServicio=01, ClaseServicio=Domicilio, TipoServicio=Mantenimiento, Prioridad=Alta, HoraInicio=07:00 AM, HoraFin=05:00 PM, Zonas=X, Observacion=Servicio de prueba, Serial=4800356789212, Productos=Campana Extractora, Falla=BOTA AGUA, Ubicacion=Cl. 118 #19-52, Complemento=Complemento, Ciudad=bogota, Departamento=Bogota, Dv=7} [Dado que en el call center se desea crear una orden de servicio con los siguientes datos
| Tipo Identificacion | Identificacion | Dv | Codigo cliente | Nombre | Correo electronico | Celular | Ubicacion | Complemento | Ciudad | Departamento |
| NIT | X | 7 | CC-123 | R. Automotion 3 | jhon.quinones@infotrack.com.co | 1234567890 | Cl. 118 #19-52 | Complemento | bogota | Bogota | [Automatizador ts crear servicio01 [Automatizador is abrir pagina [Automatizador opens the Object abrir pagina], Automatizador is login [Automatizador enters 'Automatizador' into Ingrese su usuario, Automatizador enters 'Demo123*' into Ingrese su contrasenia, Automatizador clicks on Iniciar Sesión, Then qs login should be a value equal to '1.6.3'], Automatizador clicks on Modulo principal de Smartwork, Automatizador clicks on Sub-Modulo principal de Gestión de servicios, Automatizador clicks on Botón +  de crear el servicio, Automatizador clicks on Campo Tipo de Identificación, Automatizador clicks on Lista NIT, Automatizador enters '7' into Digito de verificación, Automatizador enters '14021966' into Campo Identificación, Automatizador clicks on Campo de buscar el cliente, Automatizador clicks on Alerta para continuar con la creación del cliente, Automatizador enters 'CC-123' into Campo Código de Cliente, Automatizador enters 'R. Automotion 3' into Campo Nombre, Automatizador enters 'jhon.quinones@infotrack.com.co' into Campo Correo Electrónico, Automatizador enters '1234567890' into Campo Celular, Automatizador clicks on Campo Check Notificacion Correo, Automatizador clicks on Campo Check Notificacion Mensaje, Automatizador clicks on Guardar datos del cliente, Automatizador clicks on Alerta para continuar con la creación del cliente, Automatizador clicks on Boto + de agregar ubicaciones, Automatizador clicks on COnfirmar los mismo datos del usuario registrado, Automatizador enters 'Cl. 118 #19-52' into btón de Ubicación del cliente, Automatizador enters 'Complemento' into btón de complemento del cliente, Automatizador enters 'Bogota' into Departamento, Automatizador clicks on Lista Departamento, Automatizador enters 'bogota' into Ciudad, Automatizador clicks on Lista Ciudad, Automatizador clicks on btón de Guardar direccion del cliente, Automatizador clicks on btón de Continuar con la  direccion del cliente, Automatizador clicks on btón de Volver al formulario del servicio con la  direccion del cliente, Automatizador clicks on Campo de buscar el cliente, Automatizador clicks on Ubicaciones del cliente despues de haber agregado la dirección, Automatizador clicks on Lista Ubicaciones del cliente despues de haber agregado la dirección]], Y se ingresan los siguientes datos del servicio
| Codigo del servicio | Clase servicio | Tipo Servicio | Prioridad | Hora inicio | Hora fin | Zonas | Observacion |
| 01 | Domicilio | Mantenimiento | Alta | 07:00 AM | 05:00 PM | X | Servicio de prueba | [Automatizador enters '01' into Código Servicio, Automatizador enters 'Domicilio' into Clase Servicio, Automatizador clicks on Lista Clase Servicio, Automatizador enters 'Mantenimiento' into Tipo Servicio, Automatizador clicks on Lista Tipo Servicio, Automatizador enters 'Alta' into Selecscionar Prioridad del  Servicio, Automatizador clicks on Lista Selecscionar Prioridad del  Servicio, Automatizador enters '07:00 AM' into Hora de Inicio, Automatizador enters '05:00 PM' into Hora de fin, Automatizador enters 'Servicio de prueba' into Observación], Y se ingresan los siguientes datos del producto
| Serial | Productos | Falla |
| 4800356789212 | Campana Extractora | BOTA AGUA | [Automatizador enters 'Campana Extractora' into Campo Productos, Automatizador clicks on Lista Campo Productos, Automatizador enters 'BOTA AGUA' into Campo Falla, Automatizador clicks on Lista Campo Falla, Automatizador clicks on Botón para guardar el servicio, Automatizador clicks on Alerta para continuar con la creación del cliente], Cuando se crea la orden de servicio [Then qs crear servicio should be a value equal to '2120'], Entonces se verifica que la orden de servicio se ha creado correctamente [Automatizador is cerrar sesion [Automatizador clicks on icono para ver el perfil de cierre de la sesión, Automatizador clicks on Modulo para realizar el cierre de la sesión]]]
[Test worker] WARN net.thucydides.core.steps.BaseStepListener - TestOutcomes: [Crear una orden de servicio desde el call center:Example: {TipoID=NIT, Identificacion=X, CodigoCliente=CC-123, Nombre=R. Automotion 3, Email=jhon.quinones@infotrack.com.co, Celular=1234567890, CodigoServicio=01, ClaseServicio=Domicilio, TipoServicio=Mantenimiento, Prioridad=Alta, HoraInicio=07:00 AM, HoraFin=05:00 PM, Zonas=X, Observacion=Servicio de prueba, Serial=4800356789212, Productos=Campana Extractora, Falla=BOTA AGUA, Ubicacion=Cl. 118 #19-52, Complemento=Complemento, Ciudad=bogota, Departamento=Bogota, Dv=7} [Dado que en el call center se desea crear una orden de servicio con los siguientes datos
| Tipo Identificacion | Identificacion | Dv | Codigo cliente | Nombre | Correo electronico | Celular | Ubicacion | Complemento | Ciudad | Departamento |
| NIT | X | 7 | CC-123 | R. Automotion 3 | jhon.quinones@infotrack.com.co | 1234567890 | Cl. 118 #19-52 | Complemento | bogota | Bogota | [Automatizador ts crear servicio01 [Automatizador is abrir pagina [Automatizador opens the Object abrir pagina], Automatizador is login [Automatizador enters 'Automatizador' into Ingrese su usuario, Automatizador enters 'Demo123*' into Ingrese su contrasenia, Automatizador clicks on Iniciar Sesión, Then qs login should be a value equal to '1.6.3'], Automatizador clicks on Modulo principal de Smartwork, Automatizador clicks on Sub-Modulo principal de Gestión de servicios, Automatizador clicks on Botón +  de crear el servicio, Automatizador clicks on Campo Tipo de Identificación, Automatizador clicks on Lista NIT, Automatizador enters '7' into Digito de verificación, Automatizador enters '14021966' into Campo Identificación, Automatizador clicks on Campo de buscar el cliente, Automatizador clicks on Alerta para continuar con la creación del cliente, Automatizador enters 'CC-123' into Campo Código de Cliente, Automatizador enters 'R. Automotion 3' into Campo Nombre, Automatizador enters 'jhon.quinones@infotrack.com.co' into Campo Correo Electrónico, Automatizador enters '1234567890' into Campo Celular, Automatizador clicks on Campo Check Notificacion Correo, Automatizador clicks on Campo Check Notificacion Mensaje, Automatizador clicks on Guardar datos del cliente, Automatizador clicks on Alerta para continuar con la creación del cliente, Automatizador clicks on Boto + de agregar ubicaciones, Automatizador clicks on COnfirmar los mismo datos del usuario registrado, Automatizador enters 'Cl. 118 #19-52' into btón de Ubicación del cliente, Automatizador enters 'Complemento' into btón de complemento del cliente, Automatizador enters 'Bogota' into Departamento, Automatizador clicks on Lista Departamento, Automatizador enters 'bogota' into Ciudad, Automatizador clicks on Lista Ciudad, Automatizador clicks on btón de Guardar direccion del cliente, Automatizador clicks on btón de Continuar con la  direccion del cliente, Automatizador clicks on btón de Volver al formulario del servicio con la  direccion del cliente, Automatizador clicks on Campo de buscar el cliente, Automatizador clicks on Ubicaciones del cliente despues de haber agregado la dirección, Automatizador clicks on Lista Ubicaciones del cliente despues de haber agregado la dirección]], Y se ingresan los siguientes datos del servicio
| Codigo del servicio | Clase servicio | Tipo Servicio | Prioridad | Hora inicio | Hora fin | Zonas | Observacion |
| 01 | Domicilio | Mantenimiento | Alta | 07:00 AM | 05:00 PM | X | Servicio de prueba | [Automatizador enters '01' into Código Servicio, Automatizador enters 'Domicilio' into Clase Servicio, Automatizador clicks on Lista Clase Servicio, Automatizador enters 'Mantenimiento' into Tipo Servicio, Automatizador clicks on Lista Tipo Servicio, Automatizador enters 'Alta' into Selecscionar Prioridad del  Servicio, Automatizador clicks on Lista Selecscionar Prioridad del  Servicio, Automatizador enters '07:00 AM' into Hora de Inicio, Automatizador enters '05:00 PM' into Hora de fin, Automatizador enters 'Servicio de prueba' into Observación], Y se ingresan los siguientes datos del producto
| Serial | Productos | Falla |
| 4800356789212 | Campana Extractora | BOTA AGUA | [Automatizador enters 'Campana Extractora' into Campo Productos, Automatizador clicks on Lista Campo Productos, Automatizador enters 'BOTA AGUA' into Campo Falla, Automatizador clicks on Lista Campo Falla, Automatizador clicks on Botón para guardar el servicio, Automatizador clicks on Alerta para continuar con la creación del cliente], Cuando se crea la orden de servicio [Then qs crear servicio should be a value equal to '2120'], Entonces se verifica que la orden de servicio se ha creado correctamente [Automatizador is cerrar sesion [Automatizador clicks on icono para ver el perfil de cierre de la sesión, Automatizador clicks on Modulo para realizar el cierre de la sesión]]]]
[Test worker] WARN net.thucydides.core.steps.BaseStepListener - Final testOutcomes: [Crear una orden de servicio desde el call center:Example: {TipoID=NIT, Identificacion=X, CodigoCliente=CC-123, Nombre=R. Automotion 3, Email=jhon.quinones@infotrack.com.co, Celular=1234567890, CodigoServicio=01, ClaseServicio=Domicilio, TipoServicio=Mantenimiento, Prioridad=Alta, HoraInicio=07:00 AM, HoraFin=05:00 PM, Zonas=X, Observacion=Servicio de prueba, Serial=4800356789212, Productos=Campana Extractora, Falla=BOTA AGUA, Ubicacion=Cl. 118 #19-52, Complemento=Complemento, Ciudad=bogota, Departamento=Bogota, Dv=7} [Dado que en el call center se desea crear una orden de servicio con los siguientes datos
| Tipo Identificacion | Identificacion | Dv | Codigo cliente | Nombre | Correo electronico | Celular | Ubicacion | Complemento | Ciudad | Departamento |
| NIT | X | 7 | CC-123 | R. Automotion 3 | jhon.quinones@infotrack.com.co | 1234567890 | Cl. 118 #19-52 | Complemento | bogota | Bogota | [Automatizador ts crear servicio01 [Automatizador is abrir pagina [Automatizador opens the Object abrir pagina], Automatizador is login [Automatizador enters 'Automatizador' into Ingrese su usuario, Automatizador enters 'Demo123*' into Ingrese su contrasenia, Automatizador clicks on Iniciar Sesión, Then qs login should be a value equal to '1.6.3'], Automatizador clicks on Modulo principal de Smartwork, Automatizador clicks on Sub-Modulo principal de Gestión de servicios, Automatizador clicks on Botón +  de crear el servicio, Automatizador clicks on Campo Tipo de Identificación, Automatizador clicks on Lista NIT, Automatizador enters '7' into Digito de verificación, Automatizador enters '14021966' into Campo Identificación, Automatizador clicks on Campo de buscar el cliente, Automatizador clicks on Alerta para continuar con la creación del cliente, Automatizador enters 'CC-123' into Campo Código de Cliente, Automatizador enters 'R. Automotion 3' into Campo Nombre, Automatizador enters 'jhon.quinones@infotrack.com.co' into Campo Correo Electrónico, Automatizador enters '1234567890' into Campo Celular, Automatizador clicks on Campo Check Notificacion Correo, Automatizador clicks on Campo Check Notificacion Mensaje, Automatizador clicks on Guardar datos del cliente, Automatizador clicks on Alerta para continuar con la creación del cliente, Automatizador clicks on Boto + de agregar ubicaciones, Automatizador clicks on COnfirmar los mismo datos del usuario registrado, Automatizador enters 'Cl. 118 #19-52' into btón de Ubicación del cliente, Automatizador enters 'Complemento' into btón de complemento del cliente, Automatizador enters 'Bogota' into Departamento, Automatizador clicks on Lista Departamento, Automatizador enters 'bogota' into Ciudad, Automatizador clicks on Lista Ciudad, Automatizador clicks on btón de Guardar direccion del cliente, Automatizador clicks on btón de Continuar con la  direccion del cliente, Automatizador clicks on btón de Volver al formulario del servicio con la  direccion del cliente, Automatizador clicks on Campo de buscar el cliente, Automatizador clicks on Ubicaciones del cliente despues de haber agregado la dirección, Automatizador clicks on Lista Ubicaciones del cliente despues de haber agregado la dirección]], Y se ingresan los siguientes datos del servicio
| Codigo del servicio | Clase servicio | Tipo Servicio | Prioridad | Hora inicio | Hora fin | Zonas | Observacion |
| 01 | Domicilio | Mantenimiento | Alta | 07:00 AM | 05:00 PM | X | Servicio de prueba | [Automatizador enters '01' into Código Servicio, Automatizador enters 'Domicilio' into Clase Servicio, Automatizador clicks on Lista Clase Servicio, Automatizador enters 'Mantenimiento' into Tipo Servicio, Automatizador clicks on Lista Tipo Servicio, Automatizador enters 'Alta' into Selecscionar Prioridad del  Servicio, Automatizador clicks on Lista Selecscionar Prioridad del  Servicio, Automatizador enters '07:00 AM' into Hora de Inicio, Automatizador enters '05:00 PM' into Hora de fin, Automatizador enters 'Servicio de prueba' into Observación], Y se ingresan los siguientes datos del producto
| Serial | Productos | Falla |
| 4800356789212 | Campana Extractora | BOTA AGUA | [Automatizador enters 'Campana Extractora' into Campo Productos, Automatizador clicks on Lista Campo Productos, Automatizador enters 'BOTA AGUA' into Campo Falla, Automatizador clicks on Lista Campo Falla, Automatizador clicks on Botón para guardar el servicio, Automatizador clicks on Alerta para continuar con la creación del cliente], Cuando se crea la orden de servicio [Then qs crear servicio should be a value equal to '2120'], Entonces se verifica que la orden de servicio se ha creado correctamente [Automatizador is cerrar sesion [Automatizador clicks on icono para ver el perfil de cierre de la sesión, Automatizador clicks on Modulo para realizar el cierre de la sesión]]]]
[Test worker] INFO net.thucydides.core.steps.ConsoleLoggingListener - 
        __    _____ _____ ____ _____   ____   _    ____  ____  _____ ____  
  _     \ \  |_   _| ____/ ___|_   _| |  _ \ / \  / ___|/ ___|| ____|  _ \ 
 (_)_____| |   | | |  _| \___ \ | |   | |_) / _ \ \___ \\___ \|  _| | | | |
  _|_____| |   | | | |___ ___) || |   |  __/ ___ \ ___) |___) | |___| |_| |
 (_)     | |   |_| |_____|____/ |_|   |_| /_/   \_\____/|____/|_____|____/ 
        /_/                                                                

TEST PASSED: Crear una orden de servicio desde el call center
----------------------------------------------------------------------------
]]></system-err>
</testsuite>
