<?xml version="1.0" encoding="UTF-8"?>
<testsuite name="Proceso de agendamiento de servicios" tests="1" skipped="0" failures="1" errors="0" timestamp="2023-09-19T02:15:28" hostname="LTBG60836" time="77.642">
  <properties/>
  <testcase name="Crear una orden de servicio desde el call center" classname="Proceso de agendamiento de servicios" time="77.642">
    <failure message="java.lang.AssertionError: &#10;Expected: an element that is visible&#10;     but: no matching element found by xpath: //span[contains(text(),'Smart Work')]" type="java.lang.AssertionError">java.lang.AssertionError: 
Expected: an element that is visible
     but: no matching element found by xpath: //span[contains(text(),'Smart Work')]
	at net.serenitybdd.screenplay.ErrorTally.throwSummaryExceptionFrom(ErrorTally.java:36)
	at net.serenitybdd.screenplay.ErrorTally.reportAnyErrors(ErrorTally.java:30)
	at net.serenitybdd.screenplay.Actor.should(Actor.java:301)
	at net.serenitybdd.screenplay.waits.Wait.performAs(Wait.java:29)
	at net.serenitybdd.screenplay.Actor.performTask(Actor.java:233)
	at net.serenitybdd.screenplay.Actor.perform(Actor.java:214)
	at net.serenitybdd.screenplay.Actor.performSilently(Actor.java:194)
	at net.serenitybdd.screenplay.Actor.attemptsTo(Actor.java:167)
	at co.com.infotrack.smartwork.agendamiento.tasks.tsCrearServicio01.performAs(tsCrearServicio01.java:40)
	at co.com.infotrack.smartwork.agendamiento.tasks.tsCrearServicio01$ByteBuddy$Kyo5QDYv.performAs$accessor$eEAgmq8w(Unknown Source)
	at sun.reflect.NativeMethodAccessorImpl.invoke0(Native Method)
	at sun.reflect.NativeMethodAccessorImpl.invoke(NativeMethodAccessorImpl.java:62)
	at sun.reflect.DelegatingMethodAccessorImpl.invoke(DelegatingMethodAccessorImpl.java:43)
	at java.lang.reflect.Method.invoke(Method.java:498)
	at net.thucydides.core.steps.StepInterceptor.invokeMethod(StepInterceptor.java:471)
	at net.thucydides.core.steps.StepInterceptor.executeTestStepMethod(StepInterceptor.java:451)
	at net.thucydides.core.steps.StepInterceptor.runTestStep(StepInterceptor.java:424)
	at net.thucydides.core.steps.StepInterceptor.runOrSkipMethod(StepInterceptor.java:180)
	at net.thucydides.core.steps.StepInterceptor.testStepResult(StepInterceptor.java:167)
	at net.thucydides.core.steps.StepInterceptor.intercept(StepInterceptor.java:75)
	at co.com.infotrack.smartwork.agendamiento.tasks.tsCrearServicio01$ByteBuddy$Kyo5QDYv.performAs(Unknown Source)
	at net.serenitybdd.screenplay.Actor.performTask(Actor.java:233)
	at net.serenitybdd.screenplay.Actor.perform(Actor.java:214)
	at net.serenitybdd.screenplay.Actor.attemptsTo(Actor.java:171)
	at net.serenitybdd.screenplay.Actor.wasAbleTo(Actor.java:158)
	at co.com.infotrack.smartwork.agendamiento.definition.MyStepdefs.queEnElCallCenterSeDeseaCrearUnaOrdenDeServicioConLosSiguientesDatos(MyStepdefs.java:42)
	at ✽.que en el call center se desea crear una orden de servicio con los siguientes datos(src/test/resources/features/01_Crear_OrdenServicio.feature:8)
</failure>
  </testcase>
  <system-out><![CDATA[]]></system-out>
  <system-err><![CDATA[[Test worker] WARN net.thucydides.core.steps.BaseStepListener - stepStarted: net.thucydides.core.steps.ExecutedStepDescription@c9413d8
[Test worker] WARN net.thucydides.core.steps.BaseStepListener - stepStarted: net.thucydides.core.steps.ExecutedStepDescription@45d6ef73
[Test worker] WARN net.thucydides.core.steps.BaseStepListener - stepStarted: net.thucydides.core.steps.ExecutedStepDescription@351e414e
[Test worker] WARN net.thucydides.core.steps.BaseStepListener - stepStarted: net.thucydides.core.steps.ExecutedStepDescription@4682eba5
sep 18, 2023 9:15:29 PM org.openqa.selenium.remote.DesiredCapabilities chrome
INFORMACIÓN: Using `new ChromeOptions()` is preferred to `DesiredCapabilities.chrome()`
[Test worker] INFO net.serenitybdd.core.webdriver.driverproviders.ProvideNewDriver - Instantiating driver
[Test worker] INFO net.serenitybdd.core.webdriver.driverproviders.ProvideNewDriver - Driver capabilities: Capabilities {acceptInsecureCerts: false, acceptSslCerts: true, browserName: chrome, chrome.switches: --disable-extensions,--star..., goog:chromeOptions: {args: [--disable-extensions, --start-maximized, --test-type, --user-agent=New User Agent], extensions: [], prefs: {pdfjs.disabled: true, profile_default_content_settings.popups: 0}}, handlesAlerts: true, loggingPrefs: org.openqa.selenium.logging..., platform: ANY, version: }
Starting ChromeDriver 116.0.5845.96 (1a391816688002153ef791ffe60d9e899a71a037-refs/branch-heads/5845@{#1382}) on port 47872
Only local connections are allowed.
Please see https://chromedriver.chromium.org/security-considerations for suggestions on keeping ChromeDriver safe.
ChromeDriver was started successfully.
sep 18, 2023 9:15:33 PM org.openqa.selenium.remote.ProtocolHandshake createSession
INFORMACIÓN: Detected dialect: W3C
[Test worker] WARN net.thucydides.core.steps.BaseStepListener - stepFinished: current outcome:Crear una orden de servicio desde el call center:Example: {TipoID=Cedula de ciudadanía, Identificacion=1012848484, CodigoCliente=CC-123, Nombre=Juan Perez, Email=juan@example.com, Celular=1234567890, CodigoServicio=SERV-001, ClaseServicio=Clase A, TipoServicio=Tipo A, Prioridad=Alta, HoraInicio=09:00, HoraFin=13:00, Zonas=Zona 1, Observacion=Servicio de prueba, Serial=1234567, Productos=Producto X, Falla=Falla Y} [Dado que en el call center se desea crear una orden de servicio con los siguientes datos
| Tipo Identificacion | Identificacion | Codigo cliente | Nombre | Correo electronico | Celular |
| Cedula de ciudadanía | 1012848484 | CC-123 | Juan Perez | juan@example.com | 1234567890 | [Automatizador ts crear servicio01 [Automatizador is abrir pagina [Automatizador opens the Object abrir pagina]]]]
[Test worker] WARN net.thucydides.core.steps.BaseStepListener - stepFinished: current outcome:Crear una orden de servicio desde el call center:Example: {TipoID=Cedula de ciudadanía, Identificacion=1012848484, CodigoCliente=CC-123, Nombre=Juan Perez, Email=juan@example.com, Celular=1234567890, CodigoServicio=SERV-001, ClaseServicio=Clase A, TipoServicio=Tipo A, Prioridad=Alta, HoraInicio=09:00, HoraFin=13:00, Zonas=Zona 1, Observacion=Servicio de prueba, Serial=1234567, Productos=Producto X, Falla=Falla Y} [Dado que en el call center se desea crear una orden de servicio con los siguientes datos
| Tipo Identificacion | Identificacion | Codigo cliente | Nombre | Correo electronico | Celular |
| Cedula de ciudadanía | 1012848484 | CC-123 | Juan Perez | juan@example.com | 1234567890 | [Automatizador ts crear servicio01 [Automatizador is abrir pagina [Automatizador opens the Object abrir pagina]]]]
[Test worker] WARN net.thucydides.core.steps.BaseStepListener - stepStarted: net.thucydides.core.steps.ExecutedStepDescription@5568c66f
[Test worker] WARN net.thucydides.core.steps.BaseStepListener - stepStarted: net.thucydides.core.steps.ExecutedStepDescription@448b808a
[Test worker] WARN net.thucydides.core.steps.BaseStepListener - stepFinished: current outcome:Crear una orden de servicio desde el call center:Example: {TipoID=Cedula de ciudadanía, Identificacion=1012848484, CodigoCliente=CC-123, Nombre=Juan Perez, Email=juan@example.com, Celular=1234567890, CodigoServicio=SERV-001, ClaseServicio=Clase A, TipoServicio=Tipo A, Prioridad=Alta, HoraInicio=09:00, HoraFin=13:00, Zonas=Zona 1, Observacion=Servicio de prueba, Serial=1234567, Productos=Producto X, Falla=Falla Y} [Dado que en el call center se desea crear una orden de servicio con los siguientes datos
| Tipo Identificacion | Identificacion | Codigo cliente | Nombre | Correo electronico | Celular |
| Cedula de ciudadanía | 1012848484 | CC-123 | Juan Perez | juan@example.com | 1234567890 | [Automatizador ts crear servicio01 [Automatizador is abrir pagina [Automatizador opens the Object abrir pagina], Automatizador is login [Automatizador enters 'Automatizador' into Ingrese su usuario]]]]
[Test worker] WARN net.thucydides.core.steps.BaseStepListener - stepStarted: net.thucydides.core.steps.ExecutedStepDescription@6fcd31c3
[Test worker] WARN net.thucydides.core.steps.BaseStepListener - stepFinished: current outcome:Crear una orden de servicio desde el call center:Example: {TipoID=Cedula de ciudadanía, Identificacion=1012848484, CodigoCliente=CC-123, Nombre=Juan Perez, Email=juan@example.com, Celular=1234567890, CodigoServicio=SERV-001, ClaseServicio=Clase A, TipoServicio=Tipo A, Prioridad=Alta, HoraInicio=09:00, HoraFin=13:00, Zonas=Zona 1, Observacion=Servicio de prueba, Serial=1234567, Productos=Producto X, Falla=Falla Y} [Dado que en el call center se desea crear una orden de servicio con los siguientes datos
| Tipo Identificacion | Identificacion | Codigo cliente | Nombre | Correo electronico | Celular |
| Cedula de ciudadanía | 1012848484 | CC-123 | Juan Perez | juan@example.com | 1234567890 | [Automatizador ts crear servicio01 [Automatizador is abrir pagina [Automatizador opens the Object abrir pagina], Automatizador is login [Automatizador enters 'Automatizador' into Ingrese su usuario, Automatizador enters 'Demo123*' into Ingrese su contrasenia]]]]
[Test worker] WARN net.thucydides.core.steps.BaseStepListener - stepStarted: net.thucydides.core.steps.ExecutedStepDescription@e829999
[Test worker] WARN net.thucydides.core.steps.BaseStepListener - stepFinished: current outcome:Crear una orden de servicio desde el call center:Example: {TipoID=Cedula de ciudadanía, Identificacion=1012848484, CodigoCliente=CC-123, Nombre=Juan Perez, Email=juan@example.com, Celular=1234567890, CodigoServicio=SERV-001, ClaseServicio=Clase A, TipoServicio=Tipo A, Prioridad=Alta, HoraInicio=09:00, HoraFin=13:00, Zonas=Zona 1, Observacion=Servicio de prueba, Serial=1234567, Productos=Producto X, Falla=Falla Y} [Dado que en el call center se desea crear una orden de servicio con los siguientes datos
| Tipo Identificacion | Identificacion | Codigo cliente | Nombre | Correo electronico | Celular |
| Cedula de ciudadanía | 1012848484 | CC-123 | Juan Perez | juan@example.com | 1234567890 | [Automatizador ts crear servicio01 [Automatizador is abrir pagina [Automatizador opens the Object abrir pagina], Automatizador is login [Automatizador enters 'Automatizador' into Ingrese su usuario, Automatizador enters 'Demo123*' into Ingrese su contrasenia, Automatizador clicks on Iniciar Sesión]]]]
[Test worker] WARN net.thucydides.core.steps.BaseStepListener - stepStarted: net.thucydides.core.steps.ExecutedStepDescription@6f6efa4f
[Test worker] WARN net.thucydides.core.steps.BaseStepListener - stepFinished: current outcome:Crear una orden de servicio desde el call center:Example: {TipoID=Cedula de ciudadanía, Identificacion=1012848484, CodigoCliente=CC-123, Nombre=Juan Perez, Email=juan@example.com, Celular=1234567890, CodigoServicio=SERV-001, ClaseServicio=Clase A, TipoServicio=Tipo A, Prioridad=Alta, HoraInicio=09:00, HoraFin=13:00, Zonas=Zona 1, Observacion=Servicio de prueba, Serial=1234567, Productos=Producto X, Falla=Falla Y} [Dado que en el call center se desea crear una orden de servicio con los siguientes datos
| Tipo Identificacion | Identificacion | Codigo cliente | Nombre | Correo electronico | Celular |
| Cedula de ciudadanía | 1012848484 | CC-123 | Juan Perez | juan@example.com | 1234567890 | [Automatizador ts crear servicio01 [Automatizador is abrir pagina [Automatizador opens the Object abrir pagina], Automatizador is login [Automatizador enters 'Automatizador' into Ingrese su usuario, Automatizador enters 'Demo123*' into Ingrese su contrasenia, Automatizador clicks on Iniciar Sesión, Then qs login should be a value equal to '1.5.6']]]]
[Test worker] WARN net.thucydides.core.steps.BaseStepListener - stepFinished: current outcome:Crear una orden de servicio desde el call center:Example: {TipoID=Cedula de ciudadanía, Identificacion=1012848484, CodigoCliente=CC-123, Nombre=Juan Perez, Email=juan@example.com, Celular=1234567890, CodigoServicio=SERV-001, ClaseServicio=Clase A, TipoServicio=Tipo A, Prioridad=Alta, HoraInicio=09:00, HoraFin=13:00, Zonas=Zona 1, Observacion=Servicio de prueba, Serial=1234567, Productos=Producto X, Falla=Falla Y} [Dado que en el call center se desea crear una orden de servicio con los siguientes datos
| Tipo Identificacion | Identificacion | Codigo cliente | Nombre | Correo electronico | Celular |
| Cedula de ciudadanía | 1012848484 | CC-123 | Juan Perez | juan@example.com | 1234567890 | [Automatizador ts crear servicio01 [Automatizador is abrir pagina [Automatizador opens the Object abrir pagina], Automatizador is login [Automatizador enters 'Automatizador' into Ingrese su usuario, Automatizador enters 'Demo123*' into Ingrese su contrasenia, Automatizador clicks on Iniciar Sesión, Then qs login should be a value equal to '1.5.6']]]]
[Test worker] WARN net.thucydides.core.steps.BaseStepListener - stepStarted: net.thucydides.core.steps.ExecutedStepDescription@b4732dc
[Test worker] WARN net.thucydides.core.steps.BaseStepListener - stepStarted: net.thucydides.core.steps.ExecutedStepDescription@64e7d698
[Test worker] WARN net.thucydides.core.steps.BaseStepListener - stepStarted: net.thucydides.core.steps.ExecutedStepDescription@661d6bb6
[Test worker] WARN net.thucydides.core.steps.BaseStepListener - stepStarted: net.thucydides.core.steps.ExecutedStepDescription@787e4357
[Test worker] WARN net.thucydides.core.steps.BaseStepListener - testFinished: Crear una orden de servicio desde el call center:Example: {TipoID=Cedula de ciudadanía, Identificacion=1012848484, CodigoCliente=CC-123, Nombre=Juan Perez, Email=juan@example.com, Celular=1234567890, CodigoServicio=SERV-001, ClaseServicio=Clase A, TipoServicio=Tipo A, Prioridad=Alta, HoraInicio=09:00, HoraFin=13:00, Zonas=Zona 1, Observacion=Servicio de prueba, Serial=1234567, Productos=Producto X, Falla=Falla Y} [Dado que en el call center se desea crear una orden de servicio con los siguientes datos
| Tipo Identificacion | Identificacion | Codigo cliente | Nombre | Correo electronico | Celular |
| Cedula de ciudadanía | 1012848484 | CC-123 | Juan Perez | juan@example.com | 1234567890 | [Automatizador ts crear servicio01 [Automatizador is abrir pagina [Automatizador opens the Object abrir pagina], Automatizador is login [Automatizador enters 'Automatizador' into Ingrese su usuario, Automatizador enters 'Demo123*' into Ingrese su contrasenia, Automatizador clicks on Iniciar Sesión, Then qs login should be a value equal to '1.5.6']]]], Y se ingresan los siguientes datos del servicio
| Codigo del servicio | Clase servicio | Tipo Servicio | Prioridad | Hora inicio | Hora fin | Zonas | Observacion |
| SERV-001 | Clase A | Tipo A | Alta | 09:00 | 13:00 | Zona 1 | Servicio de prueba |, Y se ingresan los siguientes datos del producto
| Serial | Productos | Falla |
| 1234567 | Producto X | Falla Y |, Cuando se crea la orden de servicio, Entonces se verifica que la orden de servicio se ha creado correctamente
[Test worker] WARN net.thucydides.core.steps.BaseStepListener - TestOutcomes: [Crear una orden de servicio desde el call center:Example: {TipoID=Cedula de ciudadanía, Identificacion=1012848484, CodigoCliente=CC-123, Nombre=Juan Perez, Email=juan@example.com, Celular=1234567890, CodigoServicio=SERV-001, ClaseServicio=Clase A, TipoServicio=Tipo A, Prioridad=Alta, HoraInicio=09:00, HoraFin=13:00, Zonas=Zona 1, Observacion=Servicio de prueba, Serial=1234567, Productos=Producto X, Falla=Falla Y} [Dado que en el call center se desea crear una orden de servicio con los siguientes datos
| Tipo Identificacion | Identificacion | Codigo cliente | Nombre | Correo electronico | Celular |
| Cedula de ciudadanía | 1012848484 | CC-123 | Juan Perez | juan@example.com | 1234567890 | [Automatizador ts crear servicio01 [Automatizador is abrir pagina [Automatizador opens the Object abrir pagina], Automatizador is login [Automatizador enters 'Automatizador' into Ingrese su usuario, Automatizador enters 'Demo123*' into Ingrese su contrasenia, Automatizador clicks on Iniciar Sesión, Then qs login should be a value equal to '1.5.6']]]], Y se ingresan los siguientes datos del servicio
| Codigo del servicio | Clase servicio | Tipo Servicio | Prioridad | Hora inicio | Hora fin | Zonas | Observacion |
| SERV-001 | Clase A | Tipo A | Alta | 09:00 | 13:00 | Zona 1 | Servicio de prueba |, Y se ingresan los siguientes datos del producto
| Serial | Productos | Falla |
| 1234567 | Producto X | Falla Y |, Cuando se crea la orden de servicio, Entonces se verifica que la orden de servicio se ha creado correctamente]
[Test worker] WARN net.thucydides.core.steps.BaseStepListener - Final testOutcomes: [Crear una orden de servicio desde el call center:Example: {TipoID=Cedula de ciudadanía, Identificacion=1012848484, CodigoCliente=CC-123, Nombre=Juan Perez, Email=juan@example.com, Celular=1234567890, CodigoServicio=SERV-001, ClaseServicio=Clase A, TipoServicio=Tipo A, Prioridad=Alta, HoraInicio=09:00, HoraFin=13:00, Zonas=Zona 1, Observacion=Servicio de prueba, Serial=1234567, Productos=Producto X, Falla=Falla Y} [Dado que en el call center se desea crear una orden de servicio con los siguientes datos
| Tipo Identificacion | Identificacion | Codigo cliente | Nombre | Correo electronico | Celular |
| Cedula de ciudadanía | 1012848484 | CC-123 | Juan Perez | juan@example.com | 1234567890 | [Automatizador ts crear servicio01 [Automatizador is abrir pagina [Automatizador opens the Object abrir pagina], Automatizador is login [Automatizador enters 'Automatizador' into Ingrese su usuario, Automatizador enters 'Demo123*' into Ingrese su contrasenia, Automatizador clicks on Iniciar Sesión, Then qs login should be a value equal to '1.5.6']]]], Y se ingresan los siguientes datos del servicio
| Codigo del servicio | Clase servicio | Tipo Servicio | Prioridad | Hora inicio | Hora fin | Zonas | Observacion |
| SERV-001 | Clase A | Tipo A | Alta | 09:00 | 13:00 | Zona 1 | Servicio de prueba |, Y se ingresan los siguientes datos del producto
| Serial | Productos | Falla |
| 1234567 | Producto X | Falla Y |, Cuando se crea la orden de servicio, Entonces se verifica que la orden de servicio se ha creado correctamente]
[Test worker] ERROR net.thucydides.core.steps.ConsoleLoggingListener - 
           __  _____ _____ ____ _____   _____ _    ___ _     _____ ____  
  _       / / |_   _| ____/ ___|_   _| |  ___/ \  |_ _| |   | ____|  _ \ 
 (_)_____| |    | | |  _| \___ \ | |   | |_ / _ \  | || |   |  _| | | | |
  _|_____| |    | | | |___ ___) || |   |  _/ ___ \ | || |___| |___| |_| |
 (_)     | |    |_| |_____|____/ |_|   |_|/_/   \_\___|_____|_____|____/ 
          \_\                                                            

TEST FAILED: Crear una orden de servicio desde el call center
--------------------------------------------------------------------------
[Test worker] ERROR net.thucydides.core.steps.ConsoleLoggingListener - TEST FAILED AT STEP Automatizador ts crear servicio01
[Test worker] ERROR net.thucydides.core.steps.ConsoleLoggingListener - Expected: an element that is visible but: no matching element found by xpath: //span[contains(text(),'Smart Work')]
]]></system-err>
</testsuite>
