<?xml version="1.0" encoding="UTF-8"?>
<testsuite name="Proceso de agendamiento de servicios" tests="1" skipped="0" failures="0" errors="0" timestamp="2023-11-28T02:04:40" hostname="LTBG60836" time="9.29">
  <properties/>
  <testcase name="Agendar una orden de servicio desde el call center con diferentes datos" classname="Proceso de agendamiento de servicios" time="9.29"/>
  <system-out><![CDATA[    ?[32mDado ?[0m?[32mque el usuario tiene acceso al servicio de agendamiento?[0m ?[90m# StepAgendarServicio.queElUsuarioTieneAccesoAlServicioDeAgendamiento()?[0m

  @CP002_Agendamiento_Servicio
  Esquema del escenario: Agendar una orden de servicio desde el call center con diferentes datos ?[90m# src/test/resources/features/02_Agendar_Servicio.feature:18?[0m
Request method:	POST
Request URI:	https://work.infotracktest.com/Servicios/api/Agenda/GuardarAgenda
Proxy:			<none>
Request params:	<none>
Query params:	<none>
Form params:	<none>
Path params:	<none>
Headers:		Authorization=Bearer eyJhbGciOiJIUzI1NiIsInR5cCI6IkpXVCJ9.eyJ1bmlxdWVfbmFtZSI6IkF1dG9tYXRpemFkb3IiLCJJZFVzdWFyaW8iOiJjMWVjNTg5ZC02NTVlLTQyN2EtODFiNS04N2UzODE4OTQ2OGUiLCJuYmYiOjE2OTc3Mjk0MTAsImV4cCI6MTY5NzczMzAxMCwiaWF0IjoxNjk3NzI5NDEwLCJpc3MiOiJodHRwOi8vc2Vydmlkb3IuY29tIiwiYXVkIjoiaHR0cDovL2NsaWVudGUuY29tIn0.ra49k_uLK_ZxdRKq_kSFnS5jHtJc6ooyft10i05o44s
				Accept=*/*
				Content-Type=application/json; charset=utf-8
Cookies:		<none>
Multiparts:		<none>
Body:
{
    "Agenda": {
        "Id": 0,
        "IdServicio": 2125,
        "IdZona": 111,
        "IdCuadrilla": 141,
        "IdEstado": 1,
        "FechaInicio": "2023-11-28 19:00",
        "FechaFin": "2023-11-28 19:30"
    },
    "UsuarioAplicacion": {
        "IdAplicacion": "7f13e4f3-2c53-4875-837c-3a657251098f",
        "IdUsuario": "916bb304-6bfe-4b5e-814e-d80bc7ef9797"
    }
}
    ?[32mCuando ?[0m?[32mel usuario realiza una solicitud de agendamiento con los siguientes datos?[0m             ?[90m# StepAgendarServicio.elUsuarioRealizaUnaSolicitudDeAgendamientoConLosSiguientesDatos(DataTable)?[0m
    ?[32mEntonces ?[0m?[32mla orden de servicio debe ser agendada correctamente?[0m                                ?[90m# StepAgendarServicio.laOrdenDeServicioDebeSerAgendadaCorrectamente()?[0m
]]></system-out>
  <system-err><![CDATA[[Test worker] WARN net.thucydides.core.steps.BaseStepListener - stepStarted: net.thucydides.core.steps.ExecutedStepDescription@14bb2297
[Test worker] WARN net.thucydides.core.steps.BaseStepListener - stepFinished: current outcome:Agendar una orden de servicio desde el call center con diferentes datos:Example: {Id=0, IdServicio=2125, IdZona=111, IdCuadrilla=141, IdEstado=1, FechaInicio=2023-11-28 19:00, FechaFin=2023-11-28 19:30} [Dado que el usuario tiene acceso al servicio de agendamiento]
[Test worker] WARN net.thucydides.core.steps.BaseStepListener - stepStarted: net.thucydides.core.steps.ExecutedStepDescription@61f2c3f0
[Test worker] WARN net.thucydides.core.steps.BaseStepListener - stepStarted: net.thucydides.core.steps.ExecutedStepDescription@762637be
[Test worker] WARN net.thucydides.core.steps.BaseStepListener - stepStarted: net.thucydides.core.steps.ExecutedStepDescription@46aa712c
[Test worker] WARN net.thucydides.core.steps.BaseStepListener - stepStarted: net.thucydides.core.steps.ExecutedStepDescription@459003a0
[Test worker] WARN net.thucydides.core.steps.BaseStepListener - stepFinished: current outcome:Agendar una orden de servicio desde el call center con diferentes datos:Example: {Id=0, IdServicio=2125, IdZona=111, IdCuadrilla=141, IdEstado=1, FechaInicio=2023-11-28 19:00, FechaFin=2023-11-28 19:30} [Dado que el usuario tiene acceso al servicio de agendamiento, Cuando el usuario realiza una solicitud de agendamiento con los siguientes datos
| Id | IdServicio | IdZona | IdCuadrilla | IdEstado | FechaInicio | FechaFin |
| 0 | 2125 | 111 | 141 | 1 | 2023-11-28 19:00 | 2023-11-28 19:30 | [Automatizador ts agendar servicio [Automatizador executes a POST on the resource  [POST https://work.infotracktest.com/Servicios/api/Agenda/GuardarAgenda]]]]
[Test worker] WARN net.thucydides.core.steps.BaseStepListener - stepFinished: current outcome:Agendar una orden de servicio desde el call center con diferentes datos:Example: {Id=0, IdServicio=2125, IdZona=111, IdCuadrilla=141, IdEstado=1, FechaInicio=2023-11-28 19:00, FechaFin=2023-11-28 19:30} [Dado que el usuario tiene acceso al servicio de agendamiento, Cuando el usuario realiza una solicitud de agendamiento con los siguientes datos
| Id | IdServicio | IdZona | IdCuadrilla | IdEstado | FechaInicio | FechaFin |
| 0 | 2125 | 111 | 141 | 1 | 2023-11-28 19:00 | 2023-11-28 19:30 | [Automatizador ts agendar servicio [Automatizador executes a POST on the resource  [POST https://work.infotracktest.com/Servicios/api/Agenda/GuardarAgenda]]]]
[Test worker] WARN net.thucydides.core.steps.BaseStepListener - stepStarted: net.thucydides.core.steps.ExecutedStepDescription@6637a365
[Test worker] WARN net.thucydides.core.steps.BaseStepListener - stepFinished: current outcome:Agendar una orden de servicio desde el call center con diferentes datos:Example: {Id=0, IdServicio=2125, IdZona=111, IdCuadrilla=141, IdEstado=1, FechaInicio=2023-11-28 19:00, FechaFin=2023-11-28 19:30} [Dado que el usuario tiene acceso al servicio de agendamiento, Cuando el usuario realiza una solicitud de agendamiento con los siguientes datos
| Id | IdServicio | IdZona | IdCuadrilla | IdEstado | FechaInicio | FechaFin |
| 0 | 2125 | 111 | 141 | 1 | 2023-11-28 19:00 | 2023-11-28 19:30 | [Automatizador ts agendar servicio [Automatizador executes a POST on the resource  [POST https://work.infotracktest.com/Servicios/api/Agenda/GuardarAgenda], Validaci&oacute;n codigo de respuesta y creaci&oacute;n del servicio :2125]]]
[Test worker] WARN net.thucydides.core.steps.BaseStepListener - stepFinished: current outcome:Agendar una orden de servicio desde el call center con diferentes datos:Example: {Id=0, IdServicio=2125, IdZona=111, IdCuadrilla=141, IdEstado=1, FechaInicio=2023-11-28 19:00, FechaFin=2023-11-28 19:30} [Dado que el usuario tiene acceso al servicio de agendamiento, Cuando el usuario realiza una solicitud de agendamiento con los siguientes datos
| Id | IdServicio | IdZona | IdCuadrilla | IdEstado | FechaInicio | FechaFin |
| 0 | 2125 | 111 | 141 | 1 | 2023-11-28 19:00 | 2023-11-28 19:30 | [Automatizador ts agendar servicio [Automatizador executes a POST on the resource  [POST https://work.infotracktest.com/Servicios/api/Agenda/GuardarAgenda], Validaci&oacute;n codigo de respuesta y creaci&oacute;n del servicio :2125]]]
[Test worker] WARN net.thucydides.core.steps.BaseStepListener - stepFinished: current outcome:Agendar una orden de servicio desde el call center con diferentes datos:Example: {Id=0, IdServicio=2125, IdZona=111, IdCuadrilla=141, IdEstado=1, FechaInicio=2023-11-28 19:00, FechaFin=2023-11-28 19:30} [Dado que el usuario tiene acceso al servicio de agendamiento, Cuando el usuario realiza una solicitud de agendamiento con los siguientes datos
| Id | IdServicio | IdZona | IdCuadrilla | IdEstado | FechaInicio | FechaFin |
| 0 | 2125 | 111 | 141 | 1 | 2023-11-28 19:00 | 2023-11-28 19:30 | [Automatizador ts agendar servicio [Automatizador executes a POST on the resource  [POST https://work.infotracktest.com/Servicios/api/Agenda/GuardarAgenda], Validaci&oacute;n codigo de respuesta y creaci&oacute;n del servicio :2125]]]
[Test worker] WARN net.thucydides.core.steps.BaseStepListener - stepStarted: net.thucydides.core.steps.ExecutedStepDescription@55361f03
[Test worker] WARN net.thucydides.core.steps.BaseStepListener - stepStarted: net.thucydides.core.steps.ExecutedStepDescription@23bd0c81
[Test worker] WARN net.thucydides.core.steps.BaseStepListener - stepFinished: current outcome:Agendar una orden de servicio desde el call center con diferentes datos:Example: {Id=0, IdServicio=2125, IdZona=111, IdCuadrilla=141, IdEstado=1, FechaInicio=2023-11-28 19:00, FechaFin=2023-11-28 19:30} [Dado que el usuario tiene acceso al servicio de agendamiento, Cuando el usuario realiza una solicitud de agendamiento con los siguientes datos
| Id | IdServicio | IdZona | IdCuadrilla | IdEstado | FechaInicio | FechaFin |
| 0 | 2125 | 111 | 141 | 1 | 2023-11-28 19:00 | 2023-11-28 19:30 | [Automatizador ts agendar servicio [Automatizador executes a POST on the resource  [POST https://work.infotracktest.com/Servicios/api/Agenda/GuardarAgenda], Validaci&oacute;n codigo de respuesta y creaci&oacute;n del servicio :2125]], Entonces la orden de servicio debe ser agendada correctamente [Then response question should be (200)]]
[Test worker] WARN net.thucydides.core.steps.BaseStepListener - stepFinished: current outcome:Agendar una orden de servicio desde el call center con diferentes datos:Example: {Id=0, IdServicio=2125, IdZona=111, IdCuadrilla=141, IdEstado=1, FechaInicio=2023-11-28 19:00, FechaFin=2023-11-28 19:30} [Dado que el usuario tiene acceso al servicio de agendamiento, Cuando el usuario realiza una solicitud de agendamiento con los siguientes datos
| Id | IdServicio | IdZona | IdCuadrilla | IdEstado | FechaInicio | FechaFin |
| 0 | 2125 | 111 | 141 | 1 | 2023-11-28 19:00 | 2023-11-28 19:30 | [Automatizador ts agendar servicio [Automatizador executes a POST on the resource  [POST https://work.infotracktest.com/Servicios/api/Agenda/GuardarAgenda], Validaci&oacute;n codigo de respuesta y creaci&oacute;n del servicio :2125]], Entonces la orden de servicio debe ser agendada correctamente [Then response question should be (200)]]
[Test worker] WARN net.thucydides.core.steps.BaseStepListener - stepFinished: current outcome:Agendar una orden de servicio desde el call center con diferentes datos:Example: {Id=0, IdServicio=2125, IdZona=111, IdCuadrilla=141, IdEstado=1, FechaInicio=2023-11-28 19:00, FechaFin=2023-11-28 19:30} [Dado que el usuario tiene acceso al servicio de agendamiento, Cuando el usuario realiza una solicitud de agendamiento con los siguientes datos
| Id | IdServicio | IdZona | IdCuadrilla | IdEstado | FechaInicio | FechaFin |
| 0 | 2125 | 111 | 141 | 1 | 2023-11-28 19:00 | 2023-11-28 19:30 | [Automatizador ts agendar servicio [Automatizador executes a POST on the resource  [POST https://work.infotracktest.com/Servicios/api/Agenda/GuardarAgenda], Validaci&oacute;n codigo de respuesta y creaci&oacute;n del servicio :2125]], Entonces la orden de servicio debe ser agendada correctamente [Then response question should be (200)]]
[Test worker] WARN net.thucydides.core.steps.BaseStepListener - testFinished: Agendar una orden de servicio desde el call center con diferentes datos:Example: {Id=0, IdServicio=2125, IdZona=111, IdCuadrilla=141, IdEstado=1, FechaInicio=2023-11-28 19:00, FechaFin=2023-11-28 19:30} [Dado que el usuario tiene acceso al servicio de agendamiento, Cuando el usuario realiza una solicitud de agendamiento con los siguientes datos
| Id | IdServicio | IdZona | IdCuadrilla | IdEstado | FechaInicio | FechaFin |
| 0 | 2125 | 111 | 141 | 1 | 2023-11-28 19:00 | 2023-11-28 19:30 | [Automatizador ts agendar servicio [Automatizador executes a POST on the resource  [POST https://work.infotracktest.com/Servicios/api/Agenda/GuardarAgenda], Validaci&oacute;n codigo de respuesta y creaci&oacute;n del servicio :2125]], Entonces la orden de servicio debe ser agendada correctamente [Then response question should be (200)]]
[Test worker] WARN net.thucydides.core.steps.BaseStepListener - TestOutcomes: [Agendar una orden de servicio desde el call center con diferentes datos:Example: {Id=0, IdServicio=2125, IdZona=111, IdCuadrilla=141, IdEstado=1, FechaInicio=2023-11-28 19:00, FechaFin=2023-11-28 19:30} [Dado que el usuario tiene acceso al servicio de agendamiento, Cuando el usuario realiza una solicitud de agendamiento con los siguientes datos
| Id | IdServicio | IdZona | IdCuadrilla | IdEstado | FechaInicio | FechaFin |
| 0 | 2125 | 111 | 141 | 1 | 2023-11-28 19:00 | 2023-11-28 19:30 | [Automatizador ts agendar servicio [Automatizador executes a POST on the resource  [POST https://work.infotracktest.com/Servicios/api/Agenda/GuardarAgenda], Validaci&oacute;n codigo de respuesta y creaci&oacute;n del servicio :2125]], Entonces la orden de servicio debe ser agendada correctamente [Then response question should be (200)]]]
[Test worker] WARN net.thucydides.core.steps.BaseStepListener - Final testOutcomes: [Agendar una orden de servicio desde el call center con diferentes datos:Example: {Id=0, IdServicio=2125, IdZona=111, IdCuadrilla=141, IdEstado=1, FechaInicio=2023-11-28 19:00, FechaFin=2023-11-28 19:30} [Dado que el usuario tiene acceso al servicio de agendamiento, Cuando el usuario realiza una solicitud de agendamiento con los siguientes datos
| Id | IdServicio | IdZona | IdCuadrilla | IdEstado | FechaInicio | FechaFin |
| 0 | 2125 | 111 | 141 | 1 | 2023-11-28 19:00 | 2023-11-28 19:30 | [Automatizador ts agendar servicio [Automatizador executes a POST on the resource  [POST https://work.infotracktest.com/Servicios/api/Agenda/GuardarAgenda], Validaci&oacute;n codigo de respuesta y creaci&oacute;n del servicio :2125]], Entonces la orden de servicio debe ser agendada correctamente [Then response question should be (200)]]]
[Test worker] INFO net.thucydides.core.steps.ConsoleLoggingListener - 
        __    _____ _____ ____ _____   ____   _    ____  ____  _____ ____  
  _     \ \  |_   _| ____/ ___|_   _| |  _ \ / \  / ___|/ ___|| ____|  _ \ 
 (_)_____| |   | | |  _| \___ \ | |   | |_) / _ \ \___ \\___ \|  _| | | | |
  _|_____| |   | | | |___ ___) || |   |  __/ ___ \ ___) |___) | |___| |_| |
 (_)     | |   |_| |_____|____/ |_|   |_| /_/   \_\____/|____/|_____|____/ 
        /_/                                                                

TEST PASSED: Agendar una orden de servicio desde el call center con diferentes datos
----------------------------------------------------------------------------
]]></system-err>
</testsuite>
